PRT1
448
1124
4 0 19 (1118 0 418 ) (1024 0 418 ) (1024 0 56 ) (1118 0 56 ) 
4 0 2 (1024 0 56 ) (1024 0 418 ) (1024 64 418 ) (1024 64 56 ) 
4 0 1 (1024 64 418 ) (1024 456 418 ) (1024 456 56 ) (1024 64 56 ) 
4 1 84 (0 64 56 ) (0 64 418 ) (0 456 418 ) (0 456 56 ) 
4 1 5 (41 64 122 ) (89 64 122 ) (89 64 210 ) (41 64 210 ) 
4 1 4 (136 64 418 ) (0 64 418 ) (0 64 224 ) (136 64 224 ) 
4 1 3 (148 64 418 ) (136 64 418 ) (136 64 224 ) (148 64 224 ) 
4 1 2 (1024 64 56 ) (1024 64 418 ) (148 64 418 ) (148 64 56 ) 
4 2 73 (1024 0 56 ) (1024 0 94 ) (148 0 94 ) (148 0 56 ) 
4 2 71 (1024 0 94 ) (1024 0 100 ) (148 0 100 ) (148 0 94 ) 
4 2 57 (1024 0 100 ) (1024 0 104 ) (148 0 104 ) (148 0 100 ) 
4 2 27 (1024 0 104 ) (1024 0 216 ) (148 0 216 ) (148 0 104 ) 
4 2 25 (1024 0 216 ) (1024 0 224 ) (148 0 224 ) (148 0 216 ) 
4 2 20 (1024 0 224 ) (1024 0 418 ) (148 0 418 ) (148 0 224 ) 
4 2 3 (148 64 418 ) (148 64 224 ) (148 0 224 ) (148 0 418 ) 
4 3 20 (148 0 224 ) (148 0 418 ) (136 0 418 ) (136 0 224 ) 
4 3 6 (136 48 224 ) (136 0 224 ) (136 0 418 ) (136 48 418 ) 
4 3 4 (136 64 418 ) (136 64 224 ) (136 48 224 ) (136 48 418 ) 
4 4 85 (0 64 418 ) (0 64 224 ) (0 48 224 ) (0 48 418 ) 
4 4 6 (0 48 418 ) (0 48 224 ) (136 48 224 ) (136 48 418 ) 
4 5 10 (41 48 122 ) (89 48 122 ) (89 48 210 ) (41 48 210 ) 
4 6 94 (0 0 224 ) (0 0 418 ) (0 48 418 ) (0 48 224 ) 
4 6 22 (0 0 280 ) (0 0 224 ) (56 0 224 ) (56 0 280 ) 
4 6 21 (56 0 418 ) (0 0 418 ) (0 0 280 ) (56 0 280 ) 
4 6 20 (136 0 224 ) (136 0 418 ) (56 0 418 ) (56 0 224 ) 
4 7 106 (0 0 214 ) (0 0 216 ) (0 46 216 ) (0 46 214 ) 
4 7 96 (0 46 216 ) (0 48 216 ) (0 48 214 ) (0 46 214 ) 
4 7 30 (136 0 214 ) (136 0 216 ) (0 0 216 ) (0 0 214 ) 
4 7 9 (0 48 214 ) (37 48 214 ) (37 46 214 ) (0 46 214 ) 
4 7 8 (93 48 214 ) (136 48 214 ) (136 46 214 ) (93 46 214 ) 
4 7 12 (136 46 214 ) (136 0 214 ) (0 0 214 ) (0 46 214 ) 
4 8 13 (136 48 122 ) (136 46 122 ) (93 46 122 ) (93 48 122 ) 
4 8 12 (93 46 122 ) (136 46 122 ) (136 46 214 ) (93 46 214 ) 
4 9 98 (0 46 214 ) (0 48 214 ) (0 48 210 ) (0 46 210 ) 
4 9 11 (0 48 210 ) (37 48 210 ) (37 46 210 ) (0 46 210 ) 
4 9 12 (37 46 214 ) (0 46 214 ) (0 46 210 ) (37 46 210 ) 
4 10 12 (41 46 122 ) (89 46 122 ) (89 46 210 ) (41 46 210 ) 
4 11 98 (0 48 210 ) (0 48 122 ) (0 46 122 ) (0 46 210 ) 
4 11 17 (37 46 122 ) (0 46 122 ) (0 48 122 ) (37 48 122 ) 
4 11 12 (0 46 122 ) (37 46 122 ) (37 46 210 ) (0 46 210 ) 
4 12 106 (0 0 122 ) (0 0 214 ) (0 46 214 ) (0 46 122 ) 
4 12 30 (136 0 122 ) (136 0 214 ) (0 0 214 ) (0 0 122 ) 
4 12 16 (93 0 122 ) (37 0 122 ) (37 44 122 ) (93 44 122 ) 
4 12 13 (136 46 122 ) (136 0 122 ) (93 0 122 ) (93 46 122 ) 
4 12 17 (37 0 122 ) (0 0 122 ) (0 46 122 ) (37 46 122 ) 
4 13 59 (136 0 100 ) (136 0 104 ) (93 0 104 ) (93 0 100 ) 
4 13 30 (136 0 104 ) (136 0 122 ) (93 0 122 ) (93 0 104 ) 
3 13 14 (93 46 118 ) (93 44 118 ) (93 44 121 ) 
4 13 15 (93 48 118 ) (93 48 100 ) (93 44 100 ) (93 44 118 ) 
4 13 16 (93 44 100 ) (93 0 100 ) (93 0 122 ) (93 44 122 ) 
4 14 15 (93 44 118 ) (37 44 118 ) (37 46 118 ) (93 46 118 ) 
3 14 17 (37 46 118 ) (37 44 118 ) (37 44 121 ) 
4 14 16 (37 44 121 ) (37 44 118 ) (93 44 118 ) (93 44 121 ) 
4 15 16 (37 44 118 ) (37 44 100 ) (93 44 100 ) (93 44 118 ) 
4 15 17 (37 48 118 ) (37 48 100 ) (37 44 100 ) (37 44 118 ) 
4 16 59 (37 0 104 ) (37 0 100 ) (93 0 100 ) (93 0 104 ) 
4 16 30 (93 0 122 ) (37 0 122 ) (37 0 104 ) (93 0 104 ) 
4 16 17 (37 44 100 ) (37 0 100 ) (37 0 122 ) (37 44 122 ) 
4 17 122 (0 0 100 ) (0 0 122 ) (0 48 122 ) (0 48 100 ) 
4 17 59 (0 0 104 ) (0 0 100 ) (37 0 100 ) (37 0 104 ) 
4 17 30 (37 0 122 ) (0 0 122 ) (0 0 104 ) (37 0 104 ) 
4 18 146 (0 0 -28 ) (0 0 56 ) (0 48 56 ) (0 48 -28 ) 
4 18 142 (0 0 56 ) (0 0 94 ) (0 48 94 ) (0 48 56 ) 
4 18 74 (136 0 -28 ) (136 0 94 ) (0 0 94 ) (0 0 -28 ) 
4 19 83 (1024 -642 56 ) (1024 -992 56 ) (1024 -992 94 ) (1024 -642 94 ) 
4 19 81 (1024 -634 56 ) (1024 -642 56 ) (1024 -642 94 ) (1024 -634 94 ) 
4 19 78 (1024 -592 56 ) (1024 -634 56 ) (1024 -634 94 ) (1024 -592 94 ) 
4 19 76 (1024 -580 56 ) (1024 -592 56 ) (1024 -592 94 ) (1024 -580 94 ) 
4 19 73 (1024 0 94 ) (1024 0 56 ) (1024 -580 56 ) (1024 -580 94 ) 
4 19 71 (1024 0 100 ) (1024 0 94 ) (1024 -992 94 ) (1024 -992 100 ) 
4 19 57 (1024 0 104 ) (1024 0 100 ) (1024 -992 100 ) (1024 -992 104 ) 
4 19 51 (1024 -592 104 ) (1024 -992 104 ) (1024 -992 216 ) (1024 -592 216 ) 
4 19 49 (1024 -580 104 ) (1024 -592 104 ) (1024 -592 216 ) (1024 -580 216 ) 
4 19 27 (1024 0 216 ) (1024 0 104 ) (1024 -580 104 ) (1024 -580 216 ) 
4 19 25 (1024 0 224 ) (1024 0 216 ) (1024 -992 216 ) (1024 -992 224 ) 
4 19 24 (1024 -512 224 ) (1024 -992 224 ) (1024 -992 418 ) (1024 -512 418 ) 
4 19 20 (1024 0 418 ) (1024 0 224 ) (1024 -512 224 ) (1024 -512 418 ) 
4 20 25 (148 0 224 ) (1024 0 224 ) (1024 -512 224 ) (148 -512 224 ) 
4 20 24 (56 -512 224 ) (1024 -512 224 ) (1024 -512 418 ) (56 -512 418 ) 
4 20 23 (56 -444 224 ) (56 -504 224 ) (56 -504 266 ) (56 -444 266 ) 
4 20 22 (56 0 224 ) (56 -28 224 ) (56 -28 280 ) (56 0 280 ) 
4 20 21 (56 -512 280 ) (56 -512 418 ) (56 0 418 ) (56 0 280 ) 
4 21 149 (0 -444 280 ) (0 -512 280 ) (0 -512 418 ) (0 -444 418 ) 
4 21 147 (0 0 418 ) (0 0 280 ) (0 -444 280 ) (0 -444 418 ) 
4 21 24 (0 -512 418 ) (0 -512 280 ) (56 -512 280 ) (56 -512 418 ) 
4 21 22 (0 0 280 ) (56 0 280 ) (56 -28 280 ) (0 -28 280 ) 
4 22 148 (0 0 280 ) (0 0 224 ) (0 -28 224 ) (0 -28 280 ) 
4 23 152 (0 -444 224 ) (0 -504 224 ) (0 -504 252 ) (0 -444 252 ) 
4 23 151 (0 -504 252 ) (0 -504 266 ) (0 -444 266 ) (0 -444 252 ) 
4 24 184 (0 -992 418 ) (0 -784 418 ) (0 -784 224 ) (0 -992 224 ) 
4 24 171 (0 -784 418 ) (0 -512 418 ) (0 -512 224 ) (0 -784 224 ) 
4 24 26 (0 -992 224 ) (0 -592 224 ) (148 -592 224 ) (148 -992 224 ) 
4 24 25 (148 -512 224 ) (1024 -512 224 ) (1024 -992 224 ) (148 -992 224 ) 
4 25 53 (148 -700 216 ) (148 -675 216 ) (181 -675 216 ) (181 -700 216 ) 
4 25 52 (148 -675 216 ) (148 -592 216 ) (181 -592 216 ) (181 -675 216 ) 
4 25 55 (181 -992 216 ) (148 -992 216 ) (148 -700 216 ) (181 -700 216 ) 
4 25 51 (1024 -592 216 ) (1024 -992 216 ) (181 -992 216 ) (181 -592 216 ) 
4 25 49 (1024 -580 216 ) (1024 -592 216 ) (148 -592 216 ) (148 -580 216 ) 
4 25 27 (148 0 216 ) (1024 0 216 ) (1024 -580 216 ) (148 -580 216 ) 
4 25 26 (148 -592 216 ) (148 -992 216 ) (148 -992 224 ) (148 -592 224 ) 
4 26 184 (0 -992 224 ) (0 -784 224 ) (0 -784 216 ) (0 -992 216 ) 
4 26 172 (0 -784 224 ) (0 -592 224 ) (0 -592 216 ) (0 -784 216 ) 
4 26 53 (148 -675 216 ) (148 -700 216 ) (133 -700 216 ) (133 -675 216 ) 
4 26 52 (133 -592 216 ) (148 -592 216 ) (148 -675 216 ) (133 -675 216 ) 
4 26 55 (148 -700 216 ) (148 -992 216 ) (133 -992 216 ) (133 -700 216 ) 
4 26 56 (0 -992 216 ) (0 -592 216 ) (133 -592 216 ) (133 -992 216 ) 
4 27 57 (148 0 104 ) (1024 0 104 ) (1024 -580 104 ) (148 -580 104 ) 
4 27 49 (148 -580 104 ) (1024 -580 104 ) (1024 -580 216 ) (148 -580 216 ) 
4 27 29 (148 -562 201 ) (148 -530 201 ) (148 -530 177 ) (148 -562 177 ) 
4 27 28 (148 -412 161 ) (148 -412 193 ) (148 -388 193 ) (148 -388 161 ) 
4 28 38 (136 -412 161 ) (136 -412 193 ) (136 -388 193 ) (136 -388 161 ) 
4 29 41 (136 -562 201 ) (136 -530 201 ) (136 -530 177 ) (136 -562 177 ) 
4 30 193 (0 0 133 ) (0 0 104 ) (0 -170 104 ) (0 -170 133 ) 
4 30 185 (0 -170 216 ) (0 0 216 ) (0 0 133 ) (0 -170 133 ) 
4 30 59 (0 -170 104 ) (0 0 104 ) (136 0 104 ) (136 -170 104 ) 
4 30 31 (28 -170 104 ) (92 -170 104 ) (92 -170 207 ) (28 -170 207 ) 
4 31 60 (28 -170 104 ) (92 -170 104 ) (92 -178 104 ) (28 -178 104 ) 
4 31 32 (28 -178 104 ) (92 -178 104 ) (92 -178 207 ) (28 -178 207 ) 
4 32 194 (0 -178 133 ) (0 -178 104 ) (0 -288 104 ) (0 -288 133 ) 
4 32 186 (0 -288 216 ) (0 -178 216 ) (0 -178 133 ) (0 -288 133 ) 
4 32 61 (0 -288 104 ) (0 -178 104 ) (136 -178 104 ) (136 -288 104 ) 
4 32 34 (28 -288 104 ) (93 -288 104 ) (93 -288 209 ) (28 -288 209 ) 
4 33 36 (136 -300 209 ) (136 -300 216 ) (80 -300 216 ) (80 -300 209 ) 
4 33 37 (80 -300 216 ) (12 -300 216 ) (12 -300 209 ) (80 -300 209 ) 
4 33 35 (136 -300 209 ) (12 -300 209 ) (12 -296 209 ) (136 -296 209 ) 
4 34 62 (28 -288 104 ) (93 -288 104 ) (93 -296 104 ) (28 -296 104 ) 
4 34 35 (93 -296 209 ) (28 -296 209 ) (28 -296 104 ) (93 -296 104 ) 
4 35 63 (136 -296 104 ) (136 -300 104 ) (12 -300 104 ) (12 -296 104 ) 
4 35 36 (80 -300 104 ) (136 -300 104 ) (136 -300 209 ) (80 -300 209 ) 
4 35 37 (12 -300 104 ) (80 -300 104 ) (80 -300 209 ) (12 -300 209 ) 
4 36 64 (80 -300 104 ) (136 -300 104 ) (136 -356 104 ) (80 -356 104 ) 
4 36 37 (80 -300 216 ) (80 -300 104 ) (80 -356 104 ) (80 -356 216 ) 
4 37 65 (12 -300 104 ) (80 -300 104 ) (80 -368 104 ) (12 -368 104 ) 
4 37 38 (76 -368 104 ) (80 -368 104 ) (80 -368 216 ) (76 -368 216 ) 
4 37 40 (12 -368 216 ) (12 -368 104 ) (76 -368 104 ) (76 -368 216 ) 
4 38 66 (136 -368 104 ) (136 -456 104 ) (76 -456 104 ) (76 -368 104 ) 
4 38 40 (76 -368 216 ) (76 -368 104 ) (76 -456 104 ) (76 -456 216 ) 
4 39 67 (136 -468 104 ) (136 -500 104 ) (76 -500 104 ) (76 -468 104 ) 
4 39 40 (76 -468 104 ) (76 -500 104 ) (76 -500 216 ) (76 -468 216 ) 
4 40 68 (76 -500 104 ) (12 -500 104 ) (12 -368 104 ) (76 -368 104 ) 
4 41 69 (44 -512 104 ) (136 -512 104 ) (136 -580 104 ) (44 -580 104 ) 
3 41 47 (44 -576 122 ) (44 -576 119 ) (44 -578 119 ) 
4 41 48 (44 -576 104 ) (44 -580 104 ) (44 -580 119 ) (44 -576 119 ) 
4 41 46 (44 -512 123 ) (44 -512 104 ) (44 -576 104 ) (44 -576 123 ) 
4 41 44 (44 -512 211 ) (44 -512 123 ) (44 -578 123 ) (44 -578 211 ) 
4 41 43 (44 -580 215 ) (44 -580 216 ) (44 -578 216 ) (44 -578 215 ) 
4 41 42 (44 -512 216 ) (44 -512 211 ) (44 -578 211 ) (44 -578 216 ) 
4 42 227 (0 -578 216 ) (0 -512 216 ) (0 -512 211 ) (0 -578 211 ) 
4 42 44 (40 -512 211 ) (44 -512 211 ) (44 -578 211 ) (40 -578 211 ) 
4 42 45 (0 -512 211 ) (40 -512 211 ) (40 -578 211 ) (0 -578 211 ) 
4 42 43 (44 -578 215 ) (44 -578 216 ) (0 -578 216 ) (0 -578 215 ) 
4 43 228 (0 -580 216 ) (0 -578 216 ) (0 -578 215 ) (0 -580 215 ) 
4 44 46 (40 -512 123 ) (44 -512 123 ) (44 -576 123 ) (40 -576 123 ) 
4 44 45 (40 -512 123 ) (40 -578 123 ) (40 -578 211 ) (40 -512 211 ) 
4 45 229 (0 -578 123 ) (0 -580 123 ) (0 -580 211 ) (0 -578 211 ) 
4 45 227 (0 -512 211 ) (0 -512 123 ) (0 -578 123 ) (0 -578 211 ) 
4 45 50 (40 -580 211 ) (0 -580 211 ) (0 -580 123 ) (40 -580 123 ) 
4 45 46 (0 -512 123 ) (40 -512 123 ) (40 -576 123 ) (0 -576 123 ) 
4 46 233 (0 -512 123 ) (0 -512 104 ) (0 -576 104 ) (0 -576 123 ) 
4 46 69 (0 -576 104 ) (0 -512 104 ) (44 -512 104 ) (44 -576 104 ) 
4 46 47 (44 -576 119 ) (44 -576 122 ) (0 -576 122 ) (0 -576 119 ) 
4 46 48 (0 -576 104 ) (44 -576 104 ) (44 -576 119 ) (0 -576 119 ) 
3 47 234 (0 -576 122 ) (0 -576 119 ) (0 -578 119 ) 
4 47 48 (0 -576 119 ) (44 -576 119 ) (44 -578 119 ) (0 -578 119 ) 
4 48 235 (0 -576 104 ) (0 -580 104 ) (0 -580 119 ) (0 -576 119 ) 
4 48 69 (0 -580 104 ) (0 -576 104 ) (44 -576 104 ) (44 -580 104 ) 
4 49 57 (148 -580 104 ) (1024 -580 104 ) (1024 -592 104 ) (148 -592 104 ) 
4 49 52 (148 -592 104 ) (181 -592 104 ) (181 -592 216 ) (148 -592 216 ) 
4 49 51 (181 -592 104 ) (1024 -592 104 ) (1024 -592 216 ) (181 -592 216 ) 
4 50 248 (0 -580 211 ) (0 -580 123 ) (0 -592 123 ) (0 -592 211 ) 
4 50 56 (40 -592 123 ) (40 -592 211 ) (0 -592 211 ) (0 -592 123 ) 
4 51 57 (181 -592 104 ) (1024 -592 104 ) (1024 -992 104 ) (181 -992 104 ) 
4 51 53 (181 -700 211 ) (181 -700 216 ) (181 -675 216 ) (181 -675 211 ) 
4 51 54 (181 -675 104 ) (181 -700 104 ) (181 -700 123 ) (181 -675 123 ) 
4 51 52 (181 -592 216 ) (181 -592 104 ) (181 -675 104 ) (181 -675 216 ) 
4 51 55 (181 -700 104 ) (181 -992 104 ) (181 -992 216 ) (181 -700 216 ) 
4 52 70 (133 -592 104 ) (136 -592 104 ) (136 -675 104 ) (133 -675 104 ) 
4 52 58 (136 -592 104 ) (148 -592 104 ) (148 -675 104 ) (136 -675 104 ) 
4 52 57 (148 -592 104 ) (181 -592 104 ) (181 -675 104 ) (148 -675 104 ) 
4 52 53 (133 -675 216 ) (133 -675 211 ) (181 -675 211 ) (181 -675 216 ) 
4 52 54 (133 -675 123 ) (133 -675 104 ) (181 -675 104 ) (181 -675 123 ) 
4 52 56 (133 -592 216 ) (133 -592 104 ) (133 -675 104 ) (133 -675 216 ) 
4 53 55 (133 -700 216 ) (133 -700 211 ) (181 -700 211 ) (181 -700 216 ) 
4 53 56 (133 -700 211 ) (133 -700 216 ) (133 -675 216 ) (133 -675 211 ) 
4 54 70 (136 -700 104 ) (133 -700 104 ) (133 -675 104 ) (136 -675 104 ) 
4 54 58 (148 -700 104 ) (136 -700 104 ) (136 -675 104 ) (148 -675 104 ) 
4 54 57 (181 -675 104 ) (181 -700 104 ) (148 -700 104 ) (148 -675 104 ) 
4 54 56 (133 -675 104 ) (133 -700 104 ) (133 -700 123 ) (133 -675 123 ) 
4 54 55 (133 -700 123 ) (133 -700 104 ) (181 -700 104 ) (181 -700 123 ) 
4 55 70 (136 -992 104 ) (133 -992 104 ) (133 -700 104 ) (136 -700 104 ) 
4 55 58 (148 -992 104 ) (136 -992 104 ) (136 -700 104 ) (148 -700 104 ) 
4 55 57 (181 -700 104 ) (181 -992 104 ) (148 -992 104 ) (148 -700 104 ) 
4 55 56 (133 -700 104 ) (133 -992 104 ) (133 -992 216 ) (133 -700 216 ) 
4 56 250 (0 -992 216 ) (0 -592 216 ) (0 -592 104 ) (0 -992 104 ) 
4 56 70 (0 -992 104 ) (0 -592 104 ) (133 -592 104 ) (133 -992 104 ) 
4 57 71 (148 0 100 ) (1024 0 100 ) (1024 -992 100 ) (148 -992 100 ) 
4 57 58 (148 -592 100 ) (148 -992 100 ) (148 -992 104 ) (148 -592 104 ) 
4 58 72 (148 -592 100 ) (148 -992 100 ) (136 -992 100 ) (136 -592 100 ) 
4 58 70 (136 -592 100 ) (136 -992 100 ) (136 -992 104 ) (136 -592 104 ) 
4 59 196 (0 -170 104 ) (0 0 104 ) (0 0 100 ) (0 -170 100 ) 
4 59 60 (28 -170 100 ) (92 -170 100 ) (92 -170 104 ) (28 -170 104 ) 
4 60 61 (28 -178 100 ) (92 -178 100 ) (92 -178 104 ) (28 -178 104 ) 
4 61 197 (0 -288 104 ) (0 -178 104 ) (0 -178 100 ) (0 -288 100 ) 
4 61 62 (28 -288 100 ) (94 -288 100 ) (94 -288 104 ) (28 -288 104 ) 
4 62 63 (28 -296 100 ) (94 -296 100 ) (94 -296 104 ) (28 -296 104 ) 
4 63 64 (80 -300 100 ) (136 -300 100 ) (136 -300 104 ) (80 -300 104 ) 
4 63 65 (12 -300 100 ) (80 -300 100 ) (80 -300 104 ) (12 -300 104 ) 
4 64 65 (80 -300 104 ) (80 -300 100 ) (80 -356 100 ) (80 -356 104 ) 
4 65 66 (76 -368 100 ) (80 -368 100 ) (80 -368 104 ) (76 -368 104 ) 
4 65 68 (12 -368 104 ) (12 -368 100 ) (76 -368 100 ) (76 -368 104 ) 
4 66 68 (76 -368 104 ) (76 -368 100 ) (76 -456 100 ) (76 -456 104 ) 
4 67 68 (76 -468 100 ) (76 -500 100 ) (76 -500 104 ) (76 -468 104 ) 
4 69 235 (0 -580 104 ) (0 -576 104 ) (0 -576 100 ) (0 -580 100 ) 
4 69 233 (0 -576 104 ) (0 -512 104 ) (0 -512 100 ) (0 -576 100 ) 
4 70 250 (0 -992 104 ) (0 -592 104 ) (0 -592 100 ) (0 -992 100 ) 
4 70 72 (0 -992 100 ) (0 -592 100 ) (136 -592 100 ) (136 -992 100 ) 
4 71 83 (148 -992 94 ) (148 -642 94 ) (1024 -642 94 ) (1024 -992 94 ) 
4 71 81 (148 -642 94 ) (148 -634 94 ) (1024 -634 94 ) (1024 -642 94 ) 
4 71 78 (148 -634 94 ) (148 -592 94 ) (1024 -592 94 ) (1024 -634 94 ) 
4 71 76 (148 -592 94 ) (148 -580 94 ) (1024 -580 94 ) (1024 -592 94 ) 
4 71 73 (148 -580 94 ) (148 0 94 ) (1024 0 94 ) (1024 -580 94 ) 
4 71 72 (148 -592 94 ) (148 -992 94 ) (148 -992 100 ) (148 -592 100 ) 
4 72 405 (0 -992 100 ) (0 -642 100 ) (0 -642 94 ) (0 -992 94 ) 
4 72 403 (0 -642 100 ) (0 -634 100 ) (0 -634 94 ) (0 -642 94 ) 
4 72 400 (0 -634 100 ) (0 -592 100 ) (0 -592 94 ) (0 -634 94 ) 
4 72 83 (0 -992 94 ) (0 -642 94 ) (148 -642 94 ) (148 -992 94 ) 
4 72 82 (0 -642 94 ) (0 -634 94 ) (24 -634 94 ) (24 -642 94 ) 
4 72 81 (24 -634 94 ) (148 -634 94 ) (148 -642 94 ) (24 -642 94 ) 
4 72 80 (0 -634 94 ) (0 -592 94 ) (16 -592 94 ) (16 -634 94 ) 
4 72 79 (16 -592 94 ) (24 -592 94 ) (24 -634 94 ) (16 -634 94 ) 
4 72 78 (24 -592 94 ) (148 -592 94 ) (148 -634 94 ) (24 -634 94 ) 
4 73 76 (1024 -580 56 ) (1024 -580 94 ) (148 -580 94 ) (148 -580 56 ) 
4 74 351 (0 -340 94 ) (0 0 94 ) (0 0 -28 ) (0 -340 -28 ) 
4 75 442 (0 -512 42 ) (0 -512 -28 ) (0 -580 -28 ) (0 -580 42 ) 
4 75 437 (0 -512 56 ) (0 -512 42 ) (0 -580 42 ) (0 -580 56 ) 
4 75 393 (0 -580 94 ) (0 -512 94 ) (0 -512 56 ) (0 -580 56 ) 
4 75 364 (0 -512 94 ) (0 -432 94 ) (0 -432 -28 ) (0 -512 -28 ) 
4 75 355 (0 -432 94 ) (0 -412 94 ) (0 -412 -28 ) (0 -432 -28 ) 
4 75 352 (0 -412 94 ) (0 -350 94 ) (0 -350 -28 ) (0 -412 -28 ) 
4 75 77 (8 -580 31 ) (8 -580 63 ) (0 -580 63 ) (0 -580 31 ) 
4 76 78 (1024 -592 56 ) (1024 -592 94 ) (148 -592 94 ) (148 -592 56 ) 
4 77 444 (0 -592 31 ) (0 -592 42 ) (0 -580 42 ) (0 -580 31 ) 
4 77 438 (0 -592 42 ) (0 -592 56 ) (0 -580 56 ) (0 -580 42 ) 
4 77 399 (0 -592 56 ) (0 -592 63 ) (0 -580 63 ) (0 -580 56 ) 
4 77 80 (0 -592 63 ) (0 -592 31 ) (8 -592 31 ) (8 -592 63 ) 
4 78 81 (1024 -634 94 ) (24 -634 94 ) (24 -634 56 ) (1024 -634 56 ) 
4 78 79 (24 -592 94 ) (24 -592 64 ) (24 -634 64 ) (24 -634 94 ) 
4 79 82 (24 -634 94 ) (16 -634 94 ) (16 -634 64 ) (24 -634 64 ) 
4 79 80 (16 -592 94 ) (16 -592 64 ) (16 -634 64 ) (16 -634 94 ) 
4 80 446 (0 -634 12 ) (0 -634 56 ) (0 -592 56 ) (0 -592 12 ) 
4 80 400 (0 -634 56 ) (0 -634 94 ) (0 -592 94 ) (0 -592 56 ) 
4 80 82 (16 -634 94 ) (0 -634 94 ) (0 -634 64 ) (16 -634 64 ) 
4 81 83 (1024 -642 56 ) (1024 -642 94 ) (24 -642 94 ) (24 -642 56 ) 
4 81 82 (24 -634 94 ) (24 -634 64 ) (24 -642 64 ) (24 -642 94 ) 
4 82 403 (0 -642 64 ) (0 -642 94 ) (0 -634 94 ) (0 -634 64 ) 
4 82 83 (24 -642 64 ) (24 -642 94 ) (0 -642 94 ) (0 -642 64 ) 
4 83 405 (0 -992 94 ) (0 -642 94 ) (0 -642 56 ) (0 -992 56 ) 
4 84 93 (-986 64 56 ) (-686 64 56 ) (-686 64 216 ) (-986 64 216 ) 
4 84 91 (-686 64 56 ) (-596 64 56 ) (-596 64 216 ) (-686 64 216 ) 
4 84 90 (-497 64 210 ) (-497 64 122 ) (-449 64 122 ) (-449 64 210 ) 
4 84 89 (-342 64 210 ) (-390 64 210 ) (-390 64 122 ) (-342 64 122 ) 
4 84 87 (-72 64 210 ) (-120 64 210 ) (-120 64 122 ) (-72 64 122 ) 
4 84 88 (-230 64 210 ) (-278 64 210 ) (-278 64 122 ) (-230 64 122 ) 
4 84 86 (-596 64 224 ) (-986 64 224 ) (-986 64 216 ) (-596 64 216 ) 
4 84 85 (0 64 224 ) (0 64 418 ) (-986 64 418 ) (-986 64 224 ) 
4 85 94 (0 48 224 ) (0 48 418 ) (-986 48 418 ) (-986 48 224 ) 
4 85 86 (-596 48 224 ) (-986 48 224 ) (-986 64 224 ) (-596 64 224 ) 
4 86 95 (-596 48 224 ) (-986 48 224 ) (-986 48 216 ) (-596 48 216 ) 
4 86 93 (-686 48 216 ) (-986 48 216 ) (-986 64 216 ) (-686 64 216 ) 
4 86 92 (-596 48 216 ) (-686 48 216 ) (-686 50 216 ) (-596 50 216 ) 
4 86 91 (-686 50 216 ) (-686 64 216 ) (-596 64 216 ) (-596 50 216 ) 
4 87 99 (-72 48 210 ) (-120 48 210 ) (-120 48 122 ) (-72 48 122 ) 
4 88 103 (-230 48 210 ) (-278 48 210 ) (-278 48 122 ) (-230 48 122 ) 
4 89 105 (-342 48 210 ) (-390 48 210 ) (-390 48 122 ) (-342 48 122 ) 
4 90 114 (-497 48 210 ) (-497 48 122 ) (-449 48 122 ) (-449 48 210 ) 
4 91 93 (-686 64 56 ) (-686 50 56 ) (-686 50 216 ) (-686 64 216 ) 
4 91 92 (-686 50 216 ) (-686 50 60 ) (-596 50 60 ) (-596 50 216 ) 
4 92 144 (-684 48 100 ) (-686 48 100 ) (-686 48 60 ) (-684 48 60 ) 
4 92 143 (-596 48 60 ) (-596 48 100 ) (-684 48 100 ) (-684 48 60 ) 
4 92 141 (-596 48 100 ) (-596 48 122 ) (-686 48 122 ) (-686 48 100 ) 
4 92 121 (-596 48 122 ) (-596 48 216 ) (-686 48 216 ) (-686 48 122 ) 
4 92 93 (-686 48 60 ) (-686 48 216 ) (-686 50 216 ) (-686 50 60 ) 
4 93 145 (-986 48 100 ) (-986 48 56 ) (-686 48 56 ) (-686 48 100 ) 
4 93 141 (-986 48 122 ) (-986 48 100 ) (-686 48 100 ) (-686 48 122 ) 
4 93 121 (-686 48 216 ) (-986 48 216 ) (-986 48 122 ) (-686 48 122 ) 
4 94 164 (-504 0 418 ) (-986 0 418 ) (-986 0 224 ) (-504 0 224 ) 
4 94 162 (-226 0 418 ) (-504 0 418 ) (-504 0 224 ) (-226 0 224 ) 
4 94 158 (-210 0 418 ) (-226 0 418 ) (-226 0 224 ) (-210 0 224 ) 
4 94 154 (-210 0 280 ) (-210 0 224 ) (-194 0 224 ) (-194 0 280 ) 
4 94 153 (-194 0 418 ) (-210 0 418 ) (-210 0 280 ) (-194 0 280 ) 
4 94 148 (0 0 224 ) (0 0 280 ) (-194 0 280 ) (-194 0 224 ) 
4 94 147 (0 0 280 ) (0 0 418 ) (-194 0 418 ) (-194 0 280 ) 
4 94 95 (-986 48 224 ) (-596 48 224 ) (-596 0 224 ) (-986 0 224 ) 
4 95 170 (-596 0 224 ) (-986 0 224 ) (-986 0 216 ) (-596 0 216 ) 
4 95 121 (-596 0 216 ) (-986 0 216 ) (-986 48 216 ) (-596 48 216 ) 
4 96 106 (-153 46 214 ) (0 46 214 ) (0 46 216 ) (-153 46 216 ) 
4 96 100 (-124 46 214 ) (-153 46 214 ) (-153 48 214 ) (-124 48 214 ) 
4 96 98 (0 46 214 ) (-68 46 214 ) (-68 48 214 ) (0 48 214 ) 
4 97 108 (-394 46 214 ) (-394 46 216 ) (-394 48 216 ) (-394 48 214 ) 
4 97 107 (-394 46 216 ) (-394 46 214 ) (-204 46 214 ) (-204 46 216 ) 
4 97 102 (-282 46 214 ) (-338 46 214 ) (-338 48 214 ) (-282 48 214 ) 
4 97 101 (-204 46 214 ) (-226 46 214 ) (-226 48 214 ) (-204 48 214 ) 
4 98 122 (-68 48 122 ) (0 48 122 ) (0 46 122 ) (-68 46 122 ) 
4 98 106 (-68 46 122 ) (0 46 122 ) (0 46 214 ) (-68 46 214 ) 
4 99 106 (-120 46 122 ) (-72 46 122 ) (-72 46 210 ) (-120 46 210 ) 
4 100 126 (-153 48 122 ) (-124 48 122 ) (-124 46 122 ) (-153 46 122 ) 
4 100 106 (-153 46 122 ) (-124 46 122 ) (-124 46 214 ) (-153 46 214 ) 
4 101 127 (-226 48 122 ) (-204 48 122 ) (-204 46 122 ) (-226 46 122 ) 
4 101 107 (-226 46 122 ) (-204 46 122 ) (-204 46 214 ) (-226 46 214 ) 
4 102 107 (-338 46 210 ) (-282 46 210 ) (-282 46 214 ) (-338 46 214 ) 
4 102 104 (-282 46 210 ) (-338 46 210 ) (-338 48 210 ) (-282 48 210 ) 
4 103 107 (-278 46 122 ) (-230 46 122 ) (-230 46 210 ) (-278 46 210 ) 
4 104 129 (-338 48 122 ) (-282 48 122 ) (-282 46 122 ) (-338 46 122 ) 
4 104 107 (-338 46 122 ) (-282 46 122 ) (-282 46 210 ) (-338 46 210 ) 
4 105 107 (-390 46 122 ) (-342 46 122 ) (-342 46 210 ) (-390 46 210 ) 
4 106 193 (0 0 122 ) (0 0 133 ) (-153 0 133 ) (-153 0 122 ) 
4 106 185 (0 0 133 ) (0 0 216 ) (-153 0 216 ) (-153 0 133 ) 
4 106 125 (-68 0 122 ) (-124 0 122 ) (-124 44 122 ) (-68 44 122 ) 
4 106 122 (0 46 122 ) (0 0 122 ) (-68 0 122 ) (-68 46 122 ) 
4 106 126 (-124 0 122 ) (-153 0 122 ) (-153 46 122 ) (-124 46 122 ) 
4 107 251 (-216 0 216 ) (-394 0 216 ) (-394 0 122 ) (-216 0 122 ) 
4 107 211 (-204 0 216 ) (-216 0 216 ) (-216 0 122 ) (-204 0 122 ) 
4 107 127 (-226 46 122 ) (-204 46 122 ) (-204 44 122 ) (-226 44 122 ) 
4 107 129 (-338 46 122 ) (-282 46 122 ) (-282 44 122 ) (-338 44 122 ) 
4 107 133 (-204 0 122 ) (-394 0 122 ) (-394 44 122 ) (-204 44 122 ) 
4 107 108 (-394 46 122 ) (-394 0 122 ) (-394 0 216 ) (-394 46 216 ) 
4 108 251 (-394 0 216 ) (-428 0 216 ) (-428 0 122 ) (-394 0 122 ) 
4 108 131 (-428 48 122 ) (-394 48 122 ) (-394 44 122 ) (-428 44 122 ) 
4 108 133 (-394 44 122 ) (-394 0 122 ) (-428 0 122 ) (-428 44 122 ) 
4 109 252 (-440 0 216 ) (-445 0 216 ) (-445 0 122 ) (-440 0 122 ) 
4 109 134 (-445 48 122 ) (-440 48 122 ) (-440 0 122 ) (-445 0 122 ) 
4 109 110 (-445 46 214 ) (-445 46 216 ) (-445 48 216 ) (-445 48 214 ) 
4 109 111 (-445 46 122 ) (-445 0 122 ) (-445 0 216 ) (-445 46 216 ) 
4 110 112 (-449 46 214 ) (-449 46 216 ) (-449 48 216 ) (-449 48 214 ) 
4 110 111 (-449 46 216 ) (-449 46 214 ) (-445 46 214 ) (-445 46 216 ) 
4 111 252 (-445 0 216 ) (-449 0 216 ) (-449 0 122 ) (-445 0 122 ) 
4 111 136 (-445 44 122 ) (-445 0 122 ) (-449 0 122 ) (-449 44 122 ) 
4 111 114 (-449 46 122 ) (-449 0 122 ) (-449 0 210 ) (-449 46 210 ) 
4 111 113 (-449 0 210 ) (-449 0 214 ) (-449 46 214 ) (-449 46 210 ) 
4 111 112 (-449 0 214 ) (-449 0 216 ) (-449 46 216 ) (-449 46 214 ) 
4 112 253 (-578 0 216 ) (-580 0 216 ) (-580 0 214 ) (-578 0 214 ) 
4 112 252 (-449 0 216 ) (-578 0 216 ) (-578 0 214 ) (-449 0 214 ) 
4 112 118 (-578 23 214 ) (-501 23 214 ) (-501 0 214 ) (-578 0 214 ) 
4 112 117 (-580 27 214 ) (-580 48 214 ) (-578 48 214 ) (-578 27 214 ) 
4 112 116 (-578 48 214 ) (-501 48 214 ) (-501 23 214 ) (-578 23 214 ) 
4 112 113 (-449 46 214 ) (-449 0 214 ) (-501 0 214 ) (-501 46 214 ) 
4 113 252 (-449 0 210 ) (-449 0 214 ) (-501 0 214 ) (-501 0 210 ) 
4 113 118 (-501 0 210 ) (-501 0 214 ) (-501 23 214 ) (-501 23 210 ) 
4 113 116 (-501 23 214 ) (-501 46 214 ) (-501 46 210 ) (-501 23 210 ) 
4 113 115 (-501 0 210 ) (-501 46 210 ) (-497 46 210 ) (-497 0 210 ) 
4 113 114 (-497 46 210 ) (-449 46 210 ) (-449 0 210 ) (-497 0 210 ) 
4 114 252 (-497 0 122 ) (-449 0 122 ) (-449 0 210 ) (-497 0 210 ) 
4 114 136 (-449 44 122 ) (-449 0 122 ) (-497 0 122 ) (-497 44 122 ) 
4 114 115 (-497 46 122 ) (-497 0 122 ) (-497 0 210 ) (-497 46 210 ) 
4 115 252 (-501 0 122 ) (-497 0 122 ) (-497 0 210 ) (-501 0 210 ) 
4 115 136 (-497 44 122 ) (-497 0 122 ) (-501 0 122 ) (-501 44 122 ) 
4 115 118 (-501 23 122 ) (-501 0 122 ) (-501 0 210 ) (-501 23 210 ) 
4 115 116 (-501 46 122 ) (-501 23 122 ) (-501 23 210 ) (-501 46 210 ) 
4 116 138 (-578 48 122 ) (-576 48 122 ) (-576 27 122 ) (-578 27 122 ) 
4 116 137 (-576 48 122 ) (-501 48 122 ) (-501 23 122 ) (-576 23 122 ) 
4 116 118 (-501 23 122 ) (-501 23 214 ) (-578 23 214 ) (-578 23 122 ) 
4 116 117 (-578 48 122 ) (-578 27 122 ) (-578 27 214 ) (-578 48 214 ) 
4 117 138 (-580 48 122 ) (-578 48 122 ) (-578 27 122 ) (-580 27 122 ) 
4 118 252 (-578 0 122 ) (-501 0 122 ) (-501 0 214 ) (-578 0 214 ) 
4 118 137 (-501 23 122 ) (-501 0 122 ) (-576 0 122 ) (-576 23 122 ) 
4 118 119 (-578 23 210 ) (-578 23 122 ) (-578 0 122 ) (-578 0 210 ) 
4 119 256 (-580 0 210 ) (-580 0 122 ) (-578 0 122 ) (-578 0 210 ) 
4 119 120 (-580 23 122 ) (-580 0 122 ) (-580 0 210 ) (-580 23 210 ) 
4 120 337 (-596 0 210 ) (-596 0 122 ) (-580 0 122 ) (-580 0 210 ) 
4 120 121 (-596 23 122 ) (-596 0 122 ) (-596 0 210 ) (-596 23 210 ) 
4 121 348 (-599 0 216 ) (-986 0 216 ) (-986 0 122 ) (-599 0 122 ) 
4 121 345 (-599 0 212 ) (-599 0 122 ) (-596 0 122 ) (-596 0 212 ) 
4 121 343 (-596 0 216 ) (-599 0 216 ) (-599 0 212 ) (-596 0 212 ) 
4 121 141 (-986 48 122 ) (-596 48 122 ) (-596 0 122 ) (-986 0 122 ) 
4 122 196 (0 0 100 ) (0 0 104 ) (-68 0 104 ) (-68 0 100 ) 
4 122 193 (0 0 104 ) (0 0 122 ) (-68 0 122 ) (-68 0 104 ) 
3 122 123 (-68 44 118 ) (-68 44 121 ) (-68 46 118 ) 
4 122 124 (-68 48 100 ) (-68 44 100 ) (-68 44 118 ) (-68 48 118 ) 
4 122 125 (-68 44 100 ) (-68 0 100 ) (-68 0 122 ) (-68 44 122 ) 
4 123 124 (-68 44 118 ) (-124 44 118 ) (-124 46 118 ) (-68 46 118 ) 
3 123 126 (-124 44 118 ) (-124 44 121 ) (-124 46 118 ) 
4 123 125 (-124 44 121 ) (-124 44 118 ) (-68 44 118 ) (-68 44 121 ) 
4 124 125 (-124 44 118 ) (-124 44 100 ) (-68 44 100 ) (-68 44 118 ) 
4 124 126 (-124 48 100 ) (-124 44 100 ) (-124 44 118 ) (-124 48 118 ) 
4 125 196 (-124 0 104 ) (-124 0 100 ) (-68 0 100 ) (-68 0 104 ) 
4 125 193 (-68 0 122 ) (-124 0 122 ) (-124 0 104 ) (-68 0 104 ) 
4 125 126 (-124 44 100 ) (-124 0 100 ) (-124 0 122 ) (-124 44 122 ) 
4 126 196 (-153 0 104 ) (-153 0 100 ) (-124 0 100 ) (-124 0 104 ) 
4 126 193 (-124 0 122 ) (-153 0 122 ) (-153 0 104 ) (-124 0 104 ) 
3 127 128 (-226 46 118 ) (-226 44 118 ) (-226 44 121 ) 
4 127 132 (-204 44 118 ) (-226 44 118 ) (-226 48 118 ) (-204 48 118 ) 
4 127 133 (-226 44 118 ) (-204 44 118 ) (-204 44 122 ) (-226 44 122 ) 
4 128 133 (-282 44 118 ) (-226 44 118 ) (-226 44 121 ) (-282 44 121 ) 
4 128 132 (-226 44 118 ) (-282 44 118 ) (-282 46 118 ) (-226 46 118 ) 
3 128 129 (-282 46 118 ) (-282 44 118 ) (-282 44 121 ) 
3 129 130 (-338 46 118 ) (-338 44 118 ) (-338 44 121 ) 
4 129 133 (-338 44 118 ) (-282 44 118 ) (-282 44 122 ) (-338 44 122 ) 
4 129 132 (-282 44 118 ) (-338 44 118 ) (-338 48 118 ) (-282 48 118 ) 
3 130 131 (-394 46 118 ) (-394 44 118 ) (-394 44 121 ) 
4 130 132 (-338 44 118 ) (-394 44 118 ) (-394 46 118 ) (-338 46 118 ) 
4 130 133 (-394 44 118 ) (-338 44 118 ) (-338 44 121 ) (-394 44 121 ) 
4 131 133 (-428 44 122 ) (-428 44 118 ) (-394 44 118 ) (-394 44 122 ) 
4 131 132 (-394 44 118 ) (-428 44 118 ) (-428 48 118 ) (-394 48 118 ) 
4 132 133 (-428 44 118 ) (-428 44 100 ) (-204 44 100 ) (-204 44 118 ) 
4 133 260 (-216 0 122 ) (-428 0 122 ) (-428 0 100 ) (-216 0 100 ) 
4 133 211 (-204 0 122 ) (-216 0 122 ) (-216 0 100 ) (-204 0 100 ) 
4 134 261 (-440 0 122 ) (-445 0 122 ) (-445 0 118 ) (-440 0 118 ) 
3 134 135 (-445 46 118 ) (-445 44 118 ) (-445 44 121 ) 
4 134 136 (-445 44 118 ) (-445 0 118 ) (-445 0 122 ) (-445 44 122 ) 
4 134 140 (-445 48 118 ) (-440 48 118 ) (-440 0 118 ) (-445 0 118 ) 
3 135 137 (-501 46 118 ) (-501 44 118 ) (-501 44 121 ) 
4 135 136 (-501 44 121 ) (-501 44 118 ) (-445 44 118 ) (-445 44 121 ) 
4 135 140 (-445 46 118 ) (-445 44 118 ) (-501 44 118 ) (-501 46 118 ) 
4 136 261 (-445 0 122 ) (-501 0 122 ) (-501 0 118 ) (-445 0 118 ) 
4 136 137 (-501 44 118 ) (-501 0 118 ) (-501 0 122 ) (-501 44 122 ) 
4 136 140 (-445 44 118 ) (-445 0 118 ) (-501 0 118 ) (-501 44 118 ) 
4 137 261 (-501 0 122 ) (-576 0 122 ) (-576 0 118 ) (-501 0 118 ) 
4 137 139 (-576 27 118 ) (-576 0 118 ) (-576 0 121 ) (-576 27 121 ) 
4 137 138 (-576 48 118 ) (-576 27 118 ) (-576 27 122 ) (-576 48 122 ) 
4 137 140 (-576 48 118 ) (-501 48 118 ) (-501 0 118 ) (-576 0 118 ) 
3 138 139 (-578 27 118 ) (-576 27 118 ) (-576 27 121 ) 
4 138 140 (-580 27 118 ) (-580 48 118 ) (-576 48 118 ) (-576 27 118 ) 
3 139 262 (-578 0 118 ) (-576 0 118 ) (-576 0 121 ) 
4 139 140 (-578 27 118 ) (-576 27 118 ) (-576 0 118 ) (-578 0 118 ) 
4 140 266 (-580 0 118 ) (-580 0 100 ) (-576 0 100 ) (-576 0 118 ) 
4 140 261 (-576 0 100 ) (-440 0 100 ) (-440 0 118 ) (-576 0 118 ) 
4 141 348 (-599 0 122 ) (-986 0 122 ) (-986 0 100 ) (-599 0 100 ) 
4 141 345 (-596 0 122 ) (-599 0 122 ) (-599 0 100 ) (-596 0 100 ) 
4 141 144 (-684 0 100 ) (-686 0 100 ) (-686 48 100 ) (-684 48 100 ) 
4 141 145 (-686 0 100 ) (-986 0 100 ) (-986 48 100 ) (-686 48 100 ) 
4 141 143 (-596 0 100 ) (-684 0 100 ) (-684 48 100 ) (-596 48 100 ) 
4 142 378 (-392 0 94 ) (-580 0 94 ) (-580 0 56 ) (-392 0 56 ) 
4 142 376 (-282 0 94 ) (-288 0 94 ) (-288 0 56 ) (-282 0 56 ) 
4 142 377 (-288 0 94 ) (-392 0 94 ) (-392 0 56 ) (-288 0 56 ) 
4 142 366 (-216 0 94 ) (-282 0 94 ) (-282 0 56 ) (-216 0 56 ) 
4 142 351 (0 0 56 ) (0 0 94 ) (-216 0 94 ) (-216 0 56 ) 
4 142 146 (-580 48 56 ) (0 48 56 ) (0 0 56 ) (-580 0 56 ) 
4 143 379 (-596 0 100 ) (-684 0 100 ) (-684 0 56 ) (-596 0 56 ) 
4 143 144 (-684 0 60 ) (-684 0 100 ) (-684 48 100 ) (-684 48 60 ) 
4 144 380 (-684 0 100 ) (-686 0 100 ) (-686 0 60 ) (-684 0 60 ) 
4 144 145 (-686 0 60 ) (-686 0 100 ) (-686 48 100 ) (-686 48 60 ) 
4 145 381 (-686 0 100 ) (-986 0 100 ) (-986 0 56 ) (-686 0 56 ) 
4 146 392 (-392 0 56 ) (-580 0 56 ) (-580 0 -28 ) (-392 0 -28 ) 
4 146 376 (-282 0 56 ) (-288 0 56 ) (-288 0 -28 ) (-282 0 -28 ) 
4 146 377 (-288 0 56 ) (-392 0 56 ) (-392 0 -28 ) (-288 0 -28 ) 
4 146 366 (-216 0 56 ) (-282 0 56 ) (-282 0 -28 ) (-216 0 -28 ) 
4 146 351 (0 0 -28 ) (0 0 56 ) (-216 0 56 ) (-216 0 -28 ) 
4 147 153 (-194 0 418 ) (-194 0 280 ) (-194 -444 280 ) (-194 -444 418 ) 
4 147 149 (-178 -444 280 ) (0 -444 280 ) (0 -444 418 ) (-178 -444 418 ) 
4 147 150 (-194 -444 418 ) (-194 -444 280 ) (-178 -444 280 ) (-178 -444 418 ) 
4 147 148 (-194 -28 280 ) (-194 0 280 ) (0 0 280 ) (0 -28 280 ) 
4 148 154 (-194 0 280 ) (-194 0 224 ) (-194 -28 224 ) (-194 -28 280 ) 
4 149 171 (0 -512 280 ) (0 -512 418 ) (-178 -512 418 ) (-178 -512 280 ) 
4 149 150 (-178 -512 280 ) (-178 -512 418 ) (-178 -444 418 ) (-178 -444 280 ) 
4 150 171 (-178 -512 418 ) (-194 -512 418 ) (-194 -512 266 ) (-178 -512 266 ) 
4 150 156 (-194 -512 404 ) (-194 -512 418 ) (-194 -504 418 ) (-194 -504 404 ) 
4 150 155 (-194 -504 418 ) (-194 -444 418 ) (-194 -444 266 ) (-194 -504 266 ) 
4 151 152 (-178 -504 252 ) (-178 -444 252 ) (0 -444 252 ) (0 -504 252 ) 
4 152 157 (-194 -444 224 ) (-194 -504 224 ) (-194 -504 238 ) (-194 -444 238 ) 
4 153 159 (-210 -444 280 ) (-210 -444 418 ) (-210 -28 418 ) (-210 -28 280 ) 
4 153 158 (-210 -28 418 ) (-210 0 418 ) (-210 0 280 ) (-210 -28 280 ) 
4 153 155 (-210 -444 418 ) (-210 -444 280 ) (-194 -444 280 ) (-194 -444 418 ) 
4 153 154 (-210 -28 280 ) (-210 0 280 ) (-194 0 280 ) (-194 -28 280 ) 
4 154 158 (-210 0 224 ) (-210 -28 224 ) (-210 -28 280 ) (-210 0 280 ) 
4 155 160 (-210 -504 418 ) (-210 -444 418 ) (-210 -444 252 ) (-210 -504 252 ) 
4 155 156 (-194 -504 404 ) (-194 -504 418 ) (-210 -504 418 ) (-210 -504 404 ) 
4 156 171 (-210 -512 418 ) (-210 -512 404 ) (-194 -512 404 ) (-194 -512 418 ) 
4 156 161 (-210 -512 404 ) (-210 -512 418 ) (-210 -504 418 ) (-210 -504 404 ) 
4 158 162 (-226 0 418 ) (-226 0 224 ) (-226 -28 224 ) (-226 -28 418 ) 
4 158 159 (-210 -28 280 ) (-210 -28 418 ) (-226 -28 418 ) (-226 -28 280 ) 
4 159 163 (-226 -444 280 ) (-226 -444 418 ) (-226 -28 418 ) (-226 -28 280 ) 
4 159 160 (-226 -444 418 ) (-226 -444 280 ) (-210 -444 280 ) (-210 -444 418 ) 
4 160 165 (-226 -504 238 ) (-226 -504 418 ) (-226 -444 418 ) (-226 -444 238 ) 
4 160 161 (-226 -504 418 ) (-226 -504 404 ) (-210 -504 404 ) (-210 -504 418 ) 
3 161 174 (-220.714325 -512 404 ) (-216 -512 404 ) (-216 -512 406 ) 
5 161 173 (-226 -512 418 ) (-226 -512 404 ) (-220.714325 -512 404 ) (-216 -512 406 ) (-216 -512 418 ) 
4 161 171 (-216 -512 404 ) (-210 -512 404 ) (-210 -512 418 ) (-216 -512 418 ) 
4 161 166 (-226 -512 404 ) (-226 -512 418 ) (-226 -504 418 ) (-226 -504 404 ) 
4 162 164 (-504 0 224 ) (-504 -28 224 ) (-504 -28 418 ) (-504 0 418 ) 
4 162 163 (-504 -28 418 ) (-504 -28 280 ) (-226 -28 280 ) (-226 -28 418 ) 
4 163 168 (-282 -444 418 ) (-294 -444 418 ) (-294 -444 404 ) (-282 -444 404 ) 
4 163 169 (-294 -444 418 ) (-504 -444 418 ) (-504 -444 280 ) (-294 -444 280 ) 
4 163 165 (-226 -444 280 ) (-226 -444 418 ) (-282 -444 418 ) (-282 -444 280 ) 
4 163 164 (-504 -444 280 ) (-504 -444 418 ) (-504 -28 418 ) (-504 -28 280 ) 
4 164 170 (-986 0 224 ) (-596 0 224 ) (-596 -444 224 ) (-986 -444 224 ) 
4 164 169 (-986 -444 224 ) (-504 -444 224 ) (-504 -444 418 ) (-986 -444 418 ) 
4 165 168 (-282 -444 418 ) (-282 -444 404 ) (-282 -504 404 ) (-282 -504 418 ) 
4 165 166 (-282 -504 418 ) (-282 -504 404 ) (-226 -504 404 ) (-226 -504 418 ) 
4 165 167 (-282 -504 334 ) (-282 -504 224 ) (-226 -504 224 ) (-226 -504 334 ) 
4 166 173 (-226 -512 404 ) (-226 -512 418 ) (-282 -512 418 ) (-282 -512 404 ) 
4 166 168 (-282 -512 404 ) (-282 -512 418 ) (-282 -504 418 ) (-282 -504 404 ) 
4 167 175 (-282 -512 224 ) (-226 -512 224 ) (-226 -512 334 ) (-282 -512 334 ) 
4 168 173 (-282 -512 404 ) (-282 -512 418 ) (-294 -512 418 ) (-294 -512 404 ) 
4 168 169 (-294 -444 418 ) (-294 -444 404 ) (-294 -512 404 ) (-294 -512 418 ) 
4 169 183 (-986 -512 224 ) (-480 -512 224 ) (-480 -512 334 ) (-986 -512 334 ) 
4 169 181 (-408 -512 324.545471 ) (-408 -512 334 ) (-480 -512 334 ) (-480 -512 294 ) 
3 169 178 (-385.714294 -512 334 ) (-408 -512 334 ) (-408 -512 324.545471 ) 
3 169 174 (-294 -512 350 ) (-294 -512 372.909088 ) (-348 -512 350 ) 
5 169 173 (-294 -512 372.909088 ) (-294 -512 418 ) (-986 -512 418 ) (-986 -512 334 ) (-385.714294 -512 334 ) 
4 169 170 (-596 -512 224 ) (-986 -512 224 ) (-986 -444 224 ) (-596 -444 224 ) 
4 170 348 (-986 0 216 ) (-599 0 216 ) (-599 -512 216 ) (-986 -512 216 ) 
4 170 343 (-599 0 216 ) (-596 0 216 ) (-596 -205 216 ) (-599 -205 216 ) 
4 170 344 (-596 -264 216 ) (-596 -512 216 ) (-599 -512 216 ) (-599 -264 216 ) 
4 170 183 (-986 -512 216 ) (-596 -512 216 ) (-596 -512 224 ) (-986 -512 224 ) 
4 171 184 (0 -784 224 ) (0 -784 418 ) (-216 -784 418 ) (-216 -784 224 ) 
4 171 174 (-216 -512 406 ) (-216 -512 350 ) (-216 -784 350 ) (-216 -784 406 ) 
4 171 173 (-216 -512 418 ) (-216 -512 406 ) (-216 -784 406 ) (-216 -784 418 ) 
4 171 172 (0 -784 224 ) (-216 -784 224 ) (-216 -592 224 ) (0 -592 224 ) 
4 172 250 (0 -592 216 ) (0 -784 216 ) (-216 -784 216 ) (-216 -592 216 ) 
4 172 184 (-216 -784 216 ) (0 -784 216 ) (0 -784 224 ) (-216 -784 224 ) 
5 173 184 (-986 -784 334 ) (-385.714294 -784 334 ) (-216 -784 406 ) (-216 -784 418 ) (-986 -784 418 ) 
4 173 183 (-986 -512 334 ) (-480 -512 334 ) (-480 -784 334 ) (-986 -784 334 ) 
4 173 182 (-408 -514 334 ) (-408 -784 334 ) (-480 -784 334 ) (-480 -514 334 ) 
4 173 181 (-480 -512 334 ) (-408 -512 334 ) (-408 -514 334 ) (-480 -514 334 ) 
4 173 180 (-385.714264 -712 334 ) (-385.714264 -784 334 ) (-408 -784 334 ) (-408 -712 334 ) 
4 173 179 (-385.714294 -580 334 ) (-385.714264 -712 334 ) (-408 -712 334 ) (-408 -580 334 ) 
4 173 178 (-408 -512 334 ) (-385.714294 -512 334 ) (-385.714294 -580 334 ) (-408 -580 334 ) 
4 173 174 (-348.002747 -512 350 ) (-216 -512 406.001282 ) (-216 -784 406.001282 ) (-348.002747 -784 350 ) 
3 174 184 (-216 -784 350 ) (-216 -784 406 ) (-348 -784 350 ) 
4 175 176 (-282 -712 224 ) (-282 -712 334 ) (-282 -514 334 ) (-282 -514 224 ) 
4 176 177 (-288 -580 334 ) (-288 -514 334 ) (-288 -514 224 ) (-288 -580 224 ) 
4 177 323 (-392 -580 216 ) (-408 -580 216 ) (-408 -514 216 ) (-392 -514 216 ) 
4 177 321 (-360 -580 216 ) (-376 -580 216 ) (-376 -514 216 ) (-360 -514 216 ) 
4 177 322 (-376 -580 216 ) (-392 -580 216 ) (-392 -514 216 ) (-376 -514 216 ) 
4 177 319 (-328 -580 216 ) (-344 -580 216 ) (-344 -514 216 ) (-328 -514 216 ) 
4 177 320 (-344 -580 216 ) (-360 -580 216 ) (-360 -514 216 ) (-344 -514 216 ) 
4 177 318 (-312 -580 216 ) (-328 -580 216 ) (-328 -514 216 ) (-312 -514 216 ) 
4 177 316 (-288 -514 216 ) (-288 -580 216 ) (-296 -580 216 ) (-296 -514 216 ) 
4 177 317 (-296 -580 216 ) (-312 -580 216 ) (-312 -514 216 ) (-296 -514 216 ) 
4 178 182 (-408 -580 334 ) (-408 -514 334 ) (-408 -514 324.545471 ) (-408 -580 324.545471 ) 
4 178 181 (-408 -514 334 ) (-408 -512 334 ) (-408 -512 324.545471 ) (-408 -514 324.545471 ) 
3 178 179 (-408 -580 334 ) (-408 -580 324.545471 ) (-385.714294 -580 334 ) 
4 179 182 (-408 -712 334 ) (-408 -580 334 ) (-408 -580 324.545471 ) (-408 -712 324.545471 ) 
3 179 180 (-408 -712 334 ) (-408 -712 324.545471 ) (-385.714294 -712 334 ) 
3 180 184 (-385.714294 -784 334 ) (-408 -784 334 ) (-408 -784 324.545471 ) 
4 180 182 (-408 -784 324.545471 ) (-408 -784 334 ) (-408 -712 334 ) (-408 -712 324.545471 ) 
4 181 183 (-480 -514 334 ) (-480 -512 334 ) (-480 -512 294 ) (-480 -514 294 ) 
4 181 182 (-480 -514 334 ) (-480 -514 294 ) (-408 -514 324.545471 ) (-408 -514 334 ) 
4 182 184 (-408 -784 324.545471 ) (-408 -784 334 ) (-480 -784 334 ) (-480 -784 294 ) 
4 182 183 (-480 -784 294 ) (-480 -784 334 ) (-480 -514 334 ) (-480 -514 294 ) 
4 183 348 (-986 -512 216 ) (-599 -512 216 ) (-599 -784 216 ) (-986 -784 216 ) 
4 183 344 (-599 -512 216 ) (-596 -512 216 ) (-596 -784 216 ) (-599 -784 216 ) 
4 183 342 (-596 -512 216 ) (-580 -512 216 ) (-580 -784 216 ) (-596 -784 216 ) 
4 183 336 (-480 -584 216 ) (-480 -784 216 ) (-580 -784 216 ) (-580 -584 216 ) 
4 183 334 (-480 -580 216 ) (-480 -584 216 ) (-580 -584 216 ) (-580 -580 216 ) 
4 183 327 (-480 -522 216 ) (-480 -580 216 ) (-580 -580 216 ) (-580 -522 216 ) 
4 183 325 (-580 -512 216 ) (-480 -512 216 ) (-480 -522 216 ) (-580 -522 216 ) 
4 183 184 (-986 -784 216 ) (-480 -784 216 ) (-480 -784 334 ) (-986 -784 334 ) 
4 184 348 (-986 -784 216 ) (-599 -784 216 ) (-599 -992 216 ) (-986 -992 216 ) 
4 184 344 (-599 -784 216 ) (-596 -784 216 ) (-596 -992 216 ) (-599 -992 216 ) 
4 184 342 (-596 -784 216 ) (-580 -784 216 ) (-580 -992 216 ) (-596 -992 216 ) 
4 184 335 (-480 -784 216 ) (-468 -784 216 ) (-468 -992 216 ) (-480 -992 216 ) 
4 184 336 (-580 -784 216 ) (-480 -784 216 ) (-480 -992 216 ) (-580 -992 216 ) 
4 184 332 (-468 -784 216 ) (-282 -784 216 ) (-282 -992 216 ) (-468 -992 216 ) 
4 184 329 (-282 -784 216 ) (-216 -784 216 ) (-216 -992 216 ) (-282 -992 216 ) 
4 184 250 (-216 -784 216 ) (0 -784 216 ) (0 -992 216 ) (-216 -992 216 ) 
4 185 193 (-153 0 133 ) (0 0 133 ) (0 -170 133 ) (-153 -170 133 ) 
4 186 207 (-192 -192 133 ) (-192 -276 133 ) (-192 -276 204 ) (-192 -192 204 ) 
4 186 194 (-192 -288 133 ) (-192 -178 133 ) (0 -178 133 ) (0 -288 133 ) 
4 187 208 (-192 -321 216 ) (-192 -300 216 ) (-192 -300 133 ) (-192 -321 133 ) 
4 187 195 (-192 -321 133 ) (-192 -300 133 ) (-32 -300 133 ) (-32 -321 133 ) 
4 187 192 (-192 -321 136 ) (-192 -321 133 ) (-32 -321 133 ) (-32 -321 136 ) 
4 187 188 (-192 -321 216 ) (-192 -321 136 ) (-32 -321 136 ) (-32 -321 216 ) 
4 188 222 (-124 -372 216 ) (-192 -372 216 ) (-192 -372 136 ) (-124 -372 136 ) 
4 188 219 (-120 -372 216 ) (-124 -372 216 ) (-124 -372 136 ) (-120 -372 136 ) 
4 188 216 (-29 -372 216 ) (-32 -372 216 ) (-32 -372 136 ) (-29 -372 136 ) 
4 188 217 (-32 -372 216 ) (-120 -372 216 ) (-120 -372 136 ) (-32 -372 136 ) 
4 188 214 (-10 -372 216 ) (-29 -372 216 ) (-29 -372 136 ) (-10 -372 136 ) 
4 188 213 (0 -372 136 ) (0 -372 216 ) (-10 -372 216 ) (-10 -372 136 ) 
4 188 209 (-192 -372 136 ) (-192 -372 216 ) (-192 -368 216 ) (-192 -368 136 ) 
4 188 208 (-192 -368 216 ) (-192 -321 216 ) (-192 -321 136 ) (-192 -368 136 ) 
4 188 191 (-29 -372 136 ) (-30 -372 136 ) (-30 -335.285309 136 ) (-29 -335 136 ) 
4 188 192 (-32 -372 136 ) (-192 -372 136 ) (-192 -321 136 ) (-32 -321 136 ) 
6 188 190 (-10 -372 136 ) (-29 -372 136 ) (-29 -337 136 ) (-28.180660 -332.902313 136 ) (-25.499544 -332.239990 136 ) (-10 -332.239990 136 ) 
4 188 189 (-9 -372 136 ) (-10 -372 136 ) (-10 -334 136 ) (-9 -334 136 ) 
4 189 201 (-9 -372 133 ) (-10 -372 133 ) (-10 -334 133 ) (-9 -334 133 ) 
4 189 190 (-10 -372 136 ) (-10 -334 136 ) (-10 -334 133 ) (-10 -372 133 ) 
4 190 214 (-10 -372 136 ) (-29 -372 136 ) (-29 -372 133 ) (-10 -372 133 ) 
5 190 202 (-10 -372 133 ) (-29 -372 133 ) (-29 -337 133 ) (-28.399944 -334 133 ) (-10 -334 133 ) 
4 190 199 (-28.399944 -334 133 ) (-28.199991 -333 133 ) (-10 -333 133 ) (-10 -334 133 ) 
4 190 191 (-29 -372 136 ) (-29 -337 136 ) (-29 -337 133 ) (-29 -372 133 ) 
4 191 203 (-29 -372 133 ) (-30 -372 133 ) (-30 -335.285309 133 ) (-29 -335 133 ) 
4 192 222 (-124 -372 136 ) (-192 -372 136 ) (-192 -372 133 ) (-124 -372 133 ) 
4 192 219 (-120 -372 136 ) (-124 -372 136 ) (-124 -372 133 ) (-120 -372 133 ) 
4 192 217 (-32 -372 136 ) (-120 -372 136 ) (-120 -372 133 ) (-32 -372 133 ) 
4 192 209 (-192 -372 133 ) (-192 -372 136 ) (-192 -368 136 ) (-192 -368 133 ) 
4 192 208 (-192 -368 136 ) (-192 -321 136 ) (-192 -321 133 ) (-192 -368 133 ) 
4 192 206 (-180 -372 133 ) (-192 -372 133 ) (-192 -368 133 ) (-180 -368 133 ) 
4 192 205 (-192 -368 133 ) (-192 -334 133 ) (-180 -334 133 ) (-180 -368 133 ) 
4 192 204 (-32 -372 133 ) (-180 -372 133 ) (-180 -334 133 ) (-32 -334 133 ) 
4 192 200 (-192 -334 133 ) (-192 -321 133 ) (-32 -321 133 ) (-32 -334 133 ) 
4 193 196 (-153 0 104 ) (0 0 104 ) (0 -170 104 ) (-153 -170 104 ) 
4 194 207 (-192 -276 133 ) (-192 -192 133 ) (-192 -192 104 ) (-192 -276 104 ) 
4 194 197 (-192 -288 104 ) (-192 -178 104 ) (0 -178 104 ) (0 -288 104 ) 
4 195 208 (-192 -321 104 ) (-192 -321 133 ) (-192 -300 133 ) (-192 -300 104 ) 
4 195 200 (-32 -321 133 ) (-192 -321 133 ) (-192 -321 104 ) (-32 -321 104 ) 
4 195 198 (-32 -321 104 ) (-192 -321 104 ) (-192 -300 104 ) (-32 -300 104 ) 
4 197 207 (-192 -192 100 ) (-192 -276 100 ) (-192 -276 104 ) (-192 -192 104 ) 
4 198 208 (-192 -300 100 ) (-192 -321 100 ) (-192 -321 104 ) (-192 -300 104 ) 
4 198 200 (-192 -321 104 ) (-192 -321 100 ) (-32 -321 100 ) (-32 -321 104 ) 
4 199 202 (-10 -334 133 ) (-29 -334 133 ) (-29 -334 124 ) (-10 -334 124 ) 
4 200 208 (-192 -321 100 ) (-192 -334 100 ) (-192 -334 133 ) (-192 -321 133 ) 
4 200 205 (-180 -334 133 ) (-192 -334 133 ) (-192 -334 100 ) (-180 -334 100 ) 
4 200 204 (-32 -334 133 ) (-180 -334 133 ) (-180 -334 100 ) (-32 -334 100 ) 
4 201 202 (-10 -334 133 ) (-10 -334 124 ) (-10 -372 124 ) (-10 -372 133 ) 
4 202 214 (-10 -372 124 ) (-10 -372 133 ) (-29 -372 133 ) (-29 -372 124 ) 
4 202 203 (-29 -334 133 ) (-29 -334 124 ) (-29 -372 124 ) (-29 -372 133 ) 
4 204 225 (-180 -372 100 ) (-124 -372 100 ) (-124 -372 120 ) (-180 -372 120 ) 
4 204 222 (-124 -372 120 ) (-124 -372 133 ) (-180 -372 133 ) (-180 -372 120 ) 
4 204 221 (-124 -372 100 ) (-120 -372 100 ) (-120 -372 124 ) (-124 -372 124 ) 
4 204 219 (-120 -372 124 ) (-120 -372 133 ) (-124 -372 133 ) (-124 -372 124 ) 
4 204 217 (-120 -372 100 ) (-32 -372 100 ) (-32 -372 133 ) (-120 -372 133 ) 
4 204 206 (-180 -372 123.850998 ) (-180 -372 133 ) (-180 -368 133 ) (-180 -368 123.850998 ) 
4 204 205 (-180 -334 133 ) (-180 -334 100 ) (-180 -368 100 ) (-180 -368 133 ) 
4 205 208 (-192 -334 100 ) (-192 -368 100 ) (-192 -368 133 ) (-192 -334 133 ) 
4 205 206 (-180 -368 123.850998 ) (-180 -368 133 ) (-192 -368 133 ) (-192 -368 123.850998 ) 
4 206 222 (-180 -372 123.850998 ) (-180 -372 133 ) (-192 -372 133 ) (-192 -372 123.850998 ) 
4 206 209 (-192 -372 123.850998 ) (-192 -372 133 ) (-192 -368 133 ) (-192 -368 123.850998 ) 
4 207 211 (-204 -192 100 ) (-204 -276 100 ) (-204 -276 204 ) (-204 -192 204 ) 
4 208 212 (-204 -312 100 ) (-204 -356 100 ) (-204 -356 204 ) (-204 -312 204 ) 
4 208 210 (-204 -368 216 ) (-204 -368 148 ) (-198 -368 148 ) (-198 -368 216 ) 
4 208 209 (-198 -368 123.850998 ) (-192 -368 123.850998 ) (-192 -368 216 ) (-198 -368 216 ) 
4 209 222 (-192 -372 123.850998 ) (-192 -372 216 ) (-198 -372 216 ) (-198 -372 123.850998 ) 
4 209 210 (-198 -368 216 ) (-198 -368 148 ) (-198 -372 148 ) (-198 -372 216 ) 
4 210 224 (-198 -372 216 ) (-204 -372 216 ) (-204 -372 148 ) (-198 -372 148 ) 
4 211 269 (-216 -178 100 ) (-216 -288 100 ) (-216 -288 216 ) (-216 -178 216 ) 
4 211 267 (-216 -170 100 ) (-216 -178 100 ) (-216 -178 216 ) (-216 -170 216 ) 
4 211 260 (-216 0 100 ) (-216 -170 100 ) (-216 -170 122 ) (-216 0 122 ) 
4 211 251 (-216 -170 122 ) (-216 -170 216 ) (-216 0 216 ) (-216 0 122 ) 
4 212 310 (-216 -312 100 ) (-216 -356 100 ) (-216 -356 104 ) (-216 -312 104 ) 
4 212 280 (-216 -356 104 ) (-216 -356 204 ) (-216 -312 204 ) (-216 -312 104 ) 
4 213 215 (-10 -373 136 ) (-10 -440 136 ) (-10 -440 216 ) (-10 -373 216 ) 
4 213 214 (-10 -372 216 ) (-10 -372 136 ) (-10 -373 136 ) (-10 -373 216 ) 
4 214 216 (-29 -372 216 ) (-29 -372 136 ) (-29 -373 136 ) (-29 -373 216 ) 
4 214 215 (-29 -373 216 ) (-29 -373 136 ) (-10 -373 136 ) (-10 -373 216 ) 
4 215 216 (-29 -440 136 ) (-29 -440 216 ) (-29 -373 216 ) (-29 -373 136 ) 
4 216 217 (-32 -372 216 ) (-32 -372 136 ) (-32 -440 136 ) (-32 -440 216 ) 
4 217 221 (-120 -372 124 ) (-120 -372 100 ) (-120 -439 100 ) (-120 -439 124 ) 
4 217 219 (-120 -372 216 ) (-120 -372 124 ) (-120 -440 124 ) (-120 -440 216 ) 
4 217 218 (-120 -440 216 ) (-120 -440 100 ) (-40 -440 100 ) (-40 -440 216 ) 
4 218 242 (-117 -463 100 ) (-61 -463 100 ) (-61 -463 123 ) (-117 -463 123 ) 
4 218 245 (-120 -463 100 ) (-117 -463 100 ) (-117 -463 123 ) (-120 -463 123 ) 
4 218 237 (-61 -463 123 ) (-61 -463 216 ) (-120 -463 216 ) (-120 -463 123 ) 
4 218 226 (-61 -463 100 ) (-40 -463 100 ) (-40 -463 216 ) (-61 -463 216 ) 
4 218 220 (-120 -463 148 ) (-120 -463 216 ) (-120 -457 216 ) (-120 -457 148 ) 
4 218 219 (-120 -457 216 ) (-120 -440 216 ) (-120 -440 124 ) (-120 -457 124 ) 
4 219 222 (-124 -372 216 ) (-124 -372 124 ) (-124 -457 124 ) (-124 -457 216 ) 
4 219 221 (-124 -439 124 ) (-124 -372 124 ) (-120 -372 124 ) (-120 -439 124 ) 
4 219 220 (-124 -457 216 ) (-124 -457 148 ) (-120 -457 148 ) (-120 -457 216 ) 
4 220 223 (-124 -463 148 ) (-124 -463 216 ) (-124 -457 216 ) (-124 -457 148 ) 
4 221 225 (-124 -372 120 ) (-124 -372 100 ) (-124 -439 100 ) (-124 -439 120 ) 
4 221 222 (-124 -372 124 ) (-124 -372 120 ) (-124 -439 120 ) (-124 -439 124 ) 
4 222 225 (-180 -372 120 ) (-124 -372 120 ) (-124 -439 120 ) (-180 -439 120 ) 
4 222 224 (-198 -372 216 ) (-198 -372 148 ) (-198 -457 148 ) (-198 -457 216 ) 
4 222 223 (-198 -457 216 ) (-198 -457 148 ) (-124 -457 148 ) (-124 -457 216 ) 
4 223 224 (-198 -463 148 ) (-198 -463 216 ) (-198 -457 216 ) (-198 -457 148 ) 
4 226 242 (-61 -463 123 ) (-61 -463 100 ) (-61 -476 100 ) (-61 -476 123 ) 
4 226 237 (-61 -463 216 ) (-61 -463 123 ) (-61 -476 123 ) (-61 -476 216 ) 
4 226 236 (-61 -476 123 ) (-61 -476 100 ) (-40 -476 100 ) (-40 -476 123 ) 
4 226 232 (-61 -476 216 ) (-61 -476 123 ) (-40 -476 123 ) (-40 -476 216 ) 
4 227 233 (-8 -576 123 ) (-8 -476 123 ) (0 -476 123 ) (0 -576 123 ) 
4 227 230 (-8 -476 216 ) (-8 -476 123 ) (-8 -578 123 ) (-8 -578 216 ) 
4 227 228 (-8 -578 216 ) (-8 -578 215 ) (0 -578 215 ) (0 -578 216 ) 
4 227 229 (-8 -578 211 ) (-8 -578 123 ) (0 -578 123 ) (0 -578 211 ) 
4 228 231 (-8 -580 215 ) (-8 -580 216 ) (-8 -578 216 ) (-8 -578 215 ) 
4 229 248 (0 -580 123 ) (0 -580 211 ) (-8 -580 211 ) (-8 -580 123 ) 
4 230 233 (-12 -576 123 ) (-12 -476 123 ) (-8 -476 123 ) (-8 -576 123 ) 
4 230 231 (-12 -578 216 ) (-12 -578 215 ) (-8 -578 215 ) (-8 -578 216 ) 
4 230 232 (-12 -476 216 ) (-12 -476 123 ) (-12 -578 123 ) (-12 -578 216 ) 
4 231 232 (-12 -580 215 ) (-12 -580 216 ) (-12 -578 216 ) (-12 -578 215 ) 
4 232 238 (-61 -580 215 ) (-61 -580 216 ) (-61 -578 216 ) (-61 -578 215 ) 
4 232 237 (-61 -578 216 ) (-61 -476 216 ) (-61 -476 123 ) (-61 -578 123 ) 
4 232 236 (-12 -580 123 ) (-61 -580 123 ) (-61 -476 123 ) (-12 -476 123 ) 
4 233 234 (-12 -576 122 ) (-12 -576 119 ) (0 -576 119 ) (0 -576 122 ) 
4 233 235 (-12 -576 119 ) (-12 -576 100 ) (0 -576 100 ) (0 -576 119 ) 
4 233 236 (-12 -576 123 ) (-12 -476 123 ) (-12 -476 100 ) (-12 -576 100 ) 
4 234 235 (-12 -578 119 ) (-12 -576 119 ) (0 -576 119 ) (0 -578 119 ) 
3 234 236 (-12 -576 122 ) (-12 -576 119 ) (-12 -578 119 ) 
4 235 236 (-12 -580 100 ) (-12 -580 119 ) (-12 -576 119 ) (-12 -576 100 ) 
3 236 243 (-61 -576 122 ) (-61 -576 119 ) (-61 -578 119 ) 
4 236 244 (-61 -576 100 ) (-61 -580 100 ) (-61 -580 119 ) (-61 -576 119 ) 
4 236 242 (-61 -476 100 ) (-61 -576 100 ) (-61 -576 123 ) (-61 -476 123 ) 
4 237 246 (-120 -513 123 ) (-120 -578 123 ) (-120 -578 208 ) (-120 -513 208 ) 
4 237 242 (-117 -463 123 ) (-61 -463 123 ) (-61 -576 123 ) (-117 -576 123 ) 
4 237 245 (-120 -578 123 ) (-120 -463 123 ) (-117 -463 123 ) (-117 -578 123 ) 
4 237 240 (-113 -578 215 ) (-113 -578 216 ) (-117 -578 216 ) (-117 -578 215 ) 
4 237 241 (-120 -578 216 ) (-120 -578 123 ) (-117 -578 123 ) (-117 -578 216 ) 
4 237 239 (-113 -578 123 ) (-65 -578 123 ) (-65 -578 211 ) (-113 -578 211 ) 
4 237 238 (-61 -578 215 ) (-61 -578 216 ) (-113 -578 216 ) (-113 -578 215 ) 
4 238 240 (-113 -578 216 ) (-113 -578 215 ) (-113 -580 215 ) (-113 -580 216 ) 
4 239 249 (-65 -580 211 ) (-113 -580 211 ) (-113 -580 123 ) (-65 -580 123 ) 
4 240 241 (-117 -578 216 ) (-117 -578 215 ) (-117 -580 215 ) (-117 -580 216 ) 
4 241 246 (-120 -578 123 ) (-120 -580 123 ) (-120 -580 208 ) (-120 -578 208 ) 
4 241 245 (-120 -580 123 ) (-120 -578 123 ) (-117 -578 123 ) (-117 -580 123 ) 
4 242 243 (-117 -576 122 ) (-117 -576 119 ) (-61 -576 119 ) (-61 -576 122 ) 
4 242 244 (-117 -576 119 ) (-117 -576 100 ) (-61 -576 100 ) (-61 -576 119 ) 
4 242 245 (-117 -576 123 ) (-117 -463 123 ) (-117 -463 100 ) (-117 -576 100 ) 
4 243 244 (-117 -578 119 ) (-117 -576 119 ) (-61 -576 119 ) (-61 -578 119 ) 
3 243 245 (-117 -576 122 ) (-117 -576 119 ) (-117 -578 119 ) 
4 244 245 (-117 -580 100 ) (-117 -580 119 ) (-117 -576 119 ) (-117 -576 100 ) 
4 245 246 (-120 -513 100 ) (-120 -580 100 ) (-120 -580 123 ) (-120 -513 123 ) 
4 246 247 (-128 -513 100 ) (-128 -580 100 ) (-128 -580 208 ) (-128 -513 208 ) 
4 247 397 (-168 -512 100 ) (-152 -512 100 ) (-152 -580 100 ) (-168 -580 100 ) 
4 247 398 (-216 -580 100 ) (-216 -512 100 ) (-168 -512 100 ) (-168 -580 100 ) 
4 247 395 (-152 -512 100 ) (-136 -512 100 ) (-136 -580 100 ) (-152 -580 100 ) 
4 247 315 (-216 -512 100 ) (-216 -580 100 ) (-216 -580 216 ) (-216 -512 216 ) 
4 248 250 (0 -592 123 ) (0 -592 211 ) (-8 -592 211 ) (-8 -592 123 ) 
4 249 250 (-65 -592 123 ) (-65 -592 211 ) (-113 -592 211 ) (-113 -592 123 ) 
4 250 405 (-216 -992 100 ) (-216 -642 100 ) (0 -642 100 ) (0 -992 100 ) 
4 250 403 (-216 -642 100 ) (-216 -634 100 ) (0 -634 100 ) (0 -642 100 ) 
4 250 401 (-56 -592 100 ) (-48 -592 100 ) (-48 -634 100 ) (-56 -634 100 ) 
4 250 400 (-48 -592 100 ) (0 -592 100 ) (0 -634 100 ) (-48 -634 100 ) 
4 250 402 (-216 -634 100 ) (-216 -592 100 ) (-56 -592 100 ) (-56 -634 100 ) 
4 250 329 (-216 -784 100 ) (-216 -992 100 ) (-216 -992 216 ) (-216 -784 216 ) 
4 251 267 (-392 -170 122 ) (-216 -170 122 ) (-216 -170 216 ) (-392 -170 216 ) 
4 251 260 (-216 -170 122 ) (-428 -170 122 ) (-428 0 122 ) (-216 0 122 ) 
4 252 268 (-512 -170 122 ) (-448 -170 122 ) (-448 -170 208 ) (-512 -170 208 ) 
4 252 265 (-576 -170 122 ) (-578 -170 122 ) (-578 -130 122 ) (-576 -130 122 ) 
4 252 263 (-578 -74 122 ) (-578 -29 122 ) (-576 -29 122 ) (-576 -74 122 ) 
4 252 261 (-440 -170 122 ) (-576 -170 122 ) (-576 0 122 ) (-440 0 122 ) 
4 252 258 (-578 -78 122 ) (-578 -126 122 ) (-578 -126 210 ) (-578 -78 210 ) 
4 252 259 (-578 -130 122 ) (-578 -170 122 ) (-578 -170 210 ) (-578 -130 210 ) 
4 252 257 (-578 -29 122 ) (-578 -74 122 ) (-578 -74 210 ) (-578 -29 210 ) 
4 252 256 (-578 0 122 ) (-578 -25 122 ) (-578 -25 210 ) (-578 0 210 ) 
4 252 255 (-578 -170 210 ) (-578 -170 214 ) (-578 -130 214 ) (-578 -130 210 ) 
4 252 254 (-578 -74 214 ) (-578 -29 214 ) (-578 -29 210 ) (-578 -74 210 ) 
4 252 253 (-578 -170 214 ) (-578 -170 216 ) (-578 0 216 ) (-578 0 214 ) 
4 253 255 (-578 -130 214 ) (-578 -170 214 ) (-580 -170 214 ) (-580 -130 214 ) 
4 253 254 (-578 -29 214 ) (-578 -74 214 ) (-580 -74 214 ) (-580 -29 214 ) 
4 254 257 (-578 -29 210 ) (-578 -74 210 ) (-580 -74 210 ) (-580 -29 210 ) 
4 255 259 (-578 -130 210 ) (-578 -170 210 ) (-580 -170 210 ) (-580 -130 210 ) 
4 256 337 (-580 -25 210 ) (-580 0 210 ) (-580 0 122 ) (-580 -25 122 ) 
4 257 263 (-580 -74 122 ) (-580 -29 122 ) (-578 -29 122 ) (-578 -74 122 ) 
4 258 338 (-580 -126 210 ) (-580 -78 210 ) (-580 -78 122 ) (-580 -126 122 ) 
4 259 265 (-578 -170 122 ) (-580 -170 122 ) (-580 -130 122 ) (-578 -130 122 ) 
4 260 267 (-392 -170 100 ) (-216 -170 100 ) (-216 -170 122 ) (-392 -170 122 ) 
4 261 268 (-512 -170 100 ) (-448 -170 100 ) (-448 -170 122 ) (-512 -170 122 ) 
4 261 264 (-576 -74 121 ) (-576 -74 118 ) (-576 -130 118 ) (-576 -130 121 ) 
4 261 265 (-576 -170 118 ) (-576 -170 122 ) (-576 -130 122 ) (-576 -130 118 ) 
4 261 262 (-576 0 121 ) (-576 0 118 ) (-576 -29 118 ) (-576 -29 121 ) 
4 261 263 (-576 -74 122 ) (-576 -29 122 ) (-576 -29 118 ) (-576 -74 118 ) 
4 261 266 (-576 0 100 ) (-576 -170 100 ) (-576 -170 118 ) (-576 0 118 ) 
3 262 263 (-578 -29 118 ) (-576 -29 118 ) (-576 -29 121 ) 
4 262 266 (-576 0 118 ) (-576 -29 118 ) (-578 -29 118 ) (-578 0 118 ) 
3 263 264 (-578 -74 118 ) (-576 -74 118 ) (-576 -74 121 ) 
4 263 266 (-576 -29 118 ) (-576 -74 118 ) (-580 -74 118 ) (-580 -29 118 ) 
3 264 265 (-578 -130 118 ) (-576 -130 118 ) (-576 -130 121 ) 
4 264 266 (-576 -74 118 ) (-576 -130 118 ) (-578 -130 118 ) (-578 -74 118 ) 
4 265 266 (-576 -130 118 ) (-576 -170 118 ) (-580 -170 118 ) (-580 -130 118 ) 
4 267 269 (-392 -178 100 ) (-216 -178 100 ) (-216 -178 216 ) (-392 -178 216 ) 
4 268 274 (-512 -178 100 ) (-448 -178 100 ) (-448 -178 208 ) (-512 -178 208 ) 
4 269 279 (-377 -288 100 ) (-297 -288 100 ) (-297 -288 104 ) (-377 -288 104 ) 
4 269 278 (-297 -288 104 ) (-297 -288 204 ) (-377 -288 204 ) (-377 -288 104 ) 
4 269 270 (-392 -224 100 ) (-392 -276 100 ) (-392 -276 204 ) (-392 -224 204 ) 
4 270 274 (-404 -224 100 ) (-404 -276 100 ) (-404 -276 204 ) (-404 -224 204 ) 
4 271 274 (-577 -178 212 ) (-404 -178 212 ) (-404 -288 212 ) (-577 -288 212 ) 
4 271 273 (-577 -264 212 ) (-577 -288 212 ) (-577 -288 216 ) (-577 -264 216 ) 
4 271 272 (-577 -178 216 ) (-577 -178 212 ) (-577 -205 212 ) (-577 -205 216 ) 
4 272 275 (-580 -178 212 ) (-577 -178 212 ) (-577 -205 212 ) (-580 -205 212 ) 
4 273 277 (-577 -264 212 ) (-577 -288 212 ) (-580 -288 212 ) (-580 -264 212 ) 
4 274 276 (-577 -260 212 ) (-577 -209 212 ) (-577 -209 100 ) (-577 -260 100 ) 
4 274 277 (-577 -288 100 ) (-577 -288 212 ) (-577 -264 212 ) (-577 -264 100 ) 
4 274 275 (-577 -205 212 ) (-577 -178 212 ) (-577 -178 100 ) (-577 -205 100 ) 
4 276 339 (-580 -209 100 ) (-580 -260 100 ) (-580 -260 212 ) (-580 -209 212 ) 
4 278 282 (-377 -300 104 ) (-297 -300 104 ) (-297 -300 204 ) (-377 -300 204 ) 
4 278 279 (-377 -288 104 ) (-297 -288 104 ) (-297 -300 104 ) (-377 -300 104 ) 
4 279 310 (-377 -300 100 ) (-297 -300 100 ) (-297 -300 104 ) (-377 -300 104 ) 
4 280 310 (-269 -300 104 ) (-216 -300 104 ) (-216 -368 104 ) (-269 -368 104 ) 
4 280 282 (-269 -300 216 ) (-269 -300 104 ) (-269 -368 104 ) (-269 -368 216 ) 
4 280 281 (-269 -368 192 ) (-269 -368 104 ) (-233 -368 104 ) (-233 -368 192 ) 
4 281 295 (-269 -380 104 ) (-233 -380 104 ) (-233 -380 192 ) (-269 -380 192 ) 
4 282 310 (-394 -300 104 ) (-269 -300 104 ) (-269 -368 104 ) (-394 -368 104 ) 
4 282 283 (-394 -300 209 ) (-394 -300 104 ) (-394 -368 104 ) (-394 -368 209 ) 
4 283 310 (-401 -300 104 ) (-394 -300 104 ) (-394 -368 104 ) (-401 -368 104 ) 
4 283 286 (-401 -318 104 ) (-401 -368 104 ) (-401 -368 209 ) (-401 -318 209 ) 
4 283 285 (-401 -300 209 ) (-401 -300 104 ) (-401 -318 104 ) (-401 -318 209 ) 
4 283 284 (-394 -368 207 ) (-394 -368 209 ) (-401 -368 209 ) (-401 -368 207 ) 
4 284 296 (-394 -380 207 ) (-394 -380 209 ) (-401 -380 209 ) (-401 -380 207 ) 
4 285 310 (-472 -300 104 ) (-401 -300 104 ) (-401 -318 104 ) (-472 -318 104 ) 
4 285 286 (-408 -318 104 ) (-401 -318 104 ) (-401 -318 216 ) (-408 -318 216 ) 
4 285 287 (-472 -318 104 ) (-408 -318 104 ) (-408 -318 216 ) (-472 -318 216 ) 
4 286 310 (-408 -318 104 ) (-401 -318 104 ) (-401 -368 104 ) (-408 -368 104 ) 
4 286 287 (-408 -318 216 ) (-408 -318 104 ) (-408 -368 104 ) (-408 -368 216 ) 
4 287 312 (-408 -368 104 ) (-408 -374 104 ) (-576 -374 104 ) (-576 -368 104 ) 
4 287 311 (-472 -319 104 ) (-472 -368 104 ) (-576 -368 104 ) (-576 -319 104 ) 
4 287 310 (-472 -318 104 ) (-408 -318 104 ) (-408 -368 104 ) (-472 -368 104 ) 
4 287 294 (-576 -374 104 ) (-408 -374 104 ) (-408 -374 216 ) (-576 -374 216 ) 
4 287 289 (-576 -318 121 ) (-576 -318 104 ) (-576 -374 104 ) (-576 -374 121 ) 
4 287 288 (-576 -318 216 ) (-576 -318 122 ) (-576 -374 122 ) (-576 -374 216 ) 
4 288 294 (-576 -374 122 ) (-576 -374 216 ) (-578 -374 216 ) (-578 -374 122 ) 
4 288 292 (-578 -322 122 ) (-578 -370 122 ) (-578 -370 210 ) (-578 -322 210 ) 
4 288 291 (-578 -374 214 ) (-578 -374 216 ) (-578 -322 216 ) (-578 -322 214 ) 
4 288 290 (-578 -318 216 ) (-578 -318 214 ) (-578 -322 214 ) (-578 -322 216 ) 
4 289 312 (-576 -368 104 ) (-576 -374 104 ) (-578 -374 104 ) (-578 -368 104 ) 
4 289 311 (-576 -319 104 ) (-576 -368 104 ) (-578 -368 104 ) (-578 -319 104 ) 
4 289 294 (-578 -374 104 ) (-576 -374 104 ) (-576 -374 121 ) (-578 -374 118 ) 
4 289 293 (-578 -318 118 ) (-578 -318 104 ) (-578 -374 104 ) (-578 -374 118 ) 
4 290 291 (-580 -322 216 ) (-580 -322 214 ) (-578 -322 214 ) (-578 -322 216 ) 
4 291 294 (-580 -374 216 ) (-580 -374 214 ) (-578 -374 214 ) (-578 -374 216 ) 
4 292 340 (-580 -322 210 ) (-580 -322 122 ) (-580 -370 122 ) (-580 -370 210 ) 
4 293 312 (-580 -374 104 ) (-580 -368 104 ) (-578 -368 104 ) (-578 -374 104 ) 
4 293 311 (-580 -368 104 ) (-580 -319 104 ) (-578 -319 104 ) (-578 -368 104 ) 
4 293 294 (-580 -374 118 ) (-580 -374 104 ) (-578 -374 104 ) (-578 -374 118 ) 
4 294 312 (-580 -380 104 ) (-580 -374 104 ) (-408 -374 104 ) (-408 -380 104 ) 
4 294 296 (-580 -380 216 ) (-580 -380 104 ) (-408 -380 104 ) (-408 -380 216 ) 
4 296 314 (-580 -394 104 ) (-580 -380 104 ) (-304 -380 104 ) (-304 -394 104 ) 
4 296 304 (-580 -394 122 ) (-580 -394 104 ) (-576 -394 104 ) (-576 -394 122 ) 
4 296 303 (-576 -394 104 ) (-304 -394 104 ) (-304 -394 122 ) (-576 -394 122 ) 
4 296 299 (-580 -394 216 ) (-580 -394 122 ) (-578 -394 122 ) (-578 -394 216 ) 
4 296 298 (-578 -394 122 ) (-304 -394 122 ) (-304 -394 216 ) (-578 -394 216 ) 
4 297 315 (-282 -512 104 ) (-216 -512 104 ) (-216 -512 216 ) (-282 -512 216 ) 
4 297 313 (-216 -512 104 ) (-282 -512 104 ) (-282 -398 104 ) (-216 -398 104 ) 
4 298 308 (-304 -465 180 ) (-304 -465 185 ) (-578 -465 185 ) (-578 -465 180 ) 
4 298 307 (-304 -465 185 ) (-304 -465 216 ) (-578 -465 216 ) (-578 -465 185 ) 
4 298 309 (-578 -465 122 ) (-304 -465 122 ) (-304 -465 180 ) (-578 -465 180 ) 
4 298 304 (-578 -409 122 ) (-578 -394 122 ) (-576 -394 122 ) (-576 -409 122 ) 
4 298 303 (-304 -465 122 ) (-576 -465 122 ) (-576 -394 122 ) (-304 -394 122 ) 
4 298 302 (-578 -413 122 ) (-578 -461 122 ) (-578 -461 210 ) (-578 -413 210 ) 
4 298 301 (-578 -465 214 ) (-578 -465 216 ) (-578 -413 216 ) (-578 -413 214 ) 
4 298 300 (-578 -413 214 ) (-578 -413 216 ) (-578 -409 216 ) (-578 -409 214 ) 
4 298 299 (-578 -394 216 ) (-578 -394 122 ) (-578 -409 122 ) (-578 -409 216 ) 
4 299 304 (-580 -409 122 ) (-580 -394 122 ) (-578 -394 122 ) (-578 -409 122 ) 
4 299 300 (-580 -409 216 ) (-580 -409 214 ) (-578 -409 214 ) (-578 -409 216 ) 
4 300 301 (-580 -413 216 ) (-580 -413 214 ) (-578 -413 214 ) (-578 -413 216 ) 
4 301 307 (-580 -465 216 ) (-580 -465 214 ) (-578 -465 214 ) (-578 -465 216 ) 
4 302 341 (-580 -413 210 ) (-580 -413 122 ) (-580 -461 122 ) (-580 -461 210 ) 
4 303 314 (-576 -394 104 ) (-304 -394 104 ) (-304 -465 104 ) (-576 -465 104 ) 
4 303 309 (-576 -465 104 ) (-304 -465 104 ) (-304 -465 122 ) (-576 -465 122 ) 
4 303 305 (-576 -465 118 ) (-576 -465 121 ) (-576 -409 121 ) (-576 -409 118 ) 
4 303 306 (-576 -465 104 ) (-576 -465 118 ) (-576 -409 118 ) (-576 -409 104 ) 
4 303 304 (-576 -409 122 ) (-576 -394 122 ) (-576 -394 104 ) (-576 -409 104 ) 
4 304 314 (-580 -409 104 ) (-580 -394 104 ) (-576 -394 104 ) (-576 -409 104 ) 
3 304 305 (-576 -409 118 ) (-576 -409 121 ) (-578 -409 118 ) 
4 304 306 (-580 -409 104 ) (-576 -409 104 ) (-576 -409 118 ) (-580 -409 118 ) 
3 305 309 (-578 -465 118 ) (-576 -465 118 ) (-576 -465 121 ) 
4 305 306 (-578 -409 118 ) (-576 -409 118 ) (-576 -465 118 ) (-578 -465 118 ) 
4 306 314 (-580 -465 104 ) (-580 -409 104 ) (-576 -409 104 ) (-576 -465 104 ) 
4 306 309 (-580 -465 118 ) (-580 -465 104 ) (-576 -465 104 ) (-576 -465 118 ) 
4 307 308 (-304 -500 185 ) (-551 -500 185 ) (-580 -465 185 ) (-304 -465 185 ) 
4 308 309 (-304 -500 180 ) (-551 -500 180 ) (-580 -465 180 ) (-304 -465 180 ) 
4 309 314 (-580 -500 104 ) (-580 -465 104 ) (-304 -465 104 ) (-304 -500 104 ) 
4 310 312 (-408 -368 104 ) (-472 -368 104 ) (-472 -368 100 ) (-408 -368 100 ) 
4 310 311 (-472 -368 100 ) (-472 -368 104 ) (-472 -319 104 ) (-472 -319 100 ) 
4 311 312 (-472 -368 104 ) (-580 -368 104 ) (-580 -368 100 ) (-472 -368 100 ) 
4 312 314 (-408 -380 104 ) (-580 -380 104 ) (-580 -380 100 ) (-408 -380 100 ) 
4 313 350 (-216 -432 100 ) (-216 -512 100 ) (-282 -512 100 ) (-282 -432 100 ) 
4 313 349 (-216 -398 100 ) (-216 -432 100 ) (-282 -432 100 ) (-282 -398 100 ) 
4 313 315 (-282 -512 100 ) (-216 -512 100 ) (-216 -512 104 ) (-282 -512 104 ) 
4 315 406 (-226 -512 100 ) (-216 -512 100 ) (-216 -580 100 ) (-226 -580 100 ) 
4 315 407 (-282 -512 100 ) (-226 -512 100 ) (-226 -580 100 ) (-282 -580 100 ) 
4 315 328 (-282 -580 100 ) (-226 -580 100 ) (-226 -580 216 ) (-282 -580 216 ) 
4 316 317 (-296 -512 216 ) (-296 -512 214 ) (-296 -580 214 ) (-296 -580 216 ) 
4 317 318 (-312 -512 216 ) (-312 -512 200 ) (-312 -580 200 ) (-312 -580 216 ) 
4 318 319 (-328 -512 216 ) (-328 -512 186 ) (-328 -580 186 ) (-328 -580 216 ) 
4 319 320 (-344 -512 216 ) (-344 -512 172 ) (-344 -580 172 ) (-344 -580 216 ) 
4 320 321 (-360 -512 216 ) (-360 -512 158 ) (-360 -580 158 ) (-360 -580 216 ) 
4 321 322 (-376 -512 216 ) (-376 -512 142 ) (-376 -580 142 ) (-376 -580 216 ) 
4 322 323 (-392 -512 216 ) (-392 -512 128 ) (-392 -580 128 ) (-392 -580 216 ) 
4 323 324 (-408 -512 216 ) (-408 -512 114 ) (-408 -580 114 ) (-408 -580 216 ) 
4 324 423 (-412 -512 100 ) (-408 -512 100 ) (-408 -580 100 ) (-412 -580 100 ) 
4 324 425 (-468 -512 100 ) (-412 -512 100 ) (-412 -580 100 ) (-468 -580 100 ) 
4 324 330 (-468 -580 100 ) (-412 -580 100 ) (-412 -580 216 ) (-468 -580 216 ) 
4 324 326 (-468 -522 100 ) (-468 -580 100 ) (-468 -580 194 ) (-468 -522 194 ) 
4 325 433 (-580 -522 100 ) (-580 -512 100 ) (-570 -512 100 ) (-570 -522 100 ) 
4 325 432 (-570 -512 100 ) (-552 -512 100 ) (-552 -522 100 ) (-570 -522 100 ) 
4 325 431 (-552 -512 100 ) (-534 -512 100 ) (-534 -522 100 ) (-552 -522 100 ) 
4 325 429 (-516 -512 100 ) (-498 -512 100 ) (-498 -522 100 ) (-516 -522 100 ) 
4 325 430 (-534 -512 100 ) (-516 -512 100 ) (-516 -522 100 ) (-534 -522 100 ) 
4 325 428 (-498 -512 100 ) (-480 -512 100 ) (-480 -522 100 ) (-498 -522 100 ) 
4 325 342 (-580 -512 100 ) (-580 -522 100 ) (-580 -522 216 ) (-580 -512 216 ) 
4 325 327 (-580 -522 216 ) (-580 -522 100 ) (-480 -522 100 ) (-480 -522 216 ) 
4 326 333 (-480 -580 100 ) (-468 -580 100 ) (-468 -580 194 ) (-480 -580 194 ) 
4 326 327 (-480 -522 194 ) (-480 -522 100 ) (-480 -580 100 ) (-480 -580 194 ) 
4 327 433 (-580 -580 100 ) (-580 -522 100 ) (-570 -522 100 ) (-570 -580 100 ) 
4 327 432 (-570 -522 100 ) (-552 -522 100 ) (-552 -580 100 ) (-570 -580 100 ) 
4 327 431 (-552 -522 100 ) (-534 -522 100 ) (-534 -580 100 ) (-552 -580 100 ) 
4 327 429 (-516 -522 100 ) (-498 -522 100 ) (-498 -580 100 ) (-516 -580 100 ) 
4 327 430 (-534 -522 100 ) (-516 -522 100 ) (-516 -580 100 ) (-534 -580 100 ) 
4 327 428 (-498 -522 100 ) (-480 -522 100 ) (-480 -580 100 ) (-498 -580 100 ) 
4 327 342 (-580 -522 100 ) (-580 -580 100 ) (-580 -580 216 ) (-580 -522 216 ) 
4 327 334 (-580 -580 216 ) (-580 -580 100 ) (-480 -580 100 ) (-480 -580 216 ) 
4 328 407 (-282 -780 100 ) (-282 -580 100 ) (-226 -580 100 ) (-226 -780 100 ) 
4 328 331 (-282 -716 100 ) (-282 -780 100 ) (-282 -780 216 ) (-282 -716 216 ) 
4 329 408 (-282 -992 100 ) (-282 -784 100 ) (-216 -784 100 ) (-216 -992 100 ) 
4 329 332 (-282 -784 100 ) (-282 -992 100 ) (-282 -992 216 ) (-282 -784 216 ) 
4 330 425 (-468 -716 100 ) (-468 -580 100 ) (-412 -580 100 ) (-412 -716 100 ) 
4 330 333 (-468 -580 194 ) (-468 -580 100 ) (-468 -584 100 ) (-468 -584 194 ) 
4 330 331 (-468 -716 216 ) (-468 -716 100 ) (-412 -716 100 ) (-412 -716 216 ) 
4 331 424 (-412 -716 100 ) (-408 -716 100 ) (-408 -780 100 ) (-412 -780 100 ) 
4 331 425 (-468 -780 100 ) (-468 -716 100 ) (-412 -716 100 ) (-412 -780 100 ) 
4 331 410 (-408 -716 100 ) (-288 -716 100 ) (-288 -780 100 ) (-408 -780 100 ) 
4 331 409 (-288 -716 100 ) (-282 -716 100 ) (-282 -780 100 ) (-288 -780 100 ) 
4 332 426 (-468 -992 100 ) (-468 -784 100 ) (-408 -784 100 ) (-408 -992 100 ) 
4 332 411 (-408 -784 100 ) (-282 -784 100 ) (-282 -992 100 ) (-408 -992 100 ) 
4 332 335 (-468 -784 100 ) (-468 -992 100 ) (-468 -992 216 ) (-468 -784 216 ) 
4 333 334 (-480 -580 194 ) (-480 -580 100 ) (-480 -584 100 ) (-480 -584 194 ) 
4 334 433 (-580 -584 100 ) (-580 -580 100 ) (-570 -580 100 ) (-570 -584 100 ) 
4 334 432 (-570 -580 100 ) (-552 -580 100 ) (-552 -584 100 ) (-570 -584 100 ) 
4 334 431 (-552 -580 100 ) (-534 -580 100 ) (-534 -584 100 ) (-552 -584 100 ) 
4 334 429 (-516 -580 100 ) (-498 -580 100 ) (-498 -584 100 ) (-516 -584 100 ) 
4 334 430 (-534 -580 100 ) (-516 -580 100 ) (-516 -584 100 ) (-534 -584 100 ) 
4 334 428 (-498 -580 100 ) (-480 -580 100 ) (-480 -584 100 ) (-498 -584 100 ) 
4 334 342 (-580 -580 100 ) (-580 -584 100 ) (-580 -584 216 ) (-580 -580 216 ) 
4 334 336 (-580 -584 216 ) (-580 -584 100 ) (-480 -584 100 ) (-480 -584 216 ) 
4 335 434 (-468 -784 100 ) (-468 -992 100 ) (-480 -992 100 ) (-480 -784 100 ) 
4 335 336 (-480 -784 100 ) (-480 -992 100 ) (-480 -992 216 ) (-480 -784 216 ) 
4 336 435 (-480 -612 100 ) (-480 -992 100 ) (-570 -992 100 ) (-570 -612 100 ) 
4 336 436 (-580 -992 100 ) (-580 -588 100 ) (-570 -588 100 ) (-570 -992 100 ) 
4 336 433 (-580 -588 100 ) (-580 -584 100 ) (-570 -584 100 ) (-570 -588 100 ) 
4 336 432 (-570 -584 100 ) (-552 -584 100 ) (-552 -588 100 ) (-570 -588 100 ) 
4 336 431 (-552 -584 100 ) (-534 -584 100 ) (-534 -588 100 ) (-552 -588 100 ) 
4 336 429 (-516 -584 100 ) (-498 -584 100 ) (-498 -588 100 ) (-516 -588 100 ) 
4 336 430 (-534 -584 100 ) (-516 -584 100 ) (-516 -588 100 ) (-534 -588 100 ) 
4 336 428 (-498 -584 100 ) (-480 -584 100 ) (-480 -588 100 ) (-498 -588 100 ) 
4 336 342 (-580 -584 100 ) (-580 -992 100 ) (-580 -992 216 ) (-580 -584 216 ) 
4 337 345 (-596 -25 122 ) (-596 -25 210 ) (-596 0 210 ) (-596 0 122 ) 
4 338 345 (-596 -126 210 ) (-596 -78 210 ) (-596 -78 122 ) (-596 -126 122 ) 
4 339 346 (-596 -209 100 ) (-596 -260 100 ) (-596 -260 212 ) (-596 -209 212 ) 
4 340 347 (-596 -370 122 ) (-596 -370 210 ) (-596 -322 210 ) (-596 -322 122 ) 
4 341 347 (-596 -461 210 ) (-596 -413 210 ) (-596 -413 122 ) (-596 -461 122 ) 
4 342 436 (-596 -992 100 ) (-596 -588 100 ) (-580 -588 100 ) (-580 -992 100 ) 
4 342 433 (-596 -588 100 ) (-596 -512 100 ) (-580 -512 100 ) (-580 -588 100 ) 
4 342 347 (-596 -512 100 ) (-596 -992 100 ) (-596 -992 212 ) (-596 -512 212 ) 
4 342 344 (-596 -992 212 ) (-596 -992 216 ) (-596 -512 216 ) (-596 -512 212 ) 
4 343 348 (-599 -205 216 ) (-599 0 216 ) (-599 0 212 ) (-599 -205 212 ) 
4 343 345 (-599 -205 212 ) (-599 0 212 ) (-596 0 212 ) (-596 -205 212 ) 
4 344 348 (-599 -992 216 ) (-599 -264 216 ) (-599 -264 212 ) (-599 -992 212 ) 
4 344 347 (-599 -992 212 ) (-599 -264 212 ) (-596 -264 212 ) (-596 -992 212 ) 
4 345 382 (-599 -205 100 ) (-599 -196 100 ) (-596 -196 100 ) (-596 -205 100 ) 
4 345 379 (-599 -172 100 ) (-599 0 100 ) (-596 0 100 ) (-596 -172 100 ) 
4 345 348 (-599 0 100 ) (-599 -205 100 ) (-599 -205 212 ) (-599 0 212 ) 
4 346 382 (-599 -260 100 ) (-599 -209 100 ) (-596 -209 100 ) (-596 -260 100 ) 
4 346 348 (-599 -209 100 ) (-599 -260 100 ) (-599 -260 212 ) (-599 -209 212 ) 
4 347 436 (-599 -992 100 ) (-599 -588 100 ) (-596 -588 100 ) (-596 -992 100 ) 
4 347 433 (-599 -588 100 ) (-599 -512 100 ) (-596 -512 100 ) (-596 -588 100 ) 
4 347 390 (-599 -512 100 ) (-599 -510 100 ) (-596 -510 100 ) (-596 -512 100 ) 
4 347 388 (-599 -510 100 ) (-599 -296 100 ) (-596 -296 100 ) (-596 -510 100 ) 
4 347 382 (-599 -272 100 ) (-599 -264 100 ) (-596 -264 100 ) (-596 -272 100 ) 
4 347 348 (-599 -264 100 ) (-599 -992 100 ) (-599 -992 212 ) (-599 -264 212 ) 
4 348 436 (-599 -588 100 ) (-599 -992 100 ) (-986 -992 100 ) (-986 -588 100 ) 
4 348 433 (-599 -512 100 ) (-599 -588 100 ) (-986 -588 100 ) (-986 -512 100 ) 
4 348 391 (-686 -512 100 ) (-986 -512 100 ) (-986 -272 100 ) (-686 -272 100 ) 
4 348 390 (-599 -510 100 ) (-599 -512 100 ) (-686 -512 100 ) (-686 -510 100 ) 
4 348 389 (-684 -510 100 ) (-686 -510 100 ) (-686 -296 100 ) (-684 -296 100 ) 
4 348 388 (-599 -296 100 ) (-599 -510 100 ) (-684 -510 100 ) (-684 -296 100 ) 
4 348 387 (-686 -272 100 ) (-986 -272 100 ) (-986 -196 100 ) (-686 -196 100 ) 
4 348 386 (-668 -272 100 ) (-686 -272 100 ) (-686 -196 100 ) (-668 -196 100 ) 
4 348 385 (-650 -272 100 ) (-668 -272 100 ) (-668 -196 100 ) (-650 -196 100 ) 
4 348 383 (-614 -272 100 ) (-632 -272 100 ) (-632 -196 100 ) (-614 -196 100 ) 
4 348 384 (-632 -272 100 ) (-650 -272 100 ) (-650 -196 100 ) (-632 -196 100 ) 
4 348 382 (-599 -196 100 ) (-599 -272 100 ) (-614 -272 100 ) (-614 -196 100 ) 
4 348 381 (-986 0 100 ) (-686 0 100 ) (-686 -196 100 ) (-986 -196 100 ) 
4 348 380 (-686 0 100 ) (-684 0 100 ) (-684 -172 100 ) (-686 -172 100 ) 
4 348 379 (-684 0 100 ) (-599 0 100 ) (-599 -172 100 ) (-684 -172 100 ) 
4 349 376 (-288 -432 94 ) (-288 -380 94 ) (-282 -380 94 ) (-282 -432 94 ) 
4 349 366 (-282 -380 94 ) (-216 -380 94 ) (-216 -432 94 ) (-282 -432 94 ) 
4 349 357 (-216 -380 94 ) (-204 -380 94 ) (-204 -413.575256 94 ) (-216 -431.969086 94 ) 
4 349 350 (-282 -432 94 ) (-216 -432 94 ) (-216 -432 100 ) (-282 -432 100 ) 
4 350 406 (-216 -512 100 ) (-226 -512 100 ) (-226 -512 94 ) (-216 -512 94 ) 
4 350 407 (-226 -512 100 ) (-282 -512 100 ) (-282 -512 94 ) (-226 -512 94 ) 
4 350 374 (-216 -512 94 ) (-282 -512 94 ) (-282 -496 94 ) (-216 -496 94 ) 
4 350 372 (-282 -496 94 ) (-282 -480 94 ) (-216 -480 94 ) (-216 -496 94 ) 
4 350 370 (-282 -480 94 ) (-282 -464 94 ) (-216 -464 94 ) (-216 -480 94 ) 
4 350 368 (-282 -464 94 ) (-282 -448 94 ) (-216 -448 94 ) (-216 -464 94 ) 
4 350 367 (-282 -448 94 ) (-282 -432 94 ) (-216 -432 94 ) (-216 -448 94 ) 
4 351 366 (-216 0 -28 ) (-216 -340 -28 ) (-216 -340 94 ) (-216 0 94 ) 
4 351 357 (-216 -340 94 ) (-216 -340 -28 ) (-156 -340 -28 ) (-156 -340 94 ) 
4 352 355 (-80 -412 -28 ) (0 -412 -28 ) (0 -412 94 ) (-80 -412 94 ) 
4 352 353 (-82 -350 94 ) (-82 -350 20 ) (-82 -412 20 ) (-82 -412 94 ) 
4 353 354 (-88 -350 94 ) (-88 -350 20 ) (-88 -412 20 ) (-88 -412 94 ) 
4 354 363 (-90 -350 -28 ) (-90 -396.405212 -28 ) (-90 -396.406342 70 ) (-90 -350 70 ) 
4 354 361 (-90 -396.405212 -28 ) (-90 -412 -28 ) (-90 -412 70 ) (-90 -396.406342 70 ) 
4 354 360 (-90 -396.406616 94 ) (-90 -350 94 ) (-90 -350 70 ) (-90 -396.406342 70 ) 
4 354 358 (-90 -412 70 ) (-90 -412 94 ) (-90 -396.406616 94 ) (-90 -396.406342 70 ) 
4 355 364 (-80 -432 -28 ) (0 -432 -28 ) (0 -432 94 ) (-80 -432 94 ) 
4 355 356 (-80 -422 -28 ) (-80 -432 -28 ) (-80 -432 94 ) (-80 -422 94 ) 
4 356 364 (-90 -432 -28 ) (-80 -432 -28 ) (-80 -432 94 ) (-90 -432 94 ) 
4 356 361 (-90 -422 -28 ) (-90 -432 -28 ) (-90 -432 70 ) (-90 -422 70 ) 
4 356 358 (-90 -432 70 ) (-90 -432 94 ) (-90 -422 94 ) (-90 -422 70 ) 
4 357 366 (-216 -340 -28 ) (-216 -432 -28 ) (-216 -432 94 ) (-216 -340 94 ) 
4 357 361 (-206.547043 -417.478821 -28 ) (-163.878082 -352.074738 -28 ) (-163.878616 -352.075562 70 ) (-206.547638 -417.479736 70 ) 
4 358 365 (-172.673035 -432 70 ) (-120 -432 70 ) (-120 -432 94 ) (-172.673645 -432 94 ) 
4 358 364 (-120 -432 70 ) (-90 -432 70 ) (-90 -432 94 ) (-120 -432 94 ) 
5 358 361 (-155.251480 -357.252289 70 ) (-90 -396.406342 70 ) (-90 -432 70 ) (-172.673035 -432 70 ) (-197.155624 -421.505585 70 ) 
4 358 360 (-90 -396.406525 94 ) (-90 -396.406250 70 ) (-155.250977 -357.251526 70 ) (-155.250259 -357.252258 94 ) 
4 358 359 (-197.155792 -421.505859 70 ) (-172.673859 -432 70 ) (-172.674515 -432 94 ) (-197.154999 -421.506470 94 ) 
4 359 365 (-204 -432 70 ) (-172.673035 -432 70 ) (-172.673645 -432 94 ) (-204 -432 94 ) 
3 359 362 (-197.158295 -421.504456 70 ) (-172.673035 -432 70 ) (-204 -432 70 ) 
4 360 363 (-150.521255 -350 70 ) (-90 -350 70 ) (-90 -396.406342 70 ) (-155.251129 -357.252472 70 ) 
4 361 365 (-172.670319 -432 -28 ) (-120 -432 -28 ) (-120 -432 70 ) (-172.673035 -432 70 ) 
4 361 364 (-120 -432 -28 ) (-90 -432 -28 ) (-90 -432 70 ) (-120 -432 70 ) 
4 361 363 (-155.249588 -357.250061 70 ) (-90 -396.403015 70 ) (-90 -396.401886 -28 ) (-155.249390 -357.249023 -28 ) 
4 361 362 (-172.672882 -432 -28 ) (-172.675552 -432 70 ) (-197.158844 -421.505310 70 ) (-197.158279 -421.504395 -28 ) 
4 362 365 (-204 -432 -28 ) (-172.670319 -432 -28 ) (-172.673035 -432 70 ) (-204 -432 70 ) 
4 364 442 (-120 -512 -28 ) (0 -512 -28 ) (0 -512 42 ) (-120 -512 42 ) 
4 364 439 (-40 -512 56 ) (-120 -512 56 ) (-120 -512 42 ) (-40 -512 42 ) 
4 364 437 (0 -512 42 ) (0 -512 56 ) (-40 -512 56 ) (-40 -512 42 ) 
4 364 393 (0 -512 56 ) (0 -512 94 ) (-120 -512 94 ) (-120 -512 56 ) 
4 364 365 (-120 -432 94 ) (-120 -432 -28 ) (-120 -500 -28 ) (-120 -500 94 ) 
4 366 376 (-282 0 -28 ) (-282 -432 -28 ) (-282 -432 94 ) (-282 0 94 ) 
4 366 367 (-282 -432 94 ) (-282 -432 -14 ) (-216 -432 -14 ) (-216 -432 94 ) 
4 367 368 (-282 -448 94 ) (-282 -448 0 ) (-216 -448 0 ) (-216 -448 94 ) 
4 368 370 (-282 -464 94 ) (-282 -464 14 ) (-216 -464 14 ) (-216 -464 94 ) 
4 369 371 (-282 -464 -14 ) (-282 -464 -28 ) (-216 -464 -28 ) (-216 -464 -14 ) 
4 370 372 (-282 -480 94 ) (-282 -480 28 ) (-216 -480 28 ) (-216 -480 94 ) 
4 371 373 (-282 -480 0 ) (-282 -480 -28 ) (-216 -480 -28 ) (-216 -480 0 ) 
4 372 374 (-282 -496 94 ) (-282 -496 42 ) (-216 -496 42 ) (-216 -496 94 ) 
4 373 375 (-282 -496 14 ) (-282 -496 -28 ) (-216 -496 -28 ) (-216 -496 14 ) 
4 374 406 (-216 -512 56 ) (-216 -512 94 ) (-226 -512 94 ) (-226 -512 56 ) 
4 374 407 (-226 -512 94 ) (-282 -512 94 ) (-282 -512 56 ) (-226 -512 56 ) 
4 375 442 (-282 -512 -28 ) (-216 -512 -28 ) (-216 -512 28 ) (-282 -512 28 ) 
4 376 377 (-288 0 -28 ) (-288 -432 -28 ) (-288 -432 94 ) (-288 0 94 ) 
4 377 443 (-392 -512 42 ) (-392 -512 -28 ) (-288 -512 -28 ) (-288 -512 42 ) 
4 377 440 (-392 -512 56 ) (-392 -512 42 ) (-288 -512 42 ) (-288 -512 56 ) 
4 377 421 (-392 -512 84 ) (-392 -512 56 ) (-314 -512 56 ) (-314 -512 84 ) 
4 377 420 (-314 -512 56 ) (-294 -512 56 ) (-294 -512 70 ) (-314 -512 70 ) 
4 377 418 (-294 -512 56 ) (-288 -512 56 ) (-288 -512 70 ) (-294 -512 70 ) 
4 377 415 (-288 -512 70 ) (-288 -512 84 ) (-314 -512 84 ) (-314 -512 70 ) 
4 377 412 (-392 -512 94 ) (-392 -512 84 ) (-288 -512 84 ) (-288 -512 94 ) 
4 377 392 (-392 -500 56 ) (-392 0 56 ) (-392 0 -28 ) (-392 -500 -28 ) 
4 377 378 (-392 -500 94 ) (-392 0 94 ) (-392 0 56 ) (-392 -500 56 ) 
4 378 392 (-392 0 56 ) (-392 -500 56 ) (-580 -500 56 ) (-580 0 56 ) 
4 379 380 (-684 -172 60 ) (-684 -172 100 ) (-684 0 100 ) (-684 0 60 ) 
4 380 381 (-686 -172 60 ) (-686 -172 100 ) (-686 0 100 ) (-686 0 60 ) 
4 381 387 (-986 -196 56 ) (-686 -196 56 ) (-686 -196 100 ) (-986 -196 100 ) 
4 382 383 (-614 -196 100 ) (-614 -196 96 ) (-614 -272 96 ) (-614 -272 100 ) 
4 383 384 (-632 -196 100 ) (-632 -196 88 ) (-632 -272 88 ) (-632 -272 100 ) 
4 384 385 (-650 -196 100 ) (-650 -196 80 ) (-650 -272 80 ) (-650 -272 100 ) 
4 385 386 (-668 -196 100 ) (-668 -196 72 ) (-668 -272 72 ) (-668 -272 100 ) 
4 386 387 (-686 -196 100 ) (-686 -196 64 ) (-686 -272 64 ) (-686 -272 100 ) 
4 387 391 (-986 -272 56 ) (-686 -272 56 ) (-686 -272 100 ) (-986 -272 100 ) 
4 388 390 (-596 -510 60 ) (-596 -510 100 ) (-684 -510 100 ) (-684 -510 60 ) 
4 388 389 (-684 -296 100 ) (-684 -296 60 ) (-684 -510 60 ) (-684 -510 100 ) 
4 389 391 (-686 -510 60 ) (-686 -510 100 ) (-686 -296 100 ) (-686 -296 60 ) 
4 389 390 (-686 -510 100 ) (-686 -510 60 ) (-684 -510 60 ) (-684 -510 100 ) 
4 390 433 (-596 -512 100 ) (-686 -512 100 ) (-686 -512 60 ) (-596 -512 60 ) 
4 390 391 (-686 -512 60 ) (-686 -512 100 ) (-686 -510 100 ) (-686 -510 60 ) 
4 391 433 (-686 -512 100 ) (-986 -512 100 ) (-986 -512 56 ) (-686 -512 56 ) 
4 393 439 (-120 -512 56 ) (-40 -512 56 ) (-40 -580 56 ) (-120 -580 56 ) 
4 393 437 (-40 -512 56 ) (0 -512 56 ) (0 -580 56 ) (-40 -580 56 ) 
4 393 399 (-40 -580 56 ) (0 -580 56 ) (0 -580 63 ) (-40 -580 63 ) 
4 393 394 (-120 -512 86 ) (-120 -512 56 ) (-120 -580 56 ) (-120 -580 86 ) 
4 394 439 (-136 -512 56 ) (-120 -512 56 ) (-120 -580 56 ) (-136 -580 56 ) 
4 394 396 (-136 -512 72 ) (-136 -512 56 ) (-136 -580 56 ) (-136 -580 72 ) 
4 395 397 (-152 -512 100 ) (-152 -512 86 ) (-152 -580 86 ) (-152 -580 100 ) 
4 396 439 (-152 -512 56 ) (-136 -512 56 ) (-136 -580 56 ) (-152 -580 56 ) 
4 397 398 (-168 -512 100 ) (-168 -512 72 ) (-168 -580 72 ) (-168 -580 100 ) 
4 398 406 (-216 -512 100 ) (-216 -512 56 ) (-216 -580 56 ) (-216 -580 100 ) 
4 399 438 (-40 -580 56 ) (0 -580 56 ) (0 -592 56 ) (-40 -592 56 ) 
4 399 400 (-40 -592 56 ) (0 -592 56 ) (0 -592 63 ) (-40 -592 63 ) 
4 400 446 (-48 -592 56 ) (0 -592 56 ) (0 -634 56 ) (-48 -634 56 ) 
4 400 403 (0 -634 64 ) (0 -634 100 ) (-48 -634 100 ) (-48 -634 64 ) 
4 400 401 (-48 -592 100 ) (-48 -592 64 ) (-48 -634 64 ) (-48 -634 100 ) 
4 401 403 (-48 -634 64 ) (-48 -634 100 ) (-56 -634 100 ) (-56 -634 64 ) 
4 401 402 (-56 -592 100 ) (-56 -592 64 ) (-56 -634 64 ) (-56 -634 100 ) 
4 402 404 (-216 -634 64 ) (-216 -634 56 ) (-56 -634 56 ) (-56 -634 64 ) 
4 402 403 (-216 -634 100 ) (-216 -634 64 ) (-56 -634 64 ) (-56 -634 100 ) 
4 403 405 (-216 -642 100 ) (-216 -642 64 ) (0 -642 64 ) (0 -642 100 ) 
4 403 404 (-56 -642 64 ) (-216 -642 64 ) (-216 -634 64 ) (-56 -634 64 ) 
4 404 405 (-216 -642 64 ) (-216 -642 56 ) (-56 -642 56 ) (-56 -642 64 ) 
4 405 408 (-216 -784 56 ) (-216 -992 56 ) (-216 -992 100 ) (-216 -784 100 ) 
4 406 407 (-226 -512 100 ) (-226 -512 56 ) (-226 -580 56 ) (-226 -580 100 ) 
4 407 417 (-282 -716 56 ) (-282 -780 56 ) (-282 -780 70 ) (-282 -716 70 ) 
4 407 416 (-282 -716 70 ) (-282 -780 70 ) (-282 -780 84 ) (-282 -716 84 ) 
4 407 413 (-282 -716 84 ) (-282 -780 84 ) (-282 -780 98 ) (-282 -716 98 ) 
4 407 409 (-282 -716 98 ) (-282 -780 98 ) (-282 -780 100 ) (-282 -716 100 ) 
4 408 422 (-282 -784 56 ) (-282 -992 56 ) (-282 -992 98 ) (-282 -784 98 ) 
4 408 411 (-282 -992 98 ) (-282 -992 100 ) (-282 -784 100 ) (-282 -784 98 ) 
4 409 413 (-282 -716 98 ) (-282 -780 98 ) (-288 -780 98 ) (-288 -716 98 ) 
4 409 410 (-288 -716 98 ) (-288 -780 98 ) (-288 -780 100 ) (-288 -716 100 ) 
4 410 424 (-408 -716 98 ) (-408 -780 98 ) (-408 -780 100 ) (-408 -716 100 ) 
4 410 414 (-334 -716 98 ) (-288 -716 98 ) (-288 -780 98 ) (-334 -780 98 ) 
4 411 426 (-408 -784 98 ) (-408 -992 98 ) (-408 -992 100 ) (-408 -784 100 ) 
4 411 422 (-408 -992 98 ) (-408 -784 98 ) (-282 -784 98 ) (-282 -992 98 ) 
4 412 421 (-392 -512 84 ) (-314 -512 84 ) (-314 -624 84 ) (-392 -624 84 ) 
4 412 415 (-314 -512 84 ) (-288 -512 84 ) (-288 -624 84 ) (-314 -624 84 ) 
4 413 416 (-282 -716 84 ) (-282 -780 84 ) (-288 -780 84 ) (-288 -716 84 ) 
4 413 414 (-288 -716 84 ) (-288 -780 84 ) (-288 -780 98 ) (-288 -716 98 ) 
4 414 416 (-288 -716 84 ) (-288 -780 84 ) (-314 -780 84 ) (-314 -716 84 ) 
4 415 421 (-314 -624 84 ) (-314 -512 84 ) (-314 -512 70 ) (-314 -624 70 ) 
4 415 420 (-314 -624 70 ) (-314 -512 70 ) (-294 -512 70 ) (-294 -624 70 ) 
4 415 418 (-294 -512 70 ) (-288 -512 70 ) (-288 -624 70 ) (-294 -624 70 ) 
4 416 419 (-294 -716 70 ) (-288 -716 70 ) (-288 -780 70 ) (-294 -780 70 ) 
4 416 417 (-288 -716 70 ) (-282 -716 70 ) (-282 -780 70 ) (-288 -780 70 ) 
4 417 419 (-288 -716 56 ) (-288 -780 56 ) (-288 -780 70 ) (-288 -716 70 ) 
4 418 447 (-288 -592 56 ) (-288 -624 56 ) (-294 -624 56 ) (-294 -592 56 ) 
4 418 441 (-288 -580 56 ) (-288 -592 56 ) (-294 -592 56 ) (-294 -580 56 ) 
4 418 440 (-294 -512 56 ) (-288 -512 56 ) (-288 -580 56 ) (-294 -580 56 ) 
4 418 420 (-294 -512 56 ) (-294 -624 56 ) (-294 -624 70 ) (-294 -512 70 ) 
4 420 447 (-294 -592 56 ) (-294 -624 56 ) (-314 -624 56 ) (-314 -592 56 ) 
4 420 441 (-294 -580 56 ) (-294 -592 56 ) (-314 -592 56 ) (-314 -580 56 ) 
4 420 440 (-314 -512 56 ) (-294 -512 56 ) (-294 -580 56 ) (-314 -580 56 ) 
4 420 421 (-314 -512 56 ) (-314 -624 56 ) (-314 -624 70 ) (-314 -512 70 ) 
4 421 447 (-314 -592 56 ) (-314 -624 56 ) (-392 -624 56 ) (-392 -592 56 ) 
4 421 441 (-314 -580 56 ) (-314 -592 56 ) (-392 -592 56 ) (-392 -580 56 ) 
4 421 440 (-392 -512 56 ) (-314 -512 56 ) (-314 -580 56 ) (-392 -580 56 ) 
4 422 427 (-408 -784 56 ) (-408 -992 56 ) (-408 -992 98 ) (-408 -784 98 ) 
4 423 425 (-412 -512 100 ) (-412 -512 98 ) (-412 -580 98 ) (-412 -580 100 ) 
4 424 425 (-412 -716 98 ) (-412 -780 98 ) (-412 -780 100 ) (-412 -716 100 ) 
4 426 434 (-468 -784 98 ) (-468 -992 98 ) (-468 -992 100 ) (-468 -784 100 ) 
4 426 427 (-468 -992 98 ) (-468 -784 98 ) (-408 -784 98 ) (-408 -992 98 ) 
4 427 434 (-468 -784 56 ) (-468 -992 56 ) (-468 -992 98 ) (-468 -784 98 ) 
4 428 429 (-498 -512 100 ) (-498 -512 96 ) (-498 -588 96 ) (-498 -588 100 ) 
4 429 430 (-516 -512 100 ) (-516 -512 88 ) (-516 -588 88 ) (-516 -588 100 ) 
4 430 431 (-534 -512 100 ) (-534 -512 80 ) (-534 -588 80 ) (-534 -588 100 ) 
4 431 432 (-552 -512 100 ) (-552 -512 72 ) (-552 -588 72 ) (-552 -588 100 ) 
4 432 433 (-570 -512 100 ) (-570 -512 64 ) (-570 -588 64 ) (-570 -588 100 ) 
4 433 436 (-986 -588 56 ) (-570 -588 56 ) (-570 -588 100 ) (-986 -588 100 ) 
4 434 435 (-480 -784 56 ) (-480 -992 56 ) (-480 -992 100 ) (-480 -784 100 ) 
4 435 436 (-570 -612 56 ) (-570 -992 56 ) (-570 -992 100 ) (-570 -612 100 ) 
4 437 442 (-40 -580 42 ) (-40 -512 42 ) (0 -512 42 ) (0 -580 42 ) 
4 437 439 (-40 -512 42 ) (-40 -580 42 ) (-40 -580 56 ) (-40 -512 56 ) 
4 437 438 (-40 -580 56 ) (-40 -580 42 ) (0 -580 42 ) (0 -580 56 ) 
4 438 446 (0 -592 42 ) (0 -592 56 ) (-40 -592 56 ) (-40 -592 42 ) 
4 438 444 (0 -592 42 ) (-40 -592 42 ) (-40 -580 42 ) (0 -580 42 ) 
4 439 442 (-168 -512 42 ) (-40 -512 42 ) (-40 -580 42 ) (-168 -580 42 ) 
4 440 443 (-392 -580 42 ) (-392 -512 42 ) (-288 -512 42 ) (-288 -580 42 ) 
4 440 441 (-392 -580 56 ) (-392 -580 42 ) (-288 -580 42 ) (-288 -580 56 ) 
4 441 447 (-288 -592 56 ) (-392 -592 56 ) (-392 -592 42 ) (-288 -592 42 ) 
4 441 445 (-288 -592 42 ) (-392 -592 42 ) (-392 -580 42 ) (-288 -580 42 ) 
4 442 444 (0 -580 31 ) (0 -580 42 ) (-40 -580 42 ) (-40 -580 31 ) 
4 443 445 (-392 -580 -28 ) (-288 -580 -28 ) (-288 -580 42 ) (-392 -580 42 ) 
4 444 446 (0 -592 31 ) (0 -592 42 ) (-40 -592 42 ) (-40 -592 31 ) 
4 445 447 (-392 -592 -28 ) (-288 -592 -28 ) (-288 -592 42 ) (-392 -592 42 ) 
