


materialPath: C:\Program Files (x86)\Steam\steamapps\common\Counter-Strike Global Offensive\csgo\materials
Loading d:\maps\wip\46hawthorne.vmf
Map revision 174
Patching WVT material: maps/46hawthorne/de_nuke/nukblenddirtgrassb_wvt_patch
Patching WVT material: maps/46hawthorne/nature/blend_grass_grass_02_wvt_patch
Patching WVT material: maps/46hawthorne/concrete/blend_milwall002_concretefloor012a_wvt_patch
Patching WVT material: maps/46hawthorne/concrete/blend_blacktop_grass_01_wvt_patch
fixing up env_cubemap materials on brush sides...
0...1...2...3...4...5...6...7...8...9...100...1...2...3...4...5...6...7...8...9...10Processing areas...done (0)
Building Faces...done (0)
FixTjuncs...
PruneNodes...
WriteBSP...
done (0)
writing d:\maps\wip\46hawthorne.prt...Building visibility clusters...
AutoVisClustering (threshold=-1) matched 0 leafs.
done (0)
Finding displacement neighbors...
Finding lightmap sample positions...
Displacement Alpha : 0...1...2...3...4...5...6...7...8...9...10
Building Physics collision data...
done (0) (170665 bytes)
Placing detail props : 0...1...2...3...4...5...6...7...8...9...10
Compacting texture/material tables...
Reduced 533 texinfos to 334
Reduced 48 texdatas to 39 (1417 bytes to 1087)
Writing d:\maps\wip\46hawthorne.bsp
MSG_FILEWRITE - Filesystem was asked to write to 'd:\maps\wip\46hawthorne.bsp', but we don't own that location. Allowing...
0 seconds elapsed



8 threads
reading d:\maps\wip\46hawthorne.bsp
reading d:\maps\wip\46hawthorne.prt
 448 portalclusters
1124 numportals
0...1...2...3...4...5...6...7...8...9...100...1...2...3...4...5...6...7...8...9...10Optimized: 378 visible clusters (0.00%)
Total clusters visible: 37324
Average clusters visible: 83
Building PAS...
Average clusters audible: 335
visdatasize:46605  compressed from 50176
writing d:\maps\wip\46hawthorne.bsp
MSG_FILEWRITE - Filesystem was asked to write to 'd:\maps\wip\46hawthorne.bsp', but we don't own that location. Allowing...
0 seconds elapsed



[Reading texlights from 'lights.rad']
[40 texlights parsed from 'lights.rad']

Loading d:\maps\wip\46hawthorne.bsp
1633 faces
89930 square feet [12949983.00 square inches]
0 Displacements
0 Square Feet [0.00 Square Inches]
1633 patches before subdivision
8455 patches after subdivision
15 direct lights
0...1...2...3...4...5...6...7...8...9...100...1...2...3...4...5...6...7...8...9...10transfers 437285, max 265
transfer lists:   3.3 megs
0...1...2...3...4...5...6...7...8...9...10	Bounce #1 added RGB(73562, 70663, 61885)
0...1...2...3...4...5...6...7...8...9...10	Bounce #2 added RGB(23609, 21648, 17349)
0...1...2...3...4...5...6...7...8...9...10	Bounce #3 added RGB(9132, 8042, 6129)
0...1...2...3...4...5...6...7...8...9...10	Bounce #4 added RGB(3320, 2815, 2035)
0...1...2...3...4...5...6...7...8...9...10	Bounce #5 added RGB(1265, 1034, 717)
0...1...2...3...4...5...6...7...8...9...10	Bounce #6 added RGB(478, 377, 252)
0...1...2...3...4...5...6...7...8...9...10	Bounce #7 added RGB(183, 140, 90)
0...1...2...3...4...5...6...7...8...9...10	Bounce #8 added RGB(71, 52, 33)
0...1...2...3...4...5...6...7...8...9...10	Bounce #9 added RGB(27, 20, 12)
0...1...2...3...4...5...6...7...8...9...10	Bounce #10 added RGB(11, 7, 4)
0...1...2...3...4...5...6...7...8...9...10	Bounce #11 added RGB(4, 3, 2)
0...1...2...3...4...5...6...7...8...9...10	Bounce #12 added RGB(2, 1, 1)
0...1...2...3...4...5...6...7...8...9...10	Bounce #13 added RGB(1, 0, 0)
Build Patch/Sample Hash Table(s).....Done<0.0019 sec>
0...1...2...3...4...5...6...7...8...9...10FinalLightFace Done
0 of 0 (0% of) surface lights went in leaf ambient cubes.
0...1...2...3...4...5...6...7...8...9...10Writing leaf ambient...done
Ready to Finish

Object names       Objects/Maxobjs  Memory / Maxmem  Fullness 
------------       ---------------  ---------------  -------- 
models                   2/1024           96/49152    ( 0.2%) 
brushes                502/8192         6024/98304    ( 6.1%) 
brushsides            3078/81920       24624/655360   ( 3.8%) 
planes                 874/65536       17480/1310720  ( 1.3%) 
vertexes              2800/65536       33600/786432   ( 4.3%) 
nodes                  962/65536       30784/2097152  ( 1.5%) 
texinfos               334/12288       24048/884736   ( 2.7%) 
texdata                 39/4096         1248/131072   ( 1.0%) 
dispinfos                0/0               0/0        ( 0.0%) 
disp_verts               0/0               0/0        ( 0.0%) 
disp_tris                0/0               0/0        ( 0.0%) 
disp_multiblend          0/0               0/0        ( 0.0%) 
disp_lmsamples           0/0               0/0        ( 0.0%) 
faces                 1633/65536       91448/3670016  ( 2.5%) 
hdr faces                0/65536           0/3670016  ( 0.0%) 
origfaces             1115/65536       62440/3670016  ( 1.7%) 
facebrushes            755/0            1510/0        ( 0.0%) 
facebrushlists        1633/0            6532/0        ( 0.0%) 
leaves                 965/65536       30880/2097152  ( 1.5%) 
leaffaces             1895/65536        3790/131072   ( 2.9%) 
leafbrushes            873/65536        1746/131072   ( 1.3%) 
areas                    2/1024           16/8192     ( 0.2%) 
surfedges            12405/512000      49620/2048000  ( 2.4%) 
edges                 7422/256000      29688/1024000  ( 2.9%) 
LDR worldlights         15/8192         1500/819200   ( 0.2%) 
HDR worldlights          0/8192            0/819200   ( 0.0%) 
leafwaterdata            0/32768           0/393216   ( 0.0%) 
waterstrips            143/32768        1430/327680   ( 0.4%) 
waterverts               0/65536           0/786432   ( 0.0%) 
waterindices          2352/65536        4704/131072   ( 3.6%) 
cubemapsamples           0/1024            0/16384    ( 0.0%) 
overlays                 0/1024            0/360448   ( 0.0%) 
LDR lightdata         [variable]      697740/0        ( 0.0%) 
HDR lightdata         [variable]           0/0        ( 0.0%) 
visdata               [variable]       46605/16777216 ( 0.3%) 
entdata               [variable]       34907/393216   ( 8.9%) 
LDR ambient table      965/65536        3860/262144   ( 1.5%) 
HDR ambient table      965/65536        3860/262144   ( 1.5%) 
LDR leaf ambient      2832/65536       79296/1835008  ( 4.3%) 
HDR leaf ambient       965/65536       27020/1835008  ( 1.5%) 
occluders                0/0               0/0        ( 0.0%) 
occluder polygons        0/0               0/0        ( 0.0%) 
occluder vert ind        0/0               0/0        ( 0.0%) 
detail props          [variable]           1/12       ( 8.3%) 
static props          [variable]           1/9014     ( 0.0%) 
pakfile               [variable]      151391/0        ( 0.0%) 
physics               [variable]      170665/4194304  ( 4.1%) 
physics terrain       [variable]           2/1048576  ( 0.0%) 

Level flags = 7c

Total triangle count: 4657
Writing d:\maps\wip\46hawthorne.bsp
MSG_FILEWRITE - Filesystem was asked to write to 'd:\maps\wip\46hawthorne.bsp', but we don't own that location. Allowing...
2 seconds elapsed



materialPath: C:\Program Files (x86)\Steam\steamapps\common\Counter-Strike Global Offensive\csgo\materials
Loading d:\maps\wip\46hawthorne.vmf
Map revision 178
Patching WVT material: maps/46hawthorne/de_nuke/nukblenddirtgrassb_wvt_patch
Patching WVT material: maps/46hawthorne/nature/blend_grass_grass_02_wvt_patch
Patching WVT material: maps/46hawthorne/concrete/blend_milwall002_concretefloor012a_wvt_patch
Patching WVT material: maps/46hawthorne/concrete/blend_blacktop_grass_01_wvt_patch
fixing up env_cubemap materials on brush sides...
0...1...2...3...4...5...6...7...8...9...100...1...2...3...4...5...6...7...8...9...10Processing areas...done (0)
Building Faces...done (0)
FixTjuncs...
PruneNodes...
WriteBSP...
done (0)
writing d:\maps\wip\46hawthorne.prt...Building visibility clusters...
AutoVisClustering (threshold=-1) matched 0 leafs.
done (0)
Finding displacement neighbors...
Finding lightmap sample positions...
Displacement Alpha : 0...1...2...3...4...5...6...7...8...9...10
Building Physics collision data...
done (0) (174853 bytes)
Placing detail props : 0...1...2...3...4...5...6...7...8...9...10
Compacting texture/material tables...
Reduced 557 texinfos to 347
Reduced 49 texdatas to 40 (1437 bytes to 1107)
Writing d:\maps\wip\46hawthorne.bsp
MSG_FILEWRITE - Filesystem was asked to write to 'd:\maps\wip\46hawthorne.bsp', but we don't own that location. Allowing...
0 seconds elapsed



8 threads
reading d:\maps\wip\46hawthorne.bsp
reading d:\maps\wip\46hawthorne.prt
 466 portalclusters
1191 numportals
0...1...2...3...4...5...6...7...8...9...100...1...2...3...4...5...6...7...8...9...10Optimized: 454 visible clusters (0.00%)
Total clusters visible: 42334
Average clusters visible: 90
Building PAS...
Average clusters audible: 357
visdatasize:51365  compressed from 59648
writing d:\maps\wip\46hawthorne.bsp
MSG_FILEWRITE - Filesystem was asked to write to 'd:\maps\wip\46hawthorne.bsp', but we don't own that location. Allowing...
0 seconds elapsed



[Reading texlights from 'lights.rad']
[40 texlights parsed from 'lights.rad']

Loading d:\maps\wip\46hawthorne.bsp
1682 faces
89974 square feet [12956308.00 square inches]
0 Displacements
0 Square Feet [0.00 Square Inches]
1682 patches before subdivision
8530 patches after subdivision
15 direct lights
0...1...2...3...4...5...6...7...8...9...100...1...2...3...4...5...6...7...8...9...10transfers 452593, max 266
transfer lists:   3.5 megs
0...1...2...3...4...5...6...7...8...9...10	Bounce #1 added RGB(71962, 69057, 60192)
0...1...2...3...4...5...6...7...8...9...10	Bounce #2 added RGB(23711, 21778, 17419)
0...1...2...3...4...5...6...7...8...9...10	Bounce #3 added RGB(9272, 8195, 6234)
0...1...2...3...4...5...6...7...8...9...10	Bounce #4 added RGB(3445, 2944, 2134)
0...1...2...3...4...5...6...7...8...9...10	Bounce #5 added RGB(1336, 1105, 770)
0...1...2...3...4...5...6...7...8...9...10	Bounce #6 added RGB(516, 414, 279)
0...1...2...3...4...5...6...7...8...9...10	Bounce #7 added RGB(202, 158, 103)
0...1...2...3...4...5...6...7...8...9...10	Bounce #8 added RGB(80, 61, 39)
0...1...2...3...4...5...6...7...8...9...10	Bounce #9 added RGB(32, 24, 15)
0...1...2...3...4...5...6...7...8...9...10	Bounce #10 added RGB(13, 9, 6)
0...1...2...3...4...5...6...7...8...9...10	Bounce #11 added RGB(5, 4, 2)
0...1...2...3...4...5...6...7...8...9...10	Bounce #12 added RGB(2, 1, 1)
0...1...2...3...4...5...6...7...8...9...10	Bounce #13 added RGB(1, 1, 0)
Build Patch/Sample Hash Table(s).....Done<0.0015 sec>
0...1...2...3...4...5...6...7...8...9...10FinalLightFace Done
0 of 0 (0% of) surface lights went in leaf ambient cubes.
0...1...2...3...4...5...6...7...8...9...10Writing leaf ambient...done
Ready to Finish

Object names       Objects/Maxobjs  Memory / Maxmem  Fullness 
------------       ---------------  ---------------  -------- 
models                   3/1024          144/49152    ( 0.3%) 
brushes                514/8192         6168/98304    ( 6.3%) 
brushsides            3150/81920       25200/655360   ( 3.8%) 
planes                 900/65536       18000/1310720  ( 1.4%) 
vertexes              2889/65536       34668/786432   ( 4.4%) 
nodes                 1000/65536       32000/2097152  ( 1.5%) 
texinfos               347/12288       24984/884736   ( 2.8%) 
texdata                 40/4096         1280/131072   ( 1.0%) 
dispinfos                0/0               0/0        ( 0.0%) 
disp_verts               0/0               0/0        ( 0.0%) 
disp_tris                0/0               0/0        ( 0.0%) 
disp_multiblend          0/0               0/0        ( 0.0%) 
disp_lmsamples           0/0               0/0        ( 0.0%) 
faces                 1682/65536       94192/3670016  ( 2.6%) 
hdr faces                0/65536           0/3670016  ( 0.0%) 
origfaces             1140/65536       63840/3670016  ( 1.7%) 
facebrushes            781/0            1562/0        ( 0.0%) 
facebrushlists        1682/0            6728/0        ( 0.0%) 
leaves                1004/65536       32128/2097152  ( 1.5%) 
leaffaces             1956/65536        3912/131072   ( 3.0%) 
leafbrushes            911/65536        1822/131072   ( 1.4%) 
areas                    2/1024           16/8192     ( 0.2%) 
surfedges            12745/512000      50980/2048000  ( 2.5%) 
edges                 7609/256000      30436/1024000  ( 3.0%) 
LDR worldlights         15/8192         1500/819200   ( 0.2%) 
HDR worldlights          0/8192            0/819200   ( 0.0%) 
leafwaterdata            0/32768           0/393216   ( 0.0%) 
waterstrips            154/32768        1540/327680   ( 0.5%) 
waterverts               0/65536           0/786432   ( 0.0%) 
waterindices          2514/65536        5028/131072   ( 3.8%) 
cubemapsamples           0/1024            0/16384    ( 0.0%) 
overlays                 0/1024            0/360448   ( 0.0%) 
LDR lightdata         [variable]      687920/0        ( 0.0%) 
HDR lightdata         [variable]           0/0        ( 0.0%) 
visdata               [variable]       51365/16777216 ( 0.3%) 
entdata               [variable]       35557/393216   ( 9.0%) 
LDR ambient table     1004/65536        4016/262144   ( 1.5%) 
HDR ambient table     1004/65536        4016/262144   ( 1.5%) 
LDR leaf ambient      2878/65536       80584/1835008  ( 4.4%) 
HDR leaf ambient      1004/65536       28112/1835008  ( 1.5%) 
occluders                0/0               0/0        ( 0.0%) 
occluder polygons        0/0               0/0        ( 0.0%) 
occluder vert ind        0/0               0/0        ( 0.0%) 
detail props          [variable]           1/12       ( 8.3%) 
static props          [variable]           1/9016     ( 0.0%) 
pakfile               [variable]      151391/0        ( 0.0%) 
physics               [variable]      174853/4194304  ( 4.2%) 
physics terrain       [variable]           2/1048576  ( 0.0%) 

Level flags = 7c

Total triangle count: 4799
Writing d:\maps\wip\46hawthorne.bsp
MSG_FILEWRITE - Filesystem was asked to write to 'd:\maps\wip\46hawthorne.bsp', but we don't own that location. Allowing...
2 seconds elapsed



materialPath: C:\Program Files (x86)\Steam\steamapps\common\Counter-Strike Global Offensive\csgo\materials
Loading d:\maps\wip\46hawthorne.vmf
Map revision 184
Patching WVT material: maps/46hawthorne/de_nuke/nukblenddirtgrassb_wvt_patch
Patching WVT material: maps/46hawthorne/nature/blend_grass_grass_02_wvt_patch
Patching WVT material: maps/46hawthorne/concrete/blend_milwall002_concretefloor012a_wvt_patch
Patching WVT material: maps/46hawthorne/concrete/blend_blacktop_grass_01_wvt_patch
fixing up env_cubemap materials on brush sides...
0...1...2...3...4...5...6...7...8...9...100...1...2...3...4...5...6...7...8...9...10Processing areas...done (0)
Building Faces...done (0)
FixTjuncs...
PruneNodes...
WriteBSP...
done (0)
writing d:\maps\wip\46hawthorne.prt...Building visibility clusters...
AutoVisClustering (threshold=-1) matched 0 leafs.
done (0)
Finding displacement neighbors...
Finding lightmap sample positions...
Displacement Alpha : 0...1...2...3...4...5...6...7...8...9...10
Building Physics collision data...
done (0) (177605 bytes)
Placing detail props : 0...1...2...3...4...5...6...7...8...9...10
Compacting texture/material tables...
Reduced 573 texinfos to 356
Reduced 50 texdatas to 41 (1480 bytes to 1150)
Writing d:\maps\wip\46hawthorne.bsp
MSG_FILEWRITE - Filesystem was asked to write to 'd:\maps\wip\46hawthorne.bsp', but we don't own that location. Allowing...
0 seconds elapsed



8 threads
reading d:\maps\wip\46hawthorne.bsp
reading d:\maps\wip\46hawthorne.prt
 473 portalclusters
1201 numportals
0...1...2...3...4...5...6...7...8...9...100...1...2...3...4...5...6...7...8...9...10Optimized: 427 visible clusters (0.00%)
Total clusters visible: 43694
Average clusters visible: 92
Building PAS...
Average clusters audible: 360
visdatasize:52889  compressed from 60544
writing d:\maps\wip\46hawthorne.bsp
MSG_FILEWRITE - Filesystem was asked to write to 'd:\maps\wip\46hawthorne.bsp', but we don't own that location. Allowing...
0 seconds elapsed



[Reading texlights from 'lights.rad']
[40 texlights parsed from 'lights.rad']

Loading d:\maps\wip\46hawthorne.bsp
1713 faces
90269 square feet [12998866.00 square inches]
0 Displacements
0 Square Feet [0.00 Square Inches]
1713 patches before subdivision
8597 patches after subdivision
15 direct lights
0...1...2...3...4...5...6...7...8...9...100...1...2...3...4...5...6...7...8...9...10transfers 455459, max 268
transfer lists:   3.5 megs
0...1...2...3...4...5...6...7...8...9...10	Bounce #1 added RGB(69297, 65991, 56652)
0...1...2...3...4...5...6...7...8...9...10	Bounce #2 added RGB(21940, 19801, 15303)
0...1...2...3...4...5...6...7...8...9...10	Bounce #3 added RGB(8254, 7117, 5171)
0...1...2...3...4...5...6...7...8...9...10	Bounce #4 added RGB(2931, 2422, 1653)
0...1...2...3...4...5...6...7...8...9...10	Bounce #5 added RGB(1088, 864, 560)
0...1...2...3...4...5...6...7...8...9...10	Bounce #6 added RGB(400, 306, 189)
0...1...2...3...4...5...6...7...8...9...10	Bounce #7 added RGB(150, 110, 65)
0...1...2...3...4...5...6...7...8...9...10	Bounce #8 added RGB(56, 40, 23)
0...1...2...3...4...5...6...7...8...9...10	Bounce #9 added RGB(21, 15, 8)
0...1...2...3...4...5...6...7...8...9...10	Bounce #10 added RGB(8, 5, 3)
0...1...2...3...4...5...6...7...8...9...10	Bounce #11 added RGB(3, 2, 1)
0...1...2...3...4...5...6...7...8...9...10	Bounce #12 added RGB(1, 1, 0)
0...1...2...3...4...5...6...7...8...9...10	Bounce #13 added RGB(0, 0, 0)
Build Patch/Sample Hash Table(s).....Done<0.0013 sec>
0...1...2...3...4...5...6...7...8...9...10FinalLightFace Done
0 of 0 (0% of) surface lights went in leaf ambient cubes.
0...1...2...3...4...5...6...7...8...9...10Writing leaf ambient...done
Ready to Finish

Object names       Objects/Maxobjs  Memory / Maxmem  Fullness 
------------       ---------------  ---------------  -------- 
models                   3/1024          144/49152    ( 0.3%) 
brushes                522/8192         6264/98304    ( 6.4%) 
brushsides            3198/81920       25584/655360   ( 3.9%) 
planes                 912/65536       18240/1310720  ( 1.4%) 
vertexes              2933/65536       35196/786432   ( 4.5%) 
nodes                 1010/65536       32320/2097152  ( 1.5%) 
texinfos               356/12288       25632/884736   ( 2.9%) 
texdata                 41/4096         1312/131072   ( 1.0%) 
dispinfos                0/0               0/0        ( 0.0%) 
disp_verts               0/0               0/0        ( 0.0%) 
disp_tris                0/0               0/0        ( 0.0%) 
disp_multiblend          0/0               0/0        ( 0.0%) 
disp_lmsamples           0/0               0/0        ( 0.0%) 
faces                 1713/65536       95928/3670016  ( 2.6%) 
hdr faces                0/65536           0/3670016  ( 0.0%) 
origfaces             1168/65536       65408/3670016  ( 1.8%) 
facebrushes            798/0            1596/0        ( 0.0%) 
facebrushlists        1713/0            6852/0        ( 0.0%) 
leaves                1014/65536       32448/2097152  ( 1.5%) 
leaffaces             2003/65536        4006/131072   ( 3.1%) 
leafbrushes            911/65536        1822/131072   ( 1.4%) 
areas                    2/1024           16/8192     ( 0.2%) 
surfedges            12994/512000      51976/2048000  ( 2.5%) 
edges                 7768/256000      31072/1024000  ( 3.0%) 
LDR worldlights         15/8192         1500/819200   ( 0.2%) 
HDR worldlights          0/8192            0/819200   ( 0.0%) 
leafwaterdata            0/32768           0/393216   ( 0.0%) 
waterstrips            159/32768        1590/327680   ( 0.5%) 
waterverts               0/65536           0/786432   ( 0.0%) 
waterindices          2562/65536        5124/131072   ( 3.9%) 
cubemapsamples           0/1024            0/16384    ( 0.0%) 
overlays                 0/1024            0/360448   ( 0.0%) 
LDR lightdata         [variable]      707008/0        ( 0.0%) 
HDR lightdata         [variable]           0/0        ( 0.0%) 
visdata               [variable]       52889/16777216 ( 0.3%) 
entdata               [variable]       36040/393216   ( 9.2%) 
LDR ambient table     1014/65536        4056/262144   ( 1.5%) 
HDR ambient table     1014/65536        4056/262144   ( 1.5%) 
LDR leaf ambient      2940/65536       82320/1835008  ( 4.5%) 
HDR leaf ambient      1014/65536       28392/1835008  ( 1.5%) 
occluders                0/0               0/0        ( 0.0%) 
occluder polygons        0/0               0/0        ( 0.0%) 
occluder vert ind        0/0               0/0        ( 0.0%) 
detail props          [variable]           1/12       ( 8.3%) 
static props          [variable]           1/9116     ( 0.0%) 
pakfile               [variable]      151391/0        ( 0.0%) 
physics               [variable]      177605/4194304  ( 4.2%) 
physics terrain       [variable]           2/1048576  ( 0.0%) 

Level flags = 7c

Total triangle count: 4873
Writing d:\maps\wip\46hawthorne.bsp
MSG_FILEWRITE - Filesystem was asked to write to 'd:\maps\wip\46hawthorne.bsp', but we don't own that location. Allowing...
2 seconds elapsed



materialPath: C:\Program Files (x86)\Steam\steamapps\common\Counter-Strike Global Offensive\csgo\materials
Loading d:\maps\wip\46hawthorne.vmf
Map revision 199
Patching WVT material: maps/46hawthorne/concrete/blend_concrete02_concfloor012a_wvt_patch
Patching WVT material: maps/46hawthorne/de_dust/hr_dust/hr_dust_blend_rollupdoor_metal_01_wvt_patch
Patching WVT material: maps/46hawthorne/nature/blend_grass_grass_02_wvt_patch
Patching WVT material: maps/46hawthorne/de_nuke/nukblenddirtgrassb_wvt_patch
Patching WVT material: maps/46hawthorne/concrete/blend_milwall002_concretefloor012a_wvt_patch
Patching WVT material: maps/46hawthorne/concrete/blend_blacktop_grass_01_wvt_patch
fixing up env_cubemap materials on brush sides...
0...1...2...3...4...5...6...7...8...9...100...1...2...3...4...5...6...7...8...9...10Processing areas...done (0)
Building Faces...done (0)
FixTjuncs...
PruneNodes...
WriteBSP...
done (0)
writing d:\maps\wip\46hawthorne.prt...Building visibility clusters...
AutoVisClustering (threshold=-1) matched 0 leafs.
done (0)
Finding displacement neighbors...
Finding lightmap sample positions...
Displacement Alpha : 0...1...2...3...4...5...6...7...8...9...10
Building Physics collision data...
done (0) (193169 bytes)
Placing detail props : 0...1...2...3...4...5...6...7...8...9...10
Compacting texture/material tables...
Reduced 650 texinfos to 400
Reduced 54 texdatas to 44 (1726 bytes to 1343)
Writing d:\maps\wip\46hawthorne.bsp
MSG_FILEWRITE - Filesystem was asked to write to 'd:\maps\wip\46hawthorne.bsp', but we don't own that location. Allowing...
0 seconds elapsed



8 threads
reading d:\maps\wip\46hawthorne.bsp
reading d:\maps\wip\46hawthorne.prt
 537 portalclusters
1408 numportals
0...1...2...3...4...5...6...7...8...9...100...1...2...3...4...5...6...7...8...9...10Optimized: 394 visible clusters (0.00%)
Total clusters visible: 52627
Average clusters visible: 98
Building PAS...
Average clusters audible: 403
visdatasize:64959  compressed from 77328
writing d:\maps\wip\46hawthorne.bsp
MSG_FILEWRITE - Filesystem was asked to write to 'd:\maps\wip\46hawthorne.bsp', but we don't own that location. Allowing...
0 seconds elapsed



[Reading texlights from 'lights.rad']
[40 texlights parsed from 'lights.rad']

Loading d:\maps\wip\46hawthorne.bsp
1896 faces
116315 square feet [16749383.00 square inches]
0 Displacements
0 Square Feet [0.00 Square Inches]
1896 patches before subdivision
10348 patches after subdivision
15 direct lights
0...1...2...3...4...5...6...7...8...9...100...1...2...3...4...5...6...7...8...9...10transfers 631436, max 307
transfer lists:   4.8 megs
0...1...2...3...4...5...6...7...8...9...10	Bounce #1 added RGB(72449, 69628, 61378)
0...1...2...3...4...5...6...7...8...9...10	Bounce #2 added RGB(22435, 20361, 16069)
0...1...2...3...4...5...6...7...8...9...10	Bounce #3 added RGB(8413, 7288, 5414)
0...1...2...3...4...5...6...7...8...9...10	Bounce #4 added RGB(2964, 2457, 1708)
0...1...2...3...4...5...6...7...8...9...10	Bounce #5 added RGB(1097, 873, 576)
0...1...2...3...4...5...6...7...8...9...10	Bounce #6 added RGB(402, 308, 193)
0...1...2...3...4...5...6...7...8...9...10	Bounce #7 added RGB(150, 111, 66)
0...1...2...3...4...5...6...7...8...9...10	Bounce #8 added RGB(56, 40, 23)
0...1...2...3...4...5...6...7...8...9...10	Bounce #9 added RGB(21, 15, 8)
0...1...2...3...4...5...6...7...8...9...10	Bounce #10 added RGB(8, 5, 3)
0...1...2...3...4...5...6...7...8...9...10	Bounce #11 added RGB(3, 2, 1)
0...1...2...3...4...5...6...7...8...9...10	Bounce #12 added RGB(1, 1, 0)
0...1...2...3...4...5...6...7...8...9...10	Bounce #13 added RGB(0, 0, 0)
Build Patch/Sample Hash Table(s).....Done<0.0017 sec>
0...1...2...3...4...5...6...7...8...9...10FinalLightFace Done
0 of 0 (0% of) surface lights went in leaf ambient cubes.
0...1...2...3...4...5...6...7...8...9...10Writing leaf ambient...done
Ready to Finish

Object names       Objects/Maxobjs  Memory / Maxmem  Fullness 
------------       ---------------  ---------------  -------- 
models                   3/1024          144/49152    ( 0.3%) 
brushes                567/8192         6804/98304    ( 6.9%) 
brushsides            3484/81920       27872/655360   ( 4.3%) 
planes                1036/65536       20720/1310720  ( 1.6%) 
vertexes              3258/65536       39096/786432   ( 5.0%) 
nodes                 1117/65536       35744/2097152  ( 1.7%) 
texinfos               400/12288       28800/884736   ( 3.3%) 
texdata                 44/4096         1408/131072   ( 1.1%) 
dispinfos                0/0               0/0        ( 0.0%) 
disp_verts               0/0               0/0        ( 0.0%) 
disp_tris                0/0               0/0        ( 0.0%) 
disp_multiblend          0/0               0/0        ( 0.0%) 
disp_lmsamples           0/0               0/0        ( 0.0%) 
faces                 1896/65536      106176/3670016  ( 2.9%) 
hdr faces                0/65536           0/3670016  ( 0.0%) 
origfaces             1260/65536       70560/3670016  ( 1.9%) 
facebrushes            896/0            1792/0        ( 0.0%) 
facebrushlists        1896/0            7584/0        ( 0.0%) 
leaves                1121/65536       35872/2097152  ( 1.7%) 
leaffaces             2252/65536        4504/131072   ( 3.4%) 
leafbrushes           1023/65536        2046/131072   ( 1.6%) 
areas                    2/1024           16/8192     ( 0.2%) 
surfedges            14249/512000      56996/2048000  ( 2.8%) 
edges                 8479/256000      33916/1024000  ( 3.3%) 
LDR worldlights         15/8192         1500/819200   ( 0.2%) 
HDR worldlights          0/8192            0/819200   ( 0.0%) 
leafwaterdata            0/32768           0/393216   ( 0.0%) 
waterstrips            175/32768        1750/327680   ( 0.5%) 
waterverts               0/65536           0/786432   ( 0.0%) 
waterindices          2841/65536        5682/131072   ( 4.3%) 
cubemapsamples           0/1024            0/16384    ( 0.0%) 
overlays                 0/1024            0/360448   ( 0.0%) 
LDR lightdata         [variable]      913336/0        ( 0.0%) 
HDR lightdata         [variable]           0/0        ( 0.0%) 
visdata               [variable]       64959/16777216 ( 0.4%) 
entdata               [variable]       36337/393216   ( 9.2%) 
LDR ambient table     1121/65536        4484/262144   ( 1.7%) 
HDR ambient table     1121/65536        4484/262144   ( 1.7%) 
LDR leaf ambient      3316/65536       92848/1835008  ( 5.1%) 
HDR leaf ambient      1121/65536       31388/1835008  ( 1.7%) 
occluders                0/0               0/0        ( 0.0%) 
occluder polygons        0/0               0/0        ( 0.0%) 
occluder vert ind        0/0               0/0        ( 0.0%) 
detail props          [variable]           1/12       ( 8.3%) 
static props          [variable]           1/9330     ( 0.0%) 
pakfile               [variable]      152300/0        ( 0.0%) 
physics               [variable]      193169/4194304  ( 4.6%) 
physics terrain       [variable]           2/1048576  ( 0.0%) 

Level flags = 7c

Total triangle count: 5391
Writing d:\maps\wip\46hawthorne.bsp
MSG_FILEWRITE - Filesystem was asked to write to 'd:\maps\wip\46hawthorne.bsp', but we don't own that location. Allowing...
2 seconds elapsed



materialPath: C:\Program Files (x86)\Steam\steamapps\common\Counter-Strike Global Offensive\csgo\materials
Loading d:\maps\wip\46hawthorne.vmf
Map revision 206
Patching WVT material: maps/46hawthorne/nature/blend_grass_grass_02_wvt_patch
Patching WVT material: maps/46hawthorne/concrete/blend_concrete02_concfloor012a_wvt_patch
Patching WVT material: maps/46hawthorne/de_dust/hr_dust/hr_dust_blend_rollupdoor_metal_01_wvt_patch
Patching WVT material: maps/46hawthorne/de_nuke/nukblenddirtgrassb_wvt_patch
Patching WVT material: maps/46hawthorne/concrete/blend_milwall002_concretefloor012a_wvt_patch
Patching WVT material: maps/46hawthorne/concrete/blend_blacktop_grass_01_wvt_patch
fixing up env_cubemap materials on brush sides...
0...1...2...3...4...5...6...7...8...9...100...1...2...3...4...5...6...7...8...9...10Processing areas...done (0)
Building Faces...done (0)
FixTjuncs...
PruneNodes...
WriteBSP...
done (0)
writing d:\maps\wip\46hawthorne.prt...Building visibility clusters...
AutoVisClustering (threshold=-1) matched 0 leafs.
done (0)
Finding displacement neighbors...
Finding lightmap sample positions...
Displacement Alpha : 0...1...2...3...4...5...6...7...8...9...10
Building Physics collision data...
done (0) (210337 bytes)
Placing detail props : 0...1...2...3...4...5...6...7...8...9...10
Compacting texture/material tables...
Reduced 711 texinfos to 423
Reduced 55 texdatas to 45 (1755 bytes to 1372)
Writing d:\maps\wip\46hawthorne.bsp
MSG_FILEWRITE - Filesystem was asked to write to 'd:\maps\wip\46hawthorne.bsp', but we don't own that location. Allowing...
0 seconds elapsed



8 threads
reading d:\maps\wip\46hawthorne.bsp
reading d:\maps\wip\46hawthorne.prt
 590 portalclusters
1522 numportals
0...1...2...3...4...5...6...7...8...9...100...1...2...3...4...5...6...7...8...9...10Optimized: 446 visible clusters (0.00%)
Total clusters visible: 62506
Average clusters visible: 105
Building PAS...
Average clusters audible: 431
visdatasize:75607  compressed from 94400
writing d:\maps\wip\46hawthorne.bsp
MSG_FILEWRITE - Filesystem was asked to write to 'd:\maps\wip\46hawthorne.bsp', but we don't own that location. Allowing...
0 seconds elapsed



[Reading texlights from 'lights.rad']
[40 texlights parsed from 'lights.rad']

Loading d:\maps\wip\46hawthorne.bsp
2028 faces
117719 square feet [16951554.00 square inches]
0 Displacements
0 Square Feet [0.00 Square Inches]
2028 patches before subdivision
10628 patches after subdivision
15 direct lights
0...1...2...3...4...5...6...7...8...9...100...1...2...3...4...5...6...7...8...9...10transfers 638116, max 314
transfer lists:   4.9 megs
0...1...2...3...4...5...6...7...8...9...10	Bounce #1 added RGB(72120, 69186, 60773)
0...1...2...3...4...5...6...7...8...9...10	Bounce #2 added RGB(22583, 20476, 16135)
0...1...2...3...4...5...6...7...8...9...10	Bounce #3 added RGB(8487, 7343, 5452)
0...1...2...3...4...5...6...7...8...9...10	Bounce #4 added RGB(3004, 2489, 1737)
0...1...2...3...4...5...6...7...8...9...10	Bounce #5 added RGB(1115, 887, 588)
0...1...2...3...4...5...6...7...8...9...10	Bounce #6 added RGB(410, 314, 198)
0...1...2...3...4...5...6...7...8...9...10	Bounce #7 added RGB(153, 113, 68)
0...1...2...3...4...5...6...7...8...9...10	Bounce #8 added RGB(57, 41, 24)
0...1...2...3...4...5...6...7...8...9...10	Bounce #9 added RGB(22, 15, 8)
0...1...2...3...4...5...6...7...8...9...10	Bounce #10 added RGB(8, 5, 3)
0...1...2...3...4...5...6...7...8...9...10	Bounce #11 added RGB(3, 2, 1)
0...1...2...3...4...5...6...7...8...9...10	Bounce #12 added RGB(1, 1, 0)
0...1...2...3...4...5...6...7...8...9...10	Bounce #13 added RGB(0, 0, 0)
Build Patch/Sample Hash Table(s).....Done<0.0017 sec>
0...1...2...3...4...5...6...7...8...9...10FinalLightFace Done
0 of 0 (0% of) surface lights went in leaf ambient cubes.
0...1...2...3...4...5...6...7...8...9...10Writing leaf ambient...done
Ready to Finish

Object names       Objects/Maxobjs  Memory / Maxmem  Fullness 
------------       ---------------  ---------------  -------- 
models                   3/1024          144/49152    ( 0.3%) 
brushes                621/8192         7452/98304    ( 7.6%) 
brushsides            3817/81920       30536/655360   ( 4.7%) 
planes                1106/65536       22120/1310720  ( 1.7%) 
vertexes              3509/65536       42108/786432   ( 5.4%) 
nodes                 1213/65536       38816/2097152  ( 1.9%) 
texinfos               423/12288       30456/884736   ( 3.4%) 
texdata                 45/4096         1440/131072   ( 1.1%) 
dispinfos                0/0               0/0        ( 0.0%) 
disp_verts               0/0               0/0        ( 0.0%) 
disp_tris                0/0               0/0        ( 0.0%) 
disp_multiblend          0/0               0/0        ( 0.0%) 
disp_lmsamples           0/0               0/0        ( 0.0%) 
faces                 2028/65536      113568/3670016  ( 3.1%) 
hdr faces                0/65536           0/3670016  ( 0.0%) 
origfaces             1330/65536       74480/3670016  ( 2.0%) 
facebrushes           1018/0            2036/0        ( 0.0%) 
facebrushlists        2028/0            8112/0        ( 0.0%) 
leaves                1217/65536       38944/2097152  ( 1.9%) 
leaffaces             2440/65536        4880/131072   ( 3.7%) 
leafbrushes           1139/65536        2278/131072   ( 1.7%) 
areas                    2/1024           16/8192     ( 0.2%) 
surfedges            15221/512000      60884/2048000  ( 3.0%) 
edges                 9066/256000      36264/1024000  ( 3.5%) 
LDR worldlights         15/8192         1500/819200   ( 0.2%) 
HDR worldlights          0/8192            0/819200   ( 0.0%) 
leafwaterdata            0/32768           0/393216   ( 0.0%) 
waterstrips            197/32768        1970/327680   ( 0.6%) 
waterverts               0/65536           0/786432   ( 0.0%) 
waterindices          3123/65536        6246/131072   ( 4.8%) 
cubemapsamples           0/1024            0/16384    ( 0.0%) 
overlays                 0/1024            0/360448   ( 0.0%) 
LDR lightdata         [variable]      964912/0        ( 0.0%) 
HDR lightdata         [variable]           0/0        ( 0.0%) 
visdata               [variable]       75607/16777216 ( 0.5%) 
entdata               [variable]       40307/393216   (10.3%) 
LDR ambient table     1217/65536        4868/262144   ( 1.9%) 
HDR ambient table     1217/65536        4868/262144   ( 1.9%) 
LDR leaf ambient      3721/65536      104188/1835008  ( 5.7%) 
HDR leaf ambient      1217/65536       34076/1835008  ( 1.9%) 
occluders                0/0               0/0        ( 0.0%) 
occluder polygons        0/0               0/0        ( 0.0%) 
occluder vert ind        0/0               0/0        ( 0.0%) 
detail props          [variable]           1/12       ( 8.3%) 
static props          [variable]           1/9788     ( 0.0%) 
pakfile               [variable]      152300/0        ( 0.0%) 
physics               [variable]      210337/4194304  ( 5.0%) 
physics terrain       [variable]           2/1048576  ( 0.0%) 

Level flags = 7c

Total triangle count: 5823
Writing d:\maps\wip\46hawthorne.bsp
MSG_FILEWRITE - Filesystem was asked to write to 'd:\maps\wip\46hawthorne.bsp', but we don't own that location. Allowing...
2 seconds elapsed



materialPath: C:\Program Files (x86)\Steam\steamapps\common\Counter-Strike Global Offensive\csgo\materials
Loading d:\maps\wip\46hawthorne.vmf
Map revision 212
Patching WVT material: maps/46hawthorne/nature/blend_grass_grass_02_wvt_patch
Patching WVT material: maps/46hawthorne/concrete/blend_concrete02_concfloor012a_wvt_patch
Patching WVT material: maps/46hawthorne/de_dust/hr_dust/hr_dust_blend_rollupdoor_metal_01_wvt_patch
Patching WVT material: maps/46hawthorne/de_nuke/nukblenddirtgrassb_wvt_patch
Patching WVT material: maps/46hawthorne/concrete/blend_milwall002_concretefloor012a_wvt_patch
Patching WVT material: maps/46hawthorne/concrete/blend_blacktop_grass_01_wvt_patch
fixing up env_cubemap materials on brush sides...
0...1...2...3...4...5...6...7...8...9...100...1...2...3...4...5...6...7...8...9...10Processing areas...done (0)
Building Faces...done (0)
FixTjuncs...
PruneNodes...
WriteBSP...
done (0)
writing d:\maps\wip\46hawthorne.prt...Building visibility clusters...
AutoVisClustering (threshold=-1) matched 0 leafs.
done (0)
Finding displacement neighbors...
Finding lightmap sample positions...
Displacement Alpha : 0...1...2...3...4...5...6...7...8...9...10
Building Physics collision data...
done (0) (221929 bytes)
Error! To use model "models/props/props_gameplay/target_bullseye.mdl"
      with prop_static, it must be compiled with $staticprop!
Error loading studio model "models/props/props_gameplay/target_bullseye.mdl"!
Placing detail props : 0...1...2...3...4...5...6...7...8...9...10
Compacting texture/material tables...
Reduced 732 texinfos to 430
Reduced 55 texdatas to 45 (1755 bytes to 1372)
Writing d:\maps\wip\46hawthorne.bsp
MSG_FILEWRITE - Filesystem was asked to write to 'd:\maps\wip\46hawthorne.bsp', but we don't own that location. Allowing...
0 seconds elapsed



8 threads
reading d:\maps\wip\46hawthorne.bsp
reading d:\maps\wip\46hawthorne.prt
 611 portalclusters
1594 numportals
0...1...2...3...4...5...6...7...8...9...100...1...2...3...4...5...6...7...8...9...10Optimized: 483 visible clusters (0.00%)
Total clusters visible: 67758
Average clusters visible: 110
Building PAS...
Average clusters audible: 452
visdatasize:81137  compressed from 97760
writing d:\maps\wip\46hawthorne.bsp
MSG_FILEWRITE - Filesystem was asked to write to 'd:\maps\wip\46hawthorne.bsp', but we don't own that location. Allowing...
0 seconds elapsed



[Reading texlights from 'lights.rad']
[40 texlights parsed from 'lights.rad']

Loading d:\maps\wip\46hawthorne.bsp
2087 faces
117755 square feet [16956796.00 square inches]
0 Displacements
0 Square Feet [0.00 Square Inches]
2087 patches before subdivision
10755 patches after subdivision
15 direct lights
0...1...2...3...4...5...6...7...8...9...100...1...2...3...4...5...6...7...8...9...10transfers 658218, max 314
transfer lists:   5.0 megs
0...1...2...3...4...5...6...7...8...9...10	Bounce #1 added RGB(66501, 63580, 55063)
0...1...2...3...4...5...6...7...8...9...10	Bounce #2 added RGB(20990, 18938, 14559)
0...1...2...3...4...5...6...7...8...9...10	Bounce #3 added RGB(7843, 6736, 4826)
0...1...2...3...4...5...6...7...8...9...10	Bounce #4 added RGB(2789, 2293, 1532)
0...1...2...3...4...5...6...7...8...9...10	Bounce #5 added RGB(1036, 817, 514)
0...1...2...3...4...5...6...7...8...9...10	Bounce #6 added RGB(382, 290, 173)
0...1...2...3...4...5...6...7...8...9...10	Bounce #7 added RGB(143, 105, 59)
0...1...2...3...4...5...6...7...8...9...10	Bounce #8 added RGB(54, 38, 21)
0...1...2...3...4...5...6...7...8...9...10	Bounce #9 added RGB(20, 14, 7)
0...1...2...3...4...5...6...7...8...9...10	Bounce #10 added RGB(8, 5, 3)
0...1...2...3...4...5...6...7...8...9...10	Bounce #11 added RGB(3, 2, 1)
0...1...2...3...4...5...6...7...8...9...10	Bounce #12 added RGB(1, 1, 0)
0...1...2...3...4...5...6...7...8...9...10	Bounce #13 added RGB(0, 0, 0)
Build Patch/Sample Hash Table(s).....Done<0.0017 sec>
0...1...2...3...4...5...6...7...8...9...10FinalLightFace Done
0 of 0 (0% of) surface lights went in leaf ambient cubes.
0...1...2...3...4...5...6...7...8...9...10Writing leaf ambient...done
Ready to Finish

Object names       Objects/Maxobjs  Memory / Maxmem  Fullness 
------------       ---------------  ---------------  -------- 
models                   3/1024          144/49152    ( 0.3%) 
brushes                656/8192         7872/98304    ( 8.0%) 
brushsides            4031/81920       32248/655360   ( 4.9%) 
planes                1146/65536       22920/1310720  ( 1.7%) 
vertexes              3665/65536       43980/786432   ( 5.6%) 
nodes                 1259/65536       40288/2097152  ( 1.9%) 
texinfos               430/12288       30960/884736   ( 3.5%) 
texdata                 45/4096         1440/131072   ( 1.1%) 
dispinfos                0/0               0/0        ( 0.0%) 
disp_verts               0/0               0/0        ( 0.0%) 
disp_tris                0/0               0/0        ( 0.0%) 
disp_multiblend          0/0               0/0        ( 0.0%) 
disp_lmsamples           0/0               0/0        ( 0.0%) 
faces                 2087/65536      116872/3670016  ( 3.2%) 
hdr faces                0/65536           0/3670016  ( 0.0%) 
origfaces             1382/65536       77392/3670016  ( 2.1%) 
facebrushes           1107/0            2214/0        ( 0.0%) 
facebrushlists        2087/0            8348/0        ( 0.0%) 
leaves                1263/65536       40416/2097152  ( 1.9%) 
leaffaces             2508/65536        5016/131072   ( 3.8%) 
leafbrushes           1209/65536        2418/131072   ( 1.8%) 
areas                    2/1024           16/8192     ( 0.2%) 
surfedges            15731/512000      62924/2048000  ( 3.1%) 
edges                 9395/256000      37580/1024000  ( 3.7%) 
LDR worldlights         15/8192         1500/819200   ( 0.2%) 
HDR worldlights          0/8192            0/819200   ( 0.0%) 
leafwaterdata            0/32768           0/393216   ( 0.0%) 
waterstrips            210/32768        2100/327680   ( 0.6%) 
waterverts               0/65536           0/786432   ( 0.0%) 
waterindices          3348/65536        6696/131072   ( 5.1%) 
cubemapsamples           0/1024            0/16384    ( 0.0%) 
overlays                 0/1024            0/360448   ( 0.0%) 
LDR lightdata         [variable]      969592/0        ( 0.0%) 
HDR lightdata         [variable]           0/0        ( 0.0%) 
visdata               [variable]       81137/16777216 ( 0.5%) 
entdata               [variable]       40298/393216   (10.2%) 
LDR ambient table     1263/65536        5052/262144   ( 1.9%) 
HDR ambient table     1263/65536        5052/262144   ( 1.9%) 
LDR leaf ambient      3812/65536      106736/1835008  ( 5.8%) 
HDR leaf ambient      1263/65536       35364/1835008  ( 1.9%) 
occluders                0/0               0/0        ( 0.0%) 
occluder polygons        0/0               0/0        ( 0.0%) 
occluder vert ind        0/0               0/0        ( 0.0%) 
detail props          [variable]           1/12       ( 8.3%) 
static props          [variable]           1/10000    ( 0.0%) 
pakfile               [variable]      152300/0        ( 0.0%) 
physics               [variable]      221929/4194304  ( 5.3%) 
physics terrain       [variable]           2/1048576  ( 0.0%) 

Level flags = 7c

Total triangle count: 6007
Writing d:\maps\wip\46hawthorne.bsp
MSG_FILEWRITE - Filesystem was asked to write to 'd:\maps\wip\46hawthorne.bsp', but we don't own that location. Allowing...
2 seconds elapsed



materialPath: C:\Program Files (x86)\Steam\steamapps\common\Counter-Strike Global Offensive\csgo\materials
Loading d:\maps\wip\46hawthorne.vmf
Map revision 220
Patching WVT material: maps/46hawthorne/nature/blend_grass_grass_02_wvt_patch
Patching WVT material: maps/46hawthorne/concrete/blend_concrete02_concfloor012a_wvt_patch
Patching WVT material: maps/46hawthorne/de_dust/hr_dust/hr_dust_blend_rollupdoor_metal_01_wvt_patch
Patching WVT material: maps/46hawthorne/de_nuke/nukblenddirtgrassb_wvt_patch
Patching WVT material: maps/46hawthorne/concrete/blend_milwall002_concretefloor012a_wvt_patch
Patching WVT material: maps/46hawthorne/concrete/blend_blacktop_grass_01_wvt_patch
fixing up env_cubemap materials on brush sides...
0...1...2...3...4...5...6...7...8...9...100...1...2...3...4...5...6...7...8...9...10Processing areas...done (0)
Building Faces...done (0)
FixTjuncs...
PruneNodes...
WriteBSP...
done (0)
writing d:\maps\wip\46hawthorne.prt...Building visibility clusters...
AutoVisClustering (threshold=-1) matched 0 leafs.
done (0)
Finding displacement neighbors...
Finding lightmap sample positions...
Displacement Alpha : 0...1...2...3...4...5...6...7...8...9...10
Building Physics collision data...
done (0) (224673 bytes)
Placing detail props : 0...1...2...3...4...5...6...7...8...9...10
Compacting texture/material tables...
Reduced 732 texinfos to 430
Reduced 55 texdatas to 45 (1755 bytes to 1372)
Writing d:\maps\wip\46hawthorne.bsp
MSG_FILEWRITE - Filesystem was asked to write to 'd:\maps\wip\46hawthorne.bsp', but we don't own that location. Allowing...
0 seconds elapsed



8 threads
reading d:\maps\wip\46hawthorne.bsp
reading d:\maps\wip\46hawthorne.prt
 612 portalclusters
1596 numportals
0...1...2...3...4...5...6...7...8...9...100...1...2...3...4...5...6...7...8...9...10Optimized: 492 visible clusters (0.00%)
Total clusters visible: 68002
Average clusters visible: 111
Building PAS...
Average clusters audible: 452
visdatasize:81345  compressed from 97920
writing d:\maps\wip\46hawthorne.bsp
MSG_FILEWRITE - Filesystem was asked to write to 'd:\maps\wip\46hawthorne.bsp', but we don't own that location. Allowing...
0 seconds elapsed



[Reading texlights from 'lights.rad']
[40 texlights parsed from 'lights.rad']

Loading d:\maps\wip\46hawthorne.bsp
2094 faces
117758 square feet [16957240.00 square inches]
0 Displacements
0 Square Feet [0.00 Square Inches]
2094 patches before subdivision
10736 patches after subdivision
15 direct lights
0...1...2...3...4...5...6...7...8...9...100...1...2...3...4...5...6...7...8...9...10transfers 657056, max 314
transfer lists:   5.0 megs
0...1...2...3...4...5...6...7...8...9...10	Bounce #1 added RGB(66520, 63602, 55079)
0...1...2...3...4...5...6...7...8...9...10	Bounce #2 added RGB(20988, 18933, 14550)
0...1...2...3...4...5...6...7...8...9...10	Bounce #3 added RGB(7842, 6734, 4821)
0...1...2...3...4...5...6...7...8...9...10	Bounce #4 added RGB(2788, 2291, 1530)
0...1...2...3...4...5...6...7...8...9...10	Bounce #5 added RGB(1036, 816, 514)
0...1...2...3...4...5...6...7...8...9...10	Bounce #6 added RGB(382, 290, 173)
0...1...2...3...4...5...6...7...8...9...10	Bounce #7 added RGB(143, 105, 59)
0...1...2...3...4...5...6...7...8...9...10	Bounce #8 added RGB(54, 38, 21)
0...1...2...3...4...5...6...7...8...9...10	Bounce #9 added RGB(20, 14, 7)
0...1...2...3...4...5...6...7...8...9...10	Bounce #10 added RGB(8, 5, 3)
0...1...2...3...4...5...6...7...8...9...10	Bounce #11 added RGB(3, 2, 1)
0...1...2...3...4...5...6...7...8...9...10	Bounce #12 added RGB(1, 1, 0)
0...1...2...3...4...5...6...7...8...9...10	Bounce #13 added RGB(0, 0, 0)
Build Patch/Sample Hash Table(s).....Done<0.0017 sec>
0...1...2...3...4...5...6...7...8...9...10FinalLightFace Done
0 of 0 (0% of) surface lights went in leaf ambient cubes.
0...1...2...3...4...5...6...7...8...9...10Writing leaf ambient...done
Ready to Finish

Object names       Objects/Maxobjs  Memory / Maxmem  Fullness 
------------       ---------------  ---------------  -------- 
models                   3/1024          144/49152    ( 0.3%) 
brushes                665/8192         7980/98304    ( 8.1%) 
brushsides            4085/81920       32680/655360   ( 5.0%) 
planes                1144/65536       22880/1310720  ( 1.7%) 
vertexes              3682/65536       44184/786432   ( 5.6%) 
nodes                 1262/65536       40384/2097152  ( 1.9%) 
texinfos               430/12288       30960/884736   ( 3.5%) 
texdata                 45/4096         1440/131072   ( 1.1%) 
dispinfos                0/0               0/0        ( 0.0%) 
disp_verts               0/0               0/0        ( 0.0%) 
disp_tris                0/0               0/0        ( 0.0%) 
disp_multiblend          0/0               0/0        ( 0.0%) 
disp_lmsamples           0/0               0/0        ( 0.0%) 
faces                 2094/65536      117264/3670016  ( 3.2%) 
hdr faces                0/65536           0/3670016  ( 0.0%) 
origfaces             1390/65536       77840/3670016  ( 2.1%) 
facebrushes           1127/0            2254/0        ( 0.0%) 
facebrushlists        2094/0            8376/0        ( 0.0%) 
leaves                1266/65536       40512/2097152  ( 1.9%) 
leaffaces             2530/65536        5060/131072   ( 3.9%) 
leafbrushes           1221/65536        2442/131072   ( 1.9%) 
areas                    2/1024           16/8192     ( 0.2%) 
surfedges            15794/512000      63176/2048000  ( 3.1%) 
edges                 9434/256000      37736/1024000  ( 3.7%) 
LDR worldlights         15/8192         1500/819200   ( 0.2%) 
HDR worldlights          0/8192            0/819200   ( 0.0%) 
leafwaterdata            0/32768           0/393216   ( 0.0%) 
waterstrips            200/32768        2000/327680   ( 0.6%) 
waterverts               0/65536           0/786432   ( 0.0%) 
waterindices          3219/65536        6438/131072   ( 4.9%) 
cubemapsamples           0/1024            0/16384    ( 0.0%) 
overlays                 0/1024            0/360448   ( 0.0%) 
LDR lightdata         [variable]      969876/0        ( 0.0%) 
HDR lightdata         [variable]           0/0        ( 0.0%) 
visdata               [variable]       81345/16777216 ( 0.5%) 
entdata               [variable]       43842/393216   (11.1%) 
LDR ambient table     1266/65536        5064/262144   ( 1.9%) 
HDR ambient table     1266/65536        5064/262144   ( 1.9%) 
LDR leaf ambient      3853/65536      107884/1835008  ( 5.9%) 
HDR leaf ambient      1266/65536       35448/1835008  ( 1.9%) 
occluders                0/0               0/0        ( 0.0%) 
occluder polygons        0/0               0/0        ( 0.0%) 
occluder vert ind        0/0               0/0        ( 0.0%) 
detail props          [variable]           1/12       ( 8.3%) 
static props          [variable]           1/10216    ( 0.0%) 
pakfile               [variable]      152300/0        ( 0.0%) 
physics               [variable]      224673/4194304  ( 5.4%) 
physics terrain       [variable]           2/1048576  ( 0.0%) 

Level flags = 7c

Total triangle count: 6025
Writing d:\maps\wip\46hawthorne.bsp
MSG_FILEWRITE - Filesystem was asked to write to 'd:\maps\wip\46hawthorne.bsp', but we don't own that location. Allowing...
2 seconds elapsed



materialPath: C:\Program Files (x86)\Steam\steamapps\common\Counter-Strike Global Offensive\csgo\materials
Loading d:\maps\wip\46hawthorne.vmf
Map revision 224
Patching WVT material: maps/46hawthorne/nature/blend_grass_grass_02_wvt_patch
Patching WVT material: maps/46hawthorne/concrete/blend_concrete02_concfloor012a_wvt_patch
Patching WVT material: maps/46hawthorne/de_dust/hr_dust/hr_dust_blend_rollupdoor_metal_01_wvt_patch
Patching WVT material: maps/46hawthorne/de_nuke/nukblenddirtgrassb_wvt_patch
Patching WVT material: maps/46hawthorne/concrete/blend_milwall002_concretefloor012a_wvt_patch
Patching WVT material: maps/46hawthorne/concrete/blend_blacktop_grass_01_wvt_patch
fixing up env_cubemap materials on brush sides...
0...1...2...3...4...5...6...7...8...9...10**** leaked ****
Entity info_player_terrorist (-264.46 -464.18 225.00) leaked!
Processing areas...done (0)
Building Faces...done (0)
FixTjuncs...
PruneNodes...
WriteBSP...
done (0)
Finding displacement neighbors...
Finding lightmap sample positions...
Displacement Alpha : 0...1...2...3...4...5...6...7...8...9...10
Building Physics collision data...
done (0) (221697 bytes)
Placing detail props : 0...1...2...3...4...5...6...7...8...9...10
Compacting texture/material tables...
Reduced 723 texinfos to 480
Reduced 55 texdatas to 46 (1755 bytes to 1391)
Writing d:\maps\wip\46hawthorne.bsp
MSG_FILEWRITE - Filesystem was asked to write to 'd:\maps\wip\46hawthorne.bsp', but we don't own that location. Allowing...
0 seconds elapsed



8 threads
reading d:\maps\wip\46hawthorne.bsp
reading d:\maps\wip\46hawthorne.prt
LoadPortals: couldn't read d:\maps\wip\46hawthorne.prt



materialPath: C:\Program Files (x86)\Steam\steamapps\common\Counter-Strike Global Offensive\csgo\materials
Loading d:\maps\wip\46hawthorne.vmf
Map revision 224
Patching WVT material: maps/46hawthorne/nature/blend_grass_grass_02_wvt_patch
Patching WVT material: maps/46hawthorne/concrete/blend_concrete02_concfloor012a_wvt_patch
Patching WVT material: maps/46hawthorne/de_dust/hr_dust/hr_dust_blend_rollupdoor_metal_01_wvt_patch
Patching WVT material: maps/46hawthorne/de_nuke/nukblenddirtgrassb_wvt_patch
Patching WVT material: maps/46hawthorne/concrete/blend_milwall002_concretefloor012a_wvt_patch
Patching WVT material: maps/46hawthorne/concrete/blend_blacktop_grass_01_wvt_patch
fixing up env_cubemap materials on brush sides...
0...1...2...3...4...5...6...7...8...9...10**** leaked ****
Entity info_player_terrorist (-264.46 -464.18 225.00) leaked!
Processing areas...done (0)
Building Faces...done (0)
FixTjuncs...
PruneNodes...
WriteBSP...
done (0)
Finding displacement neighbors...
Finding lightmap sample positions...
Displacement Alpha : 0...1...2...3...4...5...6...7...8...9...10
Building Physics collision data...
done (0) (221697 bytes)
Placing detail props : 0...1...2...3...4...5...6...7...8...9...10
Compacting texture/material tables...
Reduced 723 texinfos to 480
Reduced 55 texdatas to 46 (1755 bytes to 1391)
Writing d:\maps\wip\46hawthorne.bsp
MSG_FILEWRITE - Filesystem was asked to write to 'd:\maps\wip\46hawthorne.bsp', but we don't own that location. Allowing...
0 seconds elapsed



8 threads
reading d:\maps\wip\46hawthorne.bsp
reading d:\maps\wip\46hawthorne.prt
LoadPortals: couldn't read d:\maps\wip\46hawthorne.prt



materialPath: C:\Program Files (x86)\Steam\steamapps\common\Counter-Strike Global Offensive\csgo\materials
Loading d:\maps\wip\46hawthorne.vmf
Map revision 237
Patching WVT material: maps/46hawthorne/nature/blend_grass_grass_02_wvt_patch
Patching WVT material: maps/46hawthorne/concrete/blend_concrete02_concfloor012a_wvt_patch
Patching WVT material: maps/46hawthorne/de_dust/hr_dust/hr_dust_blend_rollupdoor_metal_01_wvt_patch
Patching WVT material: maps/46hawthorne/de_nuke/nukblenddirtgrassb_wvt_patch
Patching WVT material: maps/46hawthorne/concrete/blend_milwall002_concretefloor012a_wvt_patch
Patching WVT material: maps/46hawthorne/concrete/blend_blacktop_grass_01_wvt_patch
fixing up env_cubemap materials on brush sides...
0...1...2...3...4...5...6...7...8...9...100...1...2...3...4...5...6...7...8...9...10Processing areas...done (0)
Building Faces...done (0)
FixTjuncs...
PruneNodes...
WriteBSP...
done (0)
writing d:\maps\wip\46hawthorne.prt...Building visibility clusters...
AutoVisClustering (threshold=-1) matched 0 leafs.
done (0)
Finding displacement neighbors...
Finding lightmap sample positions...
Displacement Alpha : 0...1...2...3...4...5...6...7...8...9...10
Building Physics collision data...
done (0) (223649 bytes)
Placing detail props : 0...1...2...3...4...5...6...7...8...9...10
Compacting texture/material tables...
Reduced 724 texinfos to 437
Reduced 57 texdatas to 46 (1820 bytes to 1392)
Writing d:\maps\wip\46hawthorne.bsp
MSG_FILEWRITE - Filesystem was asked to write to 'd:\maps\wip\46hawthorne.bsp', but we don't own that location. Allowing...
0 seconds elapsed



8 threads
reading d:\maps\wip\46hawthorne.bsp
reading d:\maps\wip\46hawthorne.prt
 564 portalclusters
1508 numportals
0...1...2...3...4...5...6...7...8...9...100...1...2...3...4...5...6...7...8...9...10Optimized: 583 visible clusters (0.00%)
Total clusters visible: 66419
Average clusters visible: 117
Building PAS...
Average clusters audible: 483
visdatasize:71178  compressed from 81216
writing d:\maps\wip\46hawthorne.bsp
MSG_FILEWRITE - Filesystem was asked to write to 'd:\maps\wip\46hawthorne.bsp', but we don't own that location. Allowing...
0 seconds elapsed



[Reading texlights from 'lights.rad']
[40 texlights parsed from 'lights.rad']

Loading d:\maps\wip\46hawthorne.bsp
2019 faces
110365 square feet [15892570.00 square inches]
0 Displacements
0 Square Feet [0.00 Square Inches]
2019 patches before subdivision
9659 patches after subdivision
15 direct lights
0...1...2...3...4...5...6...7...8...9...100...1...2...3...4...5...6...7...8...9...10transfers 583691, max 323
transfer lists:   4.5 megs
0...1...2...3...4...5...6...7...8...9...10	Bounce #1 added RGB(64348, 61448, 52591)
0...1...2...3...4...5...6...7...8...9...10	Bounce #2 added RGB(20597, 18561, 14088)
0...1...2...3...4...5...6...7...8...9...10	Bounce #3 added RGB(7769, 6667, 4712)
0...1...2...3...4...5...6...7...8...9...10	Bounce #4 added RGB(2773, 2279, 1505)
0...1...2...3...4...5...6...7...8...9...10	Bounce #5 added RGB(1032, 814, 508)
0...1...2...3...4...5...6...7...8...9...10	Bounce #6 added RGB(381, 289, 171)
0...1...2...3...4...5...6...7...8...9...10	Bounce #7 added RGB(143, 104, 59)
0...1...2...3...4...5...6...7...8...9...10	Bounce #8 added RGB(54, 38, 21)
0...1...2...3...4...5...6...7...8...9...10	Bounce #9 added RGB(20, 14, 7)
0...1...2...3...4...5...6...7...8...9...10	Bounce #10 added RGB(8, 5, 3)
0...1...2...3...4...5...6...7...8...9...10	Bounce #11 added RGB(3, 2, 1)
0...1...2...3...4...5...6...7...8...9...10	Bounce #12 added RGB(1, 1, 0)
0...1...2...3...4...5...6...7...8...9...10	Bounce #13 added RGB(0, 0, 0)
Build Patch/Sample Hash Table(s).....Done<0.0019 sec>
0...1...2...3...4...5...6...7...8...9...10FinalLightFace Done
0 of 0 (0% of) surface lights went in leaf ambient cubes.
0...1...2...3...4...5...6...7...8...9...10Writing leaf ambient...done
Ready to Finish

Object names       Objects/Maxobjs  Memory / Maxmem  Fullness 
------------       ---------------  ---------------  -------- 
models                   3/1024          144/49152    ( 0.3%) 
brushes                663/8192         7956/98304    ( 8.1%) 
brushsides            4064/81920       32512/655360   ( 5.0%) 
planes                1126/65536       22520/1310720  ( 1.7%) 
vertexes              3525/65536       42300/786432   ( 5.4%) 
nodes                 1188/65536       38016/2097152  ( 1.8%) 
texinfos               437/12288       31464/884736   ( 3.6%) 
texdata                 46/4096         1472/131072   ( 1.1%) 
dispinfos                0/0               0/0        ( 0.0%) 
disp_verts               0/0               0/0        ( 0.0%) 
disp_tris                0/0               0/0        ( 0.0%) 
disp_multiblend          0/0               0/0        ( 0.0%) 
disp_lmsamples           0/0               0/0        ( 0.0%) 
faces                 2019/65536      113064/3670016  ( 3.1%) 
hdr faces                0/65536           0/3670016  ( 0.0%) 
origfaces             1402/65536       78512/3670016  ( 2.1%) 
facebrushes           1107/0            2214/0        ( 0.0%) 
facebrushlists        2019/0            8076/0        ( 0.0%) 
leaves                1192/65536       38144/2097152  ( 1.8%) 
leaffaces             2402/65536        4804/131072   ( 3.7%) 
leafbrushes           1161/65536        2322/131072   ( 1.8%) 
areas                    2/1024           16/8192     ( 0.2%) 
surfedges            15457/512000      61828/2048000  ( 3.0%) 
edges                 9267/256000      37068/1024000  ( 3.6%) 
LDR worldlights         15/8192         1500/819200   ( 0.2%) 
HDR worldlights          0/8192            0/819200   ( 0.0%) 
leafwaterdata            0/32768           0/393216   ( 0.0%) 
waterstrips            194/32768        1940/327680   ( 0.6%) 
waterverts               0/65536           0/786432   ( 0.0%) 
waterindices          3237/65536        6474/131072   ( 4.9%) 
cubemapsamples           0/1024            0/16384    ( 0.0%) 
overlays                 0/1024            0/360448   ( 0.0%) 
LDR lightdata         [variable]      805828/0        ( 0.0%) 
HDR lightdata         [variable]           0/0        ( 0.0%) 
visdata               [variable]       71178/16777216 ( 0.4%) 
entdata               [variable]       51458/393216   (13.1%) 
LDR ambient table     1192/65536        4768/262144   ( 1.8%) 
HDR ambient table     1192/65536        4768/262144   ( 1.8%) 
LDR leaf ambient      3350/65536       93800/1835008  ( 5.1%) 
HDR leaf ambient      1192/65536       33376/1835008  ( 1.8%) 
occluders                0/0               0/0        ( 0.0%) 
occluder polygons        0/0               0/0        ( 0.0%) 
occluder vert ind        0/0               0/0        ( 0.0%) 
detail props          [variable]           1/12       ( 8.3%) 
static props          [variable]           1/11712    ( 0.0%) 
pakfile               [variable]      152618/0        ( 0.0%) 
physics               [variable]      223649/4194304  ( 5.3%) 
physics terrain       [variable]           2/1048576  ( 0.0%) 

Level flags = 7c

Total triangle count: 5792
Writing d:\maps\wip\46hawthorne.bsp
MSG_FILEWRITE - Filesystem was asked to write to 'd:\maps\wip\46hawthorne.bsp', but we don't own that location. Allowing...
4 seconds elapsed



materialPath: C:\Program Files (x86)\Steam\steamapps\common\Counter-Strike Global Offensive\csgo\materials
Loading d:\maps\wip\46hawthorne.vmf
Map revision 239
Patching WVT material: maps/46hawthorne/nature/blend_grass_grass_02_wvt_patch
Patching WVT material: maps/46hawthorne/concrete/blend_concrete02_concfloor012a_wvt_patch
Patching WVT material: maps/46hawthorne/de_dust/hr_dust/hr_dust_blend_rollupdoor_metal_01_wvt_patch
Patching WVT material: maps/46hawthorne/de_nuke/nukblenddirtgrassb_wvt_patch
Patching WVT material: maps/46hawthorne/concrete/blend_milwall002_concretefloor012a_wvt_patch
Patching WVT material: maps/46hawthorne/concrete/blend_blacktop_grass_01_wvt_patch
fixing up env_cubemap materials on brush sides...
0...1...2...3...4...5...6...7...8...9...100...1...2...3...4...5...6...7...8...9...10Processing areas...done (0)
Building Faces...done (0)
FixTjuncs...
PruneNodes...
WriteBSP...
done (0)
writing d:\maps\wip\46hawthorne.prt...Building visibility clusters...
AutoVisClustering (threshold=-1) matched 0 leafs.
done (0)
Finding displacement neighbors...
Finding lightmap sample positions...
Displacement Alpha : 0...1...2...3...4...5...6...7...8...9...10
Building Physics collision data...
done (0) (223649 bytes)
Placing detail props : 0...1...2...3...4...5...6...7...8...9...10
Compacting texture/material tables...
Reduced 724 texinfos to 437
Reduced 57 texdatas to 46 (1820 bytes to 1392)
Writing d:\maps\wip\46hawthorne.bsp
MSG_FILEWRITE - Filesystem was asked to write to 'd:\maps\wip\46hawthorne.bsp', but we don't own that location. Allowing...
0 seconds elapsed



8 threads
reading d:\maps\wip\46hawthorne.bsp
reading d:\maps\wip\46hawthorne.prt
 564 portalclusters
1508 numportals
0...1...2...3...4...5...6...7...8...9...100...1...2...3...4...5...6...7...8...9...10Optimized: 582 visible clusters (0.00%)
Total clusters visible: 66418
Average clusters visible: 117
Building PAS...
Average clusters audible: 483
visdatasize:71178  compressed from 81216
writing d:\maps\wip\46hawthorne.bsp
MSG_FILEWRITE - Filesystem was asked to write to 'd:\maps\wip\46hawthorne.bsp', but we don't own that location. Allowing...
1 second elapsed



[Reading texlights from 'lights.rad']
[40 texlights parsed from 'lights.rad']

Loading d:\maps\wip\46hawthorne.bsp
2019 faces
110365 square feet [15892570.00 square inches]
0 Displacements
0 Square Feet [0.00 Square Inches]
2019 patches before subdivision
9659 patches after subdivision
15 direct lights
0...1...2...3...4...5...6...7...8...9...100...1...2...3...4...5...6...7...8...9...10transfers 583691, max 323
transfer lists:   4.5 megs
0...1...2...3...4...5...6...7...8...9...10	Bounce #1 added RGB(64463, 61534, 52653)
0...1...2...3...4...5...6...7...8...9...10	Bounce #2 added RGB(20619, 18576, 14098)
0...1...2...3...4...5...6...7...8...9...10	Bounce #3 added RGB(7774, 6670, 4714)
0...1...2...3...4...5...6...7...8...9...10	Bounce #4 added RGB(2775, 2280, 1506)
0...1...2...3...4...5...6...7...8...9...10	Bounce #5 added RGB(1033, 814, 508)
0...1...2...3...4...5...6...7...8...9...10	Bounce #6 added RGB(381, 289, 171)
0...1...2...3...4...5...6...7...8...9...10	Bounce #7 added RGB(143, 105, 59)
0...1...2...3...4...5...6...7...8...9...10	Bounce #8 added RGB(54, 38, 21)
0...1...2...3...4...5...6...7...8...9...10	Bounce #9 added RGB(20, 14, 7)
0...1...2...3...4...5...6...7...8...9...10	Bounce #10 added RGB(8, 5, 3)
0...1...2...3...4...5...6...7...8...9...10	Bounce #11 added RGB(3, 2, 1)
0...1...2...3...4...5...6...7...8...9...10	Bounce #12 added RGB(1, 1, 0)
0...1...2...3...4...5...6...7...8...9...10	Bounce #13 added RGB(0, 0, 0)
Build Patch/Sample Hash Table(s).....Done<0.0019 sec>
0...1...2...3...4...5...6...7...8...9...10FinalLightFace Done
0 of 0 (0% of) surface lights went in leaf ambient cubes.
0...1...2...3...4...5...6...7...8...9...10Writing leaf ambient...done
Ready to Finish

Object names       Objects/Maxobjs  Memory / Maxmem  Fullness 
------------       ---------------  ---------------  -------- 
models                   3/1024          144/49152    ( 0.3%) 
brushes                663/8192         7956/98304    ( 8.1%) 
brushsides            4064/81920       32512/655360   ( 5.0%) 
planes                1126/65536       22520/1310720  ( 1.7%) 
vertexes              3525/65536       42300/786432   ( 5.4%) 
nodes                 1188/65536       38016/2097152  ( 1.8%) 
texinfos               437/12288       31464/884736   ( 3.6%) 
texdata                 46/4096         1472/131072   ( 1.1%) 
dispinfos                0/0               0/0        ( 0.0%) 
disp_verts               0/0               0/0        ( 0.0%) 
disp_tris                0/0               0/0        ( 0.0%) 
disp_multiblend          0/0               0/0        ( 0.0%) 
disp_lmsamples           0/0               0/0        ( 0.0%) 
faces                 2019/65536      113064/3670016  ( 3.1%) 
hdr faces                0/65536           0/3670016  ( 0.0%) 
origfaces             1402/65536       78512/3670016  ( 2.1%) 
facebrushes           1107/0            2214/0        ( 0.0%) 
facebrushlists        2019/0            8076/0        ( 0.0%) 
leaves                1192/65536       38144/2097152  ( 1.8%) 
leaffaces             2402/65536        4804/131072   ( 3.7%) 
leafbrushes           1161/65536        2322/131072   ( 1.8%) 
areas                    2/1024           16/8192     ( 0.2%) 
surfedges            15457/512000      61828/2048000  ( 3.0%) 
edges                 9267/256000      37068/1024000  ( 3.6%) 
LDR worldlights         15/8192         1500/819200   ( 0.2%) 
HDR worldlights          0/8192            0/819200   ( 0.0%) 
leafwaterdata            0/32768           0/393216   ( 0.0%) 
waterstrips            194/32768        1940/327680   ( 0.6%) 
waterverts               0/65536           0/786432   ( 0.0%) 
waterindices          3237/65536        6474/131072   ( 4.9%) 
cubemapsamples           0/1024            0/16384    ( 0.0%) 
overlays                 0/1024            0/360448   ( 0.0%) 
LDR lightdata         [variable]      805828/0        ( 0.0%) 
HDR lightdata         [variable]           0/0        ( 0.0%) 
visdata               [variable]       71178/16777216 ( 0.4%) 
entdata               [variable]       51458/393216   (13.1%) 
LDR ambient table     1192/65536        4768/262144   ( 1.8%) 
HDR ambient table     1192/65536        4768/262144   ( 1.8%) 
LDR leaf ambient      3352/65536       93856/1835008  ( 5.1%) 
HDR leaf ambient      1192/65536       33376/1835008  ( 1.8%) 
occluders                0/0               0/0        ( 0.0%) 
occluder polygons        0/0               0/0        ( 0.0%) 
occluder vert ind        0/0               0/0        ( 0.0%) 
detail props          [variable]           1/12       ( 8.3%) 
static props          [variable]           1/11712    ( 0.0%) 
pakfile               [variable]      152618/0        ( 0.0%) 
physics               [variable]      223649/4194304  ( 5.3%) 
physics terrain       [variable]           2/1048576  ( 0.0%) 

Level flags = 7c

Total triangle count: 5792
Writing d:\maps\wip\46hawthorne.bsp
MSG_FILEWRITE - Filesystem was asked to write to 'd:\maps\wip\46hawthorne.bsp', but we don't own that location. Allowing...
3 seconds elapsed



materialPath: C:\Program Files (x86)\Steam\steamapps\common\Counter-Strike Global Offensive\csgo\materials
Loading d:\maps\wip\46hawthorne.vmf
Map revision 244
Patching WVT material: maps/46hawthorne/nature/blend_grass_grass_02_wvt_patch
Patching WVT material: maps/46hawthorne/concrete/blend_concrete02_concfloor012a_wvt_patch
Patching WVT material: maps/46hawthorne/de_dust/hr_dust/hr_dust_blend_rollupdoor_metal_01_wvt_patch
Patching WVT material: maps/46hawthorne/de_nuke/nukblenddirtgrassb_wvt_patch
Patching WVT material: maps/46hawthorne/concrete/blend_milwall002_concretefloor012a_wvt_patch
Patching WVT material: maps/46hawthorne/concrete/blend_blacktop_grass_01_wvt_patch
fixing up env_cubemap materials on brush sides...
0...1...2...3...4...5...6...7...8...9...100...1...2...3...4...5...6...7...8...9...10Processing areas...done (0)
Building Faces...done (0)
FixTjuncs...
PruneNodes...
WriteBSP...
done (0)
writing d:\maps\wip\46hawthorne.prt...Building visibility clusters...
AutoVisClustering (threshold=-1) matched 0 leafs.
done (0)
Finding displacement neighbors...
Finding lightmap sample positions...
Displacement Alpha : 0...1...2...3...4...5...6...7...8...9...10
Building Physics collision data...
done (0) (226353 bytes)
Placing detail props : 0...1...2...3...4...5...6...7...8...9...10
Compacting texture/material tables...
Reduced 734 texinfos to 431
Reduced 57 texdatas to 47 (1784 bytes to 1401)
Writing d:\maps\wip\46hawthorne.bsp
MSG_FILEWRITE - Filesystem was asked to write to 'd:\maps\wip\46hawthorne.bsp', but we don't own that location. Allowing...
0 seconds elapsed



8 threads
reading d:\maps\wip\46hawthorne.bsp
reading d:\maps\wip\46hawthorne.prt
 567 portalclusters
1486 numportals
0...1...2...3...4...5...6...7...8...9...100...1...2...3...4...5...6...7...8...9...10Optimized: 554 visible clusters (0.00%)
Total clusters visible: 65847
Average clusters visible: 116
Building PAS...
Average clusters audible: 473
visdatasize:72189  compressed from 81648
writing d:\maps\wip\46hawthorne.bsp
MSG_FILEWRITE - Filesystem was asked to write to 'd:\maps\wip\46hawthorne.bsp', but we don't own that location. Allowing...
0 seconds elapsed



[Reading texlights from 'lights.rad']
[40 texlights parsed from 'lights.rad']

Loading d:\maps\wip\46hawthorne.bsp
2018 faces
111188 square feet [16011076.00 square inches]
0 Displacements
0 Square Feet [0.00 Square Inches]
2018 patches before subdivision
9852 patches after subdivision
15 direct lights
0...1...2...3...4...5...6...7...8...9...100...1...2...3...4...5...6...7...8...9...10transfers 601224, max 298
transfer lists:   4.6 megs
0...1...2...3...4...5...6...7...8...9...10	Bounce #1 added RGB(63303, 60378, 51528)
0...1...2...3...4...5...6...7...8...9...10	Bounce #2 added RGB(20278, 18238, 13785)
0...1...2...3...4...5...6...7...8...9...10	Bounce #3 added RGB(7645, 6547, 4608)
0...1...2...3...4...5...6...7...8...9...10	Bounce #4 added RGB(2732, 2239, 1472)
0...1...2...3...4...5...6...7...8...9...10	Bounce #5 added RGB(1017, 800, 497)
0...1...2...3...4...5...6...7...8...9...10	Bounce #6 added RGB(376, 285, 168)
0...1...2...3...4...5...6...7...8...9...10	Bounce #7 added RGB(141, 103, 58)
0...1...2...3...4...5...6...7...8...9...10	Bounce #8 added RGB(53, 37, 20)
0...1...2...3...4...5...6...7...8...9...10	Bounce #9 added RGB(20, 14, 7)
0...1...2...3...4...5...6...7...8...9...10	Bounce #10 added RGB(8, 5, 3)
0...1...2...3...4...5...6...7...8...9...10	Bounce #11 added RGB(3, 2, 1)
0...1...2...3...4...5...6...7...8...9...10	Bounce #12 added RGB(1, 1, 0)
0...1...2...3...4...5...6...7...8...9...10	Bounce #13 added RGB(0, 0, 0)
Build Patch/Sample Hash Table(s).....Done<0.0015 sec>
0...1...2...3...4...5...6...7...8...9...10FinalLightFace Done
0 of 0 (0% of) surface lights went in leaf ambient cubes.
0...1...2...3...4...5...6...7...8...9...10Writing leaf ambient...done
Ready to Finish

Object names       Objects/Maxobjs  Memory / Maxmem  Fullness 
------------       ---------------  ---------------  -------- 
models                   3/1024          144/49152    ( 0.3%) 
brushes                671/8192         8052/98304    ( 8.2%) 
brushsides            4118/81920       32944/655360   ( 5.0%) 
planes                1142/65536       22840/1310720  ( 1.7%) 
vertexes              3562/65536       42744/786432   ( 5.4%) 
nodes                 1194/65536       38208/2097152  ( 1.8%) 
texinfos               431/12288       31032/884736   ( 3.5%) 
texdata                 47/4096         1504/131072   ( 1.1%) 
dispinfos                0/0               0/0        ( 0.0%) 
disp_verts               0/0               0/0        ( 0.0%) 
disp_tris                0/0               0/0        ( 0.0%) 
disp_multiblend          0/0               0/0        ( 0.0%) 
disp_lmsamples           0/0               0/0        ( 0.0%) 
faces                 2018/65536      113008/3670016  ( 3.1%) 
hdr faces                0/65536           0/3670016  ( 0.0%) 
origfaces             1381/65536       77336/3670016  ( 2.1%) 
facebrushes           1113/0            2226/0        ( 0.0%) 
facebrushlists        2018/0            8072/0        ( 0.0%) 
leaves                1198/65536       38336/2097152  ( 1.8%) 
leaffaces             2382/65536        4764/131072   ( 3.6%) 
leafbrushes           1170/65536        2340/131072   ( 1.8%) 
areas                    2/1024           16/8192     ( 0.2%) 
surfedges            15376/512000      61504/2048000  ( 3.0%) 
edges                 9246/256000      36984/1024000  ( 3.6%) 
LDR worldlights         15/8192         1500/819200   ( 0.2%) 
HDR worldlights          0/8192            0/819200   ( 0.0%) 
leafwaterdata            0/32768           0/393216   ( 0.0%) 
waterstrips            200/32768        2000/327680   ( 0.6%) 
waterverts               0/65536           0/786432   ( 0.0%) 
waterindices          3261/65536        6522/131072   ( 5.0%) 
cubemapsamples           0/1024            0/16384    ( 0.0%) 
overlays                 0/1024            0/360448   ( 0.0%) 
LDR lightdata         [variable]      827092/0        ( 0.0%) 
HDR lightdata         [variable]           0/0        ( 0.0%) 
visdata               [variable]       72189/16777216 ( 0.4%) 
entdata               [variable]       51161/393216   (13.0%) 
LDR ambient table     1198/65536        4792/262144   ( 1.8%) 
HDR ambient table     1198/65536        4792/262144   ( 1.8%) 
LDR leaf ambient      3504/65536       98112/1835008  ( 5.3%) 
HDR leaf ambient      1198/65536       33544/1835008  ( 1.8%) 
occluders                0/0               0/0        ( 0.0%) 
occluder polygons        0/0               0/0        ( 0.0%) 
occluder vert ind        0/0               0/0        ( 0.0%) 
detail props          [variable]           1/12       ( 8.3%) 
static props          [variable]           1/11712    ( 0.0%) 
pakfile               [variable]      152300/0        ( 0.0%) 
physics               [variable]      226353/4194304  ( 5.4%) 
physics terrain       [variable]           2/1048576  ( 0.0%) 

Level flags = 7c

Total triangle count: 5798
Writing d:\maps\wip\46hawthorne.bsp
MSG_FILEWRITE - Filesystem was asked to write to 'd:\maps\wip\46hawthorne.bsp', but we don't own that location. Allowing...
3 seconds elapsed



materialPath: C:\Program Files (x86)\Steam\steamapps\common\Counter-Strike Global Offensive\csgo\materials
Loading d:\maps\wip\46hawthorne.vmf
Map revision 247
Patching WVT material: maps/46hawthorne/nature/blend_grass_grass_02_wvt_patch
Patching WVT material: maps/46hawthorne/concrete/blend_milwall002_concretefloor012a_wvt_patch
Patching WVT material: maps/46hawthorne/concrete/blend_sidewalk_01_wvt_patch
Patching WVT material: maps/46hawthorne/concrete/blend_concrete02_concfloor012a_wvt_patch
Patching WVT material: maps/46hawthorne/de_dust/hr_dust/hr_dust_blend_rollupdoor_metal_01_wvt_patch
Patching WVT material: maps/46hawthorne/de_nuke/nukblenddirtgrassb_wvt_patch
Patching WVT material: maps/46hawthorne/concrete/blend_blacktop_grass_01_wvt_patch
fixing up env_cubemap materials on brush sides...
0...1...2...3...4..Brush 40906: WARNING, microbrush
.5...6...7...8...9...10**** leaked ****
Entity prop_static (-401.00 -1013.00 6.00) leaked!
Processing areas...done (0)
Building Faces...done (0)
FixTjuncs...
PruneNodes...
WriteBSP...
done (0)
Finding displacement neighbors...
Finding lightmap sample positions...
Displacement Alpha : 0...1...2...3...4...5...6...7...8...9...10
Building Physics collision data...
done (0) (239959 bytes)
Placing detail props : 0...1...2...3...4...5...6...7...8...9...10
Compacting texture/material tables...
Reduced 747 texinfos to 486
Reduced 60 texdatas to 49 (1891 bytes to 1446)
Writing d:\maps\wip\46hawthorne.bsp
MSG_FILEWRITE - Filesystem was asked to write to 'd:\maps\wip\46hawthorne.bsp', but we don't own that location. Allowing...
0 seconds elapsed



8 threads
reading d:\maps\wip\46hawthorne.bsp
reading d:\maps\wip\46hawthorne.prt
LoadPortals: couldn't read d:\maps\wip\46hawthorne.prt



materialPath: C:\Program Files (x86)\Steam\steamapps\common\Counter-Strike Global Offensive\csgo\materials
Loading d:\maps\wip\46hawthorne.vmf
Map revision 254
Patching WVT material: maps/46hawthorne/nature/blend_grass_grass_02_wvt_patch
Patching WVT material: maps/46hawthorne/concrete/blend_milwall002_concretefloor012a_wvt_patch
Patching WVT material: maps/46hawthorne/concrete/blend_concrete02_concfloor012a_wvt_patch
Patching WVT material: maps/46hawthorne/de_dust/hr_dust/hr_dust_blend_rollupdoor_metal_01_wvt_patch
Patching WVT material: maps/46hawthorne/de_nuke/nukblenddirtgrassb_wvt_patch
Patching WVT material: maps/46hawthorne/concrete/blend_blacktop_grass_01_wvt_patch
fixing up env_cubemap materials on brush sides...
0...1...2...3...4..Brush 40906: WARNING, microbrush
.5...6...7...8...9...100...1...2...3...4..Brush 40906: WARNING, microbrush
.5...6...7...8...9...10Processing areas...done (0)
Building Faces...done (0)
FixTjuncs...
PruneNodes...
WriteBSP...
done (0)
writing d:\maps\wip\46hawthorne.prt...Building visibility clusters...
AutoVisClustering (threshold=-1) matched 0 leafs.
done (0)
Finding displacement neighbors...
Finding lightmap sample positions...
Displacement Alpha : 0...1...2...3...4...5...6...7...8...9...10
Building Physics collision data...
done (0) (246743 bytes)
Placing detail props : 0...1...2...3...4...5...6...7...8...9...10
Compacting texture/material tables...
Reduced 777 texinfos to 428
Reduced 59 texdatas to 49 (1828 bytes to 1445)
Writing d:\maps\wip\46hawthorne.bsp
MSG_FILEWRITE - Filesystem was asked to write to 'd:\maps\wip\46hawthorne.bsp', but we don't own that location. Allowing...
1 second elapsed



8 threads
reading d:\maps\wip\46hawthorne.bsp
reading d:\maps\wip\46hawthorne.prt
 550 portalclusters
1437 numportals
0...1...2...3...4...5...6...7...8...9...100...1...2...3...4...5...6...7...8...9...10Optimized: 568 visible clusters (0.00%)
Total clusters visible: 61840
Average clusters visible: 112
Building PAS...
Average clusters audible: 444
visdatasize:67574  compressed from 79200
writing d:\maps\wip\46hawthorne.bsp
MSG_FILEWRITE - Filesystem was asked to write to 'd:\maps\wip\46hawthorne.bsp', but we don't own that location. Allowing...
0 seconds elapsed



[Reading texlights from 'lights.rad']
[40 texlights parsed from 'lights.rad']

Loading d:\maps\wip\46hawthorne.bsp
2051 faces
121329 square feet [17471478.00 square inches]
0 Displacements
0 Square Feet [0.00 Square Inches]
2051 patches before subdivision
zero area child patch
11103 patches after subdivision
15 direct lights
0...1...2...3...4...5...6...7...8...9...100...1...2...3...4...5...6...7...8...9...10transfers 719881, max 362
transfer lists:   5.5 megs
0...1...2...3...4...5...6...7...8...9...10	Bounce #1 added RGB(65266, 62254, 53002)
0...1...2...3...4...5...6...7...8...9...10	Bounce #2 added RGB(20965, 18892, 14301)
0...1...2...3...4...5...6...7...8...9...10	Bounce #3 added RGB(7889, 6782, 4799)
0...1...2...3...4...5...6...7...8...9...10	Bounce #4 added RGB(2814, 2318, 1535)
0...1...2...3...4...5...6...7...8...9...10	Bounce #5 added RGB(1045, 826, 518)
0...1...2...3...4...5...6...7...8...9...10	Bounce #6 added RGB(386, 293, 175)
0...1...2...3...4...5...6...7...8...9...10	Bounce #7 added RGB(144, 106, 60)
0...1...2...3...4...5...6...7...8...9...10	Bounce #8 added RGB(54, 38, 21)
0...1...2...3...4...5...6...7...8...9...10	Bounce #9 added RGB(21, 14, 7)
0...1...2...3...4...5...6...7...8...9...10	Bounce #10 added RGB(8, 5, 3)
0...1...2...3...4...5...6...7...8...9...10	Bounce #11 added RGB(3, 2, 1)
0...1...2...3...4...5...6...7...8...9...10	Bounce #12 added RGB(1, 1, 0)
0...1...2...3...4...5...6...7...8...9...10	Bounce #13 added RGB(0, 0, 0)
Build Patch/Sample Hash Table(s).....Done<0.0035 sec>
0...1...2...3...4...5...6...7...8...9...10FinalLightFace Done
0 of 0 (0% of) surface lights went in leaf ambient cubes.
0...1...2...3...4...5...6...7...8...9...10Writing leaf ambient...done
Ready to Finish

Object names       Objects/Maxobjs  Memory / Maxmem  Fullness 
------------       ---------------  ---------------  -------- 
models                   3/1024          144/49152    ( 0.3%) 
brushes                729/8192         8748/98304    ( 8.9%) 
brushsides            4604/81920       36832/655360   ( 5.6%) 
planes                1550/65536       31000/1310720  ( 2.4%) 
vertexes              3687/65536       44244/786432   ( 5.6%) 
nodes                 1200/65536       38400/2097152  ( 1.8%) 
texinfos               428/12288       30816/884736   ( 3.5%) 
texdata                 49/4096         1568/131072   ( 1.2%) 
dispinfos                0/0               0/0        ( 0.0%) 
disp_verts               0/0               0/0        ( 0.0%) 
disp_tris                0/0               0/0        ( 0.0%) 
disp_multiblend          0/0               0/0        ( 0.0%) 
disp_lmsamples           0/0               0/0        ( 0.0%) 
faces                 2051/65536      114856/3670016  ( 3.1%) 
hdr faces                0/65536           0/3670016  ( 0.0%) 
origfaces             1408/65536       78848/3670016  ( 2.1%) 
facebrushes           1143/0            2286/0        ( 0.0%) 
facebrushlists        2051/0            8204/0        ( 0.0%) 
leaves                1204/65536       38528/2097152  ( 1.8%) 
leaffaces             2407/65536        4814/131072   ( 3.7%) 
leafbrushes           1344/65536        2688/131072   ( 2.1%) 
areas                    2/1024           16/8192     ( 0.2%) 
surfedges            15648/512000      62592/2048000  ( 3.1%) 
edges                 9438/256000      37752/1024000  ( 3.7%) 
LDR worldlights         15/8192         1500/819200   ( 0.2%) 
HDR worldlights          0/8192            0/819200   ( 0.0%) 
leafwaterdata            0/32768           0/393216   ( 0.0%) 
waterstrips            198/32768        1980/327680   ( 0.6%) 
waterverts               0/65536           0/786432   ( 0.0%) 
waterindices          3240/65536        6480/131072   ( 4.9%) 
cubemapsamples           0/1024            0/16384    ( 0.0%) 
overlays                 0/1024            0/360448   ( 0.0%) 
LDR lightdata         [variable]      905888/0        ( 0.0%) 
HDR lightdata         [variable]           0/0        ( 0.0%) 
visdata               [variable]       67574/16777216 ( 0.4%) 
entdata               [variable]       51162/393216   (13.0%) 
LDR ambient table     1204/65536        4816/262144   ( 1.8%) 
HDR ambient table     1204/65536        4816/262144   ( 1.8%) 
LDR leaf ambient      3381/65536       94668/1835008  ( 5.2%) 
HDR leaf ambient      1204/65536       33712/1835008  ( 1.8%) 
occluders                0/0               0/0        ( 0.0%) 
occluder polygons        0/0               0/0        ( 0.0%) 
occluder vert ind        0/0               0/0        ( 0.0%) 
detail props          [variable]           1/12       ( 8.3%) 
static props          [variable]           1/11782    ( 0.0%) 
pakfile               [variable]      152300/0        ( 0.0%) 
physics               [variable]      246743/4194304  ( 5.9%) 
physics terrain       [variable]           2/1048576  ( 0.0%) 

Level flags = 7c

Total triangle count: 5894
Writing d:\maps\wip\46hawthorne.bsp
MSG_FILEWRITE - Filesystem was asked to write to 'd:\maps\wip\46hawthorne.bsp', but we don't own that location. Allowing...
3 seconds elapsed
